... logging to /home/pi/.ros/log/7697e0b4-d4ee-11e7-a75e-b827eb05d6b7/roslaunch-raspberrypi-3130.log
Checking log directory for disk usage. This may take awhile.
Press Ctrl-C to interrupt
Done checking log file disk usage. Usage is <1GB.
]2;/home/pi/catkin_ws/src/clever/clever/launch/clever.launch
[1mstarted roslaunch server http://192.168.11.1:36909/[0m

SUMMARY
========

CLEAR PARAMETERS
 * /main_camera/
 * /mavros/
 * /nodelet_manager/

PARAMETERS
 * /main_camera/camera_info_url: file:///home/pi/c...
 * /main_camera/cv_cap_prop_fps: 40
 * /main_camera/frame_id: main_camera_optical
 * /main_camera/image_height: 240
 * /main_camera/image_width: 320
 * /main_camera/rate: 100
 * /mavros/cmd/use_comp_id_system_control: False
 * /mavros/conn/heartbeat_rate: 1.0
 * /mavros/conn/system_time_rate: 1.0
 * /mavros/conn/timeout: 8
 * /mavros/conn/timesync_rate: 10.0
 * /mavros/distance_sensor/hrlv_ez4_pub/field_of_view: 0.0
 * /mavros/distance_sensor/hrlv_ez4_pub/frame_id: hrlv_ez4_sonar
 * /mavros/distance_sensor/hrlv_ez4_pub/id: 0
 * /mavros/distance_sensor/hrlv_ez4_pub/orientation: PITCH_270
 * /mavros/distance_sensor/hrlv_ez4_pub/send_tf: True
 * /mavros/distance_sensor/hrlv_ez4_pub/sensor_position/x: 0.0
 * /mavros/distance_sensor/hrlv_ez4_pub/sensor_position/y: 0.0
 * /mavros/distance_sensor/hrlv_ez4_pub/sensor_position/z: -0.1
 * /mavros/distance_sensor/laser_1_sub/id: 3
 * /mavros/distance_sensor/laser_1_sub/orientation: PITCH_270
 * /mavros/distance_sensor/laser_1_sub/subscriber: True
 * /mavros/distance_sensor/lidarlite_pub/field_of_view: 0.0
 * /mavros/distance_sensor/lidarlite_pub/frame_id: lidarlite_laser
 * /mavros/distance_sensor/lidarlite_pub/id: 1
 * /mavros/distance_sensor/lidarlite_pub/orientation: PITCH_270
 * /mavros/distance_sensor/lidarlite_pub/send_tf: True
 * /mavros/distance_sensor/lidarlite_pub/sensor_position/x: 0.0
 * /mavros/distance_sensor/lidarlite_pub/sensor_position/y: 0.0
 * /mavros/distance_sensor/lidarlite_pub/sensor_position/z: -0.1
 * /mavros/distance_sensor/sonar_1_sub/id: 2
 * /mavros/distance_sensor/sonar_1_sub/orientation: PITCH_270
 * /mavros/distance_sensor/sonar_1_sub/subscriber: True
 * /mavros/fake_gps/eph: 2.0
 * /mavros/fake_gps/epv: 2.0
 * /mavros/fake_gps/fix_type: 3
 * /mavros/fake_gps/geo_origin/alt: 408.0
 * /mavros/fake_gps/geo_origin/lat: 47.3667
 * /mavros/fake_gps/geo_origin/lon: 8.55
 * /mavros/fake_gps/gps_rate: 5.0
 * /mavros/fake_gps/mocap_transform: True
 * /mavros/fake_gps/satellites_visible: 5
 * /mavros/fake_gps/tf/child_frame_id: fix
 * /mavros/fake_gps/tf/frame_id: map
 * /mavros/fake_gps/tf/listen: False
 * /mavros/fake_gps/tf/rate_limit: 10.0
 * /mavros/fake_gps/tf/send: False
 * /mavros/fake_gps/use_mocap: True
 * /mavros/fake_gps/use_vision: False
 * /mavros/fcu_url: /dev/ttyACM0
 * /mavros/gcs_quiet_mode: True
 * /mavros/gcs_url: tcp-l://0.0.0.0:5760
 * /mavros/global_position/child_frame_id: base_link
 * /mavros/global_position/frame_id: map
 * /mavros/global_position/gps_uere: 1.0
 * /mavros/global_position/rot_covariance: 99999.0
 * /mavros/global_position/tf/child_frame_id: base_link
 * /mavros/global_position/tf/frame_id: map
 * /mavros/global_position/tf/global_frame_id: earth
 * /mavros/global_position/tf/send: False
 * /mavros/global_position/use_relative_alt: True
 * /mavros/image/frame_id: px4flow
 * /mavros/imu/angular_velocity_stdev: 0.000349065850399
 * /mavros/imu/frame_id: fcu
 * /mavros/imu/linear_acceleration_stdev: 0.0003
 * /mavros/imu/magnetic_stdev: 0.0
 * /mavros/imu/orientation_stdev: 1.0
 * /mavros/local_position/frame_id: local_origin
 * /mavros/local_position/tf/child_frame_id: fcu
 * /mavros/local_position/tf/frame_id: local_origin
 * /mavros/local_position/tf/send: True
 * /mavros/local_position/tf/send_fcu: False
 * /mavros/mission/pull_after_gcs: True
 * /mavros/mocap/use_pose: True
 * /mavros/mocap/use_tf: False
 * /mavros/odometry/frame_tf/body_frame_orientation: frd
 * /mavros/odometry/frame_tf/local_frame: vision_ned
 * /mavros/plugin_blacklist: ['safety_area', '...
 * /mavros/px4flow/frame_id: px4flow
 * /mavros/px4flo[0m[ INFO] [1511951086.124757062]: FCU URL: /dev/ttyACM0[0m
[0m[ INFO] [1511951086.132852062]: serial0: device: /dev/ttyACM0 @ 57600 bps[0m
[0m[ INFO] [1511951086.137574718]: GCS URL: tcp-l://0.0.0.0:5760[0m
[0m[ INFO] [1511951086.138991020]: tcp1: Bind address: 0.0.0.0:5760[0m
[0m[ INFO] [1511951086.201648520]: Plugin 3dr_radio blacklisted[0m
[0m[ INFO] [1511951086.201778676]: Plugin actuator_control blacklisted[0m
[0m[ INFO] [1511951086.202523885]: Plugin adsb blacklisted[0m
[0m[ INFO] [1511951086.321150187]: Plugin altitude loaded[0m
[0m[ INFO] [1511951086.351070030]: Plugin altitude initialized[0m
[0m[ INFO] [1511951086.351665291]: Plugin cam_imu_sync blacklisted[0m
[0m[ INFO] [1511951086.352525134]: Plugin command loaded[0m
[0m[ INFO] [1511951086.420987478]: Plugin command initialized[0m
[0m[ INFO] [1511951086.459922530]: Plugin debug_value loaded[0m
[0m[ INFO] [1511951086.533614926]: Plugin debug_value initialized[0m
[0m[ INFO] [1511951086.533776332]: Plugin distance_sensor blacklisted[0m
[0m[ INFO] [1511951086.534349561]: Plugin fake_gps blacklisted[0m
[0m[ INFO] [1511951086.535474822]: Plugin ftp loaded[0m
[0m[ INFO] [1511951086.630385447]: Plugin ftp initialized[0m
[0m[ INFO] [1511951086.631718989]: Plugin global_position loaded[0m
[0m[ INFO] [1511951086.892581176]: Plugin global_position initialized[0m
[0m[ INFO] [1511951086.892765186]: Plugin hil blacklisted[0m
[0m[ INFO] [1511951086.894129822]: Plugin home_position loaded[0m
[0m[ INFO] [1511951086.956296645]: Plugin home_position initialized[0m
[0m[ INFO] [1511951086.957489926]: Plugin imu loaded[0m
[0m[ INFO] [1511951087.073500290]: Plugin imu initialized[0m
[0m[ INFO] [1511951087.074715082]: Plugin local_position loaded[0m
[0m[ INFO] [1511951087.154494718]: Plugin local_position initialized[0m
[0m[ INFO] [1511951087.155772322]: Plugin manual_control loaded[0m
[0m[ INFO] [1511951087.202996332]: Plugin manual_control initialized[0m
[0m[ INFO] [1511951087.204057165]: Plugin mocap_pose_estimate loaded[0m
[0m[ INFO] [1511951087.261427113]: Plugin mocap_pose_estimate initialized[0m
[0m[ INFO] [1511951087.262496957]: Plugin obstacle_distance loaded[0m
[0m[ INFO] [1511951087.308959353]: Plugin obstacle_distance initialized[0m
[0m[ INFO] [1511951087.310004561]: Plugin odom loaded[0m
[0m[ INFO] [1511951087.374689665]: Plugin odom initialized[0m
[0m[ INFO] [1511951087.375813103]: Plugin param loaded[0m
[0m[ INFO] [1511951087.405689561]: Plugin param initialized[0m
[0m[ INFO] [1511951087.405837165]: Plugin px4flow blacklisted[0m
[0m[ INFO] [1511951087.406617322]: Plugin rangefinder blacklisted[0m
[0m[ INFO] [1511951087.407512322]: Plugin rc_io loaded[0m
[0m[ INFO] [1511951087.454101540]: Plugin rc_io initialized[0m
[0m[ INFO] [1511951087.454299665]: Plugin safety_area blacklisted[0m
[0m[ INFO] [1511951087.455650915]: Plugin setpoint_accel loaded[0m
[0m[ INFO] [1511951087.502527061]: Plugin setpoint_accel initialized[0m
[0m[ INFO] [1511951087.503694353]: Plugin setpoint_attitude loaded[0m
[0m[ INFO] [1511951087.640063676]: Plugin setpoint_attitude initialized[0m
[0m[ INFO] [1511951087.641227842]: Plugin setpoint_position loaded[0m
[0m[ INFO] [1511951087.859711644]: Plugin setpoint_position initialized[0m
[0m[ INFO] [1511951087.860871592]: Plugin setpoint_raw loaded[0m
[0m[ INFO] [1511951088.005750655]: Plugin setpoint_raw initialized[0m
[0m[ INFO] [1511951088.006874092]: Plugin setpoint_velocity loaded[0m
[0m[ INFO] [1511951088.127268155]: Plugin setpoint_velocity initialized[0m
[0m[ INFO] [1511951088.128610186]: Plugin sys_status loaded[0m
[0m[ INFO] [1511951088.331370030]: Plugin sys_status initialized[0m
[0m[ INFO] [1511951088.332653727]: Plugin sys_time loaded[0m
[0m[ INFO] [1511951088.484525134]: TM: Timesync mode: MAVLINK[0m
[0m[ INFO] [1511951088.502496175]: Plugin sys_time initialized[0m
[0m[ INFO] [1511951088.503479561]: Plugin trajectory loaded[0m
[0m[ INFO] [1511951088.633978050]: Plugin trajectory initialized[0m
[0m[ INFO] [1511951088.634122[INFO] [1511951091.591850]: initializing rps_offboard...
[INFO] [1511951091.876059]: rps_offboard inited
charge: 100%
charge: 100%
charge: 100%
charge: 100%
charge: 100%
charge: 100%
charge: 100%
charge: 100%
charge: 100%
charge: 100%
charge: 100%
charge: 100%
charge: 100%
charge: 100%
-0.659171 -0.008240 0.094432 0.000000 0.000000 0.000000
-0.644345 -0.004292 0.095662 0.004934 0.002322 -0.000895
-0.659166 -0.008237 0.094467 0.005914 0.002446 -0.003976
-0.659166 -0.008237 0.094467 -0.000988 -0.000527 -0.008269
[INFO] [1511951105.104107]: Switch mode to "OFFBOARD"
-0.659165 -0.008238 0.094478 -0.008297 -0.002312 -0.011859
[INFO] [1511951105.128713]: Arming
[INFO] [1511951105.130234]: rps_offboard: navigate
-0.644342 -0.004292 0.095686 -0.009024 -0.000451 -0.013978
-0.654249 -0.007820 0.095946 -0.008570 0.000734 -0.015761
-0.654246 -0.007817 0.095964 -0.013105 -0.001584 -0.018017
-0.654246 -0.007817 0.095964 -0.017744 -0.003234 -0.020801
-0.644343 -0.004295 0.095681 -0.016875 -0.001085 -0.024002
-0.644343 -0.004298 0.095675 -0.016193 0.000286 -0.027058
-0.644347 -0.004297 0.095653 -0.016905 0.000202 -0.029895
-0.644347 -0.004297 0.095653 -0.018971 -0.000597 -0.032629
-0.659170 -0.008246 0.094438 -0.028883 -0.004307 -0.036234
-0.644346 -0.004299 0.095659 -0.035718 -0.005302 -0.039103
-0.644346 -0.004299 0.095659 -0.035641 -0.003123 -0.041081
-0.659211 -0.008259 0.094154 -0.042736 -0.005163 -0.044611
-0.658956 -0.008087 0.095937 -0.049963 -0.007203 -0.047454
-0.649069 -0.008184 0.098405 -0.052694 -0.008035 -0.048037
-0.653109 -0.012441 0.103949 -0.052212 -0.009718 -0.046743
charge: 100%
-0.653109 -0.012441 0.103949 -0.053697 -0.012895 -0.045089
-0.641105 -0.010428 0.114455 -0.049119 -0.012347 -0.037732
-0.649968 -0.005959 0.133766 -0.046085 -0.008926 -0.024630
-0.659644 -0.001363 0.157777 -0.050712 -0.002313 0.003271
-0.663710 0.004275 0.189570 -0.057664 0.003382 0.031284
-0.663710 0.004275 0.189570 -0.063827 0.007077 0.052568
-0.644142 0.008715 0.224446 -0.057549 0.010158 0.079305
-0.646899 0.017301 0.253859 -0.050274 0.014001 0.099374
-0.642407 0.021859 0.267966 -0.044750 0.021030 0.121249
-0.644551 0.021359 0.262808 -0.040843 0.024689 0.127761
-0.644551 0.021359 0.262808 -0.040113 0.023938 0.120249
-0.648233 0.031711 0.297957 -0.042701 0.030094 0.140148
-0.646124 0.036827 0.305938 -0.045194 0.036042 0.157251
-0.646124 0.036827 0.305938 -0.046426 0.039587 0.164089
-0.676540 0.036571 0.314843 -0.062741 0.039025 0.168891
-0.673416 0.032414 0.321916 -0.074655 0.034027 0.174228
-0.659977 0.032896 0.300518 -0.077115 0.031346 0.165694
-0.659977 0.032896 0.300518 -0.071538 0.031388 0.149716
-0.681238 0.033842 0.304008 -0.071110 0.032705 0.145984
-0.681238 0.033842 0.304008 -0.077307 0.034023 0.150025
charge: 100%
-0.685278 0.026820 0.275360 -0.083915 0.028502 0.129806
-0.674199 0.020365 0.257586 -0.082800 0.020692 0.106443
-0.678531 0.010810 0.241917 -0.081079 0.010630 0.086638
-0.668408 0.004254 0.224964 -0.076534 0.002836 0.072349
-0.683443 -0.000044 0.219322 -0.077407 -0.003279 0.062017
-0.679971 -0.005053 0.204906 -0.080049 -0.004866 0.059352
-0.679971 -0.005053 0.204906 -0.080597 -0.006794 0.052183
-0.656679 -0.010419 0.200068 -0.069931 -0.010377 0.047685
-0.651845 -0.013412 0.201725 -0.056724 -0.014366 0.048405
-0.661930 -0.017421 0.201414 -0.052134 -0.018008 0.050506
-0.645200 -0.020266 0.201157 -0.050224 -0.020233 0.051685
-0.642860 -0.019020 0.208509 -0.043806 -0.021386 0.053559
-0.642860 -0.019020 0.208509 -0.039514 -0.020107 0.058901
-0.642479 -0.018786 0.209703 -0.037862 -0.018812 0.061586
-0.632564 -0.023410 0.220086 -0.033586 -0.021704 0.069042
-0.632564 -0.023410 0.220086 -0.030344 -0.024076 0.073070
-0.625514 -0.020093 0.231013 -0.025713 -0.021988 0.081142
-0.633183 -0.019590 0.239192 -0.025719 -0.019637 0.089542
-0.635254 -0.018691 0.243998 -0.028944 -0.018439 0.094772
charge: 100%
-0.628976 -0.015965 0.244031 -0.031707 -0.017148 0.097288
-0.633845 -0.017271 0.248096 -0.031825 -0.015694 0.097284
-0.633845 -0.017271 0.248096 -0.033571 -0.016414 0.098730
-0.631482 -0.017096 0.254062 -0.033372 -0.017037 0.103668
-0.621680 -0.014226 0.235512 -0.031511 -0.016718 0.102197
-0.645625 -0.014313 0.241784 -0.031136 -0.014454 0.089658
-0.645625 -0.014313 0.241784 -0.039356 -0.013577 0.087670
-0.648240 -0.014146 0.235057 -0.046843 -0.013562 0.083977
-0.651457 -0.012298 0.233305 -0.051946 -0.013349 0.082530
-0.651457 -0.012298 0.233305 -0.055302 -0.012235 0.082072
-0.642742 -0.012445 0.224721 -0.051832 -0.011986 0.076046
-0.654836 -0.015389 0.218314 -0.049981 -0.013325 0.070144
-0.655950 -0.016635 0.212772 -0.052642 -0.015735 0.065115
-0.655950 -0.016635 0.212772 -0.055276 -0.017463 0.060445
-0.657329 -0.015484 0.208893 -0.057175 -0.017199 0.058811
-0.646235 -0.019158 0.206715 -0.053691 -0.018389 0.055938
-0.645862 -0.015035 0.207383 -0.048773 -0.017075 0.055582
-0.645791 -0.014547 0.207640 -0.045256 -0.014598 0.056754
-0.645895 -0.014991 0.207447 -0.043493 -0.013730 0.057680
-0.646083 -0.015617 0.208418 -0.043220 -0.014393 0.058022
charge: 100%
-0.646083 -0.015617 0.208418 -0.043878 -0.015508 0.058619
-0.614748 -0.011548 0.204627 -0.034654 -0.013833 0.056722
-0.627435 -0.014332 0.208265 -0.023565 -0.012595 0.055970
-0.627124 -0.010916 0.212730 -0.020570 -0.013139 0.058342
-0.617004 -0.008489 0.212975 -0.019691 -0.010776 0.062973
-0.617004 -0.008489 0.212975 -0.015831 -0.007952 0.064698
-0.612338 -0.006473 0.215010 -0.012136 -0.005942 0.065627
-0.612221 -0.005963 0.215357 -0.009678 -0.004989 0.066038
-0.595816 -0.004335 0.212315 -0.003683 -0.004312 0.064222
-0.596421 -0.004132 0.210615 0.003954 -0.003780 0.061554
-0.596421 -0.004132 0.210615 0.007864 -0.003749 0.059638
-0.596916 -0.003903 0.209213 0.008571 -0.003763 0.058305
-0.613764 -0.007705 0.210915 -0.001653 -0.007038 0.059789
-0.610032 -0.006630 0.198489 -0.009178 -0.007972 0.052915
-0.625728 -0.004344 0.191928 -0.021249 -0.005565 0.041254
-0.621719 -0.003599 0.204556 -0.027234 -0.003251 0.048244
-0.617139 -0.002368 0.218003 -0.027668 -0.002034 0.060946
-0.617139 -0.002368 0.218003 -0.024373 -0.001584 0.071955
-0.623414 -0.011445 0.105412 -0.024069 -0.009495 -0.020813
-0.623744 -0.011496 0.103438 -0.023930 -0.013668 -0.071053
charge: 100%
-0.623744 -0.011496 0.103438 -0.023857 -0.013892 -0.074963
-0.594795 -0.010064 0.020151 -0.008820 -0.011410 -0.126549
-0.577496 -0.001260 -0.001372 0.008643 -0.005833 -0.159361
-0.577496 -0.001260 -0.001372 0.024863 0.000496 -0.170409
-0.540384 0.004898 -0.014562 0.054175 0.007098 -0.174644
-0.529030 0.010610 -0.015469 0.077726 0.012956 -0.170979
-0.513331 0.017268 -0.007629 0.093569 0.016981 -0.162658
-0.466224 0.027479 -0.004355 0.115445 0.024185 -0.153943
-0.442638 0.040482 0.037915 0.148149 0.037441 -0.128232
-0.448182 0.049984 0.060944 0.170317 0.050149 -0.092888
-0.448182 0.049984 0.060944 0.176485 0.056372 -0.073684
-0.407813 0.056696 0.080618 0.196259 0.060687 -0.058712
-0.422885 0.067541 0.109057 0.198138 0.068596 -0.036782
-0.416651 0.074729 0.130645 0.194930 0.074658 -0.019960
-0.416962 0.074410 0.139559 0.191018 0.077947 -0.005596
-0.416962 0.074410 0.139559 0.186722 0.076986 -0.001781
-0.422619 0.074148 0.139850 0.180189 0.074895 -0.005265
-0.437819 0.072861 0.142205 0.167633 0.072626 -0.007419
-0.444142 0.066255 0.128627 0.155675 0.066390 -0.019753
-0.452289 0.061243 0.114039 0.146943 0.061770 -0.031739
charge: 100%
-0.452289 0.061243 0.114039 0.140966 0.058873 -0.041232
-0.497895 0.052745 0.097456 0.114733 0.052108 -0.055430
-0.496086 0.052610 0.106347 0.096694 0.049866 -0.056485
-0.492730 0.053896 0.120379 0.089302 0.050714 -0.046585
-0.492730 0.053896 0.120379 0.091029 0.053248 -0.029166
-0.490172 0.054078 0.130332 0.097327 0.054657 -0.016702
-0.492408 0.055101 0.121151 0.103595 0.055378 -0.017755
-0.572389 -0.040977 -0.051113 0.100551 0.041267 -0.051852
-0.572389 -0.040977 -0.051113 0.058443 -0.037178 -0.196717
-0.575875 -0.070391 -0.099719 0.026029 -0.085510 -0.280937
-0.578987 -0.074937 -0.075427 0.007221 -0.098211 -0.295056
-0.580132 -0.074929 -0.066057 -0.000267 -0.090221 -0.251373
-0.579585 -0.075464 -0.070129 0.000739 -0.078392 -0.212872
-0.579585 -0.075464 -0.070129 0.006663 -0.072569 -0.204439
-0.580334 -0.073467 -0.065930 0.013251 -0.070968 -0.208100
-0.545469 -0.211938 -0.173078 0.000000 0.000000 0.000000
-0.539648 -0.212085 -0.190291 0.001659 -0.006058 -0.012611
-0.523028 -0.257031 -0.191735 0.008653 -0.025251 -0.045311
charge: 100%
-0.523123 -0.254054 -0.195408 0.023258 -0.075327 -0.072362
-0.520801 -0.256231 -0.198741 0.034487 -0.099232 -0.093750
-0.520801 -0.256231 -0.198741 0.042871 -0.108505 -0.111727
-0.515920 -0.271630 -0.190864 0.049526 -0.122752 -0.121353
-0.432332 -0.374267 -0.210293 0.085822 -0.200006 -0.143361
-0.427495 -0.373172 -0.221810 0.129246 -0.269094 -0.171447
-0.427495 -0.373172 -0.221810 0.158182 -0.287482 -0.199664
-0.420811 -0.390090 -0.204835 0.173803 -0.294404 -0.206881
-0.413185 -0.402543 -0.196078 0.181570 -0.308235 -0.205391
-0.409374 -0.402400 -0.204199 0.184179 -0.321299 -0.217559
-0.415112 -0.350744 -0.179604 0.000000 0.000000 0.000000
-0.415461 -0.349995 -0.180257 0.000994 -0.003092 -0.003619
-0.464134 -0.310753 -0.195128 0.002621 -0.014148 -0.022591
charge: 100%
-0.464134 -0.310753 -0.195128 -0.014714 -0.004559 -0.055895
-0.478613 -0.278744 -0.198215 -0.028391 0.007137 -0.082576
-0.477763 -0.279289 -0.199493 -0.033251 0.003662 -0.101195
-0.477763 -0.279289 -0.199493 -0.027788 -0.017309 -0.116229
-0.482935 -0.273883 -0.194470 -0.018046 -0.038862 -0.127226
-0.482935 -0.273883 -0.194470 -0.005871 -0.058023 -0.139790
-0.469243 -0.174265 -0.184153 0.015143 0.010894 -0.146762
-0.500362 -0.135044 -0.172145 0.020103 0.059441 -0.151940
-0.496518 -0.137344 -0.181216 0.021830 0.059698 -0.169214
-0.487743 -0.087194 -0.144240 0.029243 0.057105 -0.170779
-0.474305 -0.067737 -0.122611 0.041437 0.055846 -0.165404
-0.460230 -0.040991 -0.102234 0.061481 0.056095 -0.157401
-0.460230 -0.040991 -0.102234 0.085566 0.060057 -0.154247
-0.466610 -0.022082 -0.085264 0.100900 0.060938 -0.156051
-0.459971 0.001413 -0.057572 0.113967 0.061803 -0.153256
-0.463865 0.023349 -0.026200 0.123993 0.058647 -0.150300
-0.463865 0.023349 -0.026200 0.130315 0.054492 -0.145361
-0.463481 0.023073 -0.032486 0.136456 0.036903 -0.164490
-0.498300 0.060412 0.033784 0.135898 0.029111 -0.166683
charge: 100%
-0.471182 0.062398 0.045935 0.123678 0.053808 -0.119125
-0.482686 0.071341 0.065205 0.123353 0.069512 -0.087567
-0.482686 0.071341 0.065205 0.118541 0.078538 -0.069626
-0.491700 0.073868 0.087556 0.111176 0.079471 -0.054981
-0.514402 0.079738 0.103484 0.101902 0.078374 -0.048221
-0.514402 0.079738 0.103484 0.087514 0.080113 -0.041187
-0.535979 0.082445 0.116694 0.069765 0.082388 -0.032670
-0.550006 0.085691 0.117499 0.050714 0.085722 -0.028264
-0.556084 0.078908 0.113506 0.037935 0.085180 -0.030292
-0.556084 0.078908 0.113506 0.031231 0.079753 -0.035579
-0.592374 0.081021 0.120192 0.012191 0.079008 -0.032641
-0.625742 0.073844 0.107254 -0.011386 0.076230 -0.036480
-0.609520 0.065346 0.092147 -0.028996 0.069397 -0.049454
-0.650134 0.061468 0.090103 -0.038771 0.061528 -0.062779
-0.650134 0.061468 0.090103 -0.055475 0.057844 -0.066293
-0.648993 0.062712 0.097194 -0.062491 0.059744 -0.057601
-0.646512 0.050442 0.051353 -0.062278 0.058545 -0.065221
-0.646512 0.050442 0.051353 -0.057427 0.050561 -0.098032
-0.651351 0.044070 0.036985 -0.054392 0.042508 -0.121703
-0.614142 0.036433 0.013782 -0.045429 0.038055 -0.132446
charge: 100%
-0.614142 0.036433 0.013782 -0.024027 0.033774 -0.143772
-0.595491 0.028990 0.005717 0.000368 0.027567 -0.150140
-0.594798 0.024957 -0.001795 0.015414 0.022667 -0.155411
-0.607862 0.020348 -0.014215 0.017789 0.020389 -0.160151
-0.607862 0.020348 -0.014215 0.009772 0.018627 -0.166729
-0.546850 0.012483 -0.006224 0.032274 0.012690 -0.161184
-0.540286 0.005734 -0.002058 0.054728 0.005758 -0.153270
-0.541216 0.002554 -0.000088 0.068397 -0.000121 -0.147627
-0.511846 -0.012742 -0.001998 0.083625 -0.009410 -0.148106
-0.504907 -0.021261 0.001008 0.097320 -0.017683 -0.150538
-0.504907 -0.021261 0.001008 0.106099 -0.025041 -0.149693
-0.494157 -0.035788 0.005597 0.112046 -0.034326 -0.146173
-0.487678 -0.047019 0.009211 0.115820 -0.043079 -0.142410
-0.487678 -0.047019 0.009211 0.118468 -0.051215 -0.139245
-0.502090 -0.060289 0.014232 0.112384 -0.060309 -0.135747
-0.499714 -0.072201 0.019734 0.104254 -0.068486 -0.132347
-0.515654 -0.081948 0.021563 0.097396 -0.078241 -0.128292
-0.515654 -0.081948 0.021563 0.086221 -0.086352 -0.126468
-0.510037 -0.085660 0.021967 0.081469 -0.088615 -0.126763
-0.509582 -0.084375 0.034137 0.082023 -0.087942 -0.124541
charge: 100%
-0.509582 -0.084375 0.034137 0.084660 -0.085292 -0.115729
-0.523830 -0.093799 0.029985 0.083409 -0.088339 -0.114648
-0.503882 -0.090424 0.026597 0.083844 -0.092786 -0.119612
-0.503112 -0.082724 0.034008 0.091032 -0.089356 -0.121362
-0.514119 -0.081995 0.033087 0.093705 -0.082359 -0.117744
-0.514119 -0.081995 0.033087 0.091144 -0.079501 -0.116128
-0.489691 -0.068079 0.035827 0.100336 -0.069266 -0.113909
-0.490807 -0.059669 0.037992 0.108912 -0.060868 -0.112277
-0.490807 -0.059669 0.037992 0.113437 -0.055469 -0.111101
-0.470688 -0.046758 0.041153 0.124638 -0.046100 -0.108787
-0.456649 -0.035274 0.048069 0.137908 -0.035904 -0.103889
-0.456822 -0.035341 0.046347 0.148327 -0.030315 -0.100922
-0.456822 -0.035341 0.046347 0.152600 -0.031285 -0.101735
-0.457319 -0.035969 0.040608 0.152152 -0.034551 -0.107968
-0.466649 -0.019127 0.054112 0.147166 -0.029995 -0.105874
-0.466649 -0.019127 0.054112 0.139003 -0.018588 -0.096536
-0.460388 -0.012840 0.057505 0.136464 -0.009546 -0.089962
-0.459477 -0.012550 0.064440 0.136394 -0.007945 -0.084517
-0.475446 -0.010965 0.056701 0.135029 -0.010326 -0.087794
charge: 100%
-0.475446 -0.010965 0.056701 0.127932 -0.011011 -0.092813
-0.480264 -0.010747 0.052878 0.120813 -0.011062 -0.097833
-0.504827 -0.009621 0.048021 0.105032 -0.010061 -0.102965
-0.491263 -0.010164 0.037747 0.094261 -0.009496 -0.107113
-0.528075 -0.008384 0.037380 0.088849 -0.009291 -0.114187
-0.528075 -0.008384 0.037380 0.073280 -0.008280 -0.115882
-0.512749 -0.007884 0.032611 0.071971 -0.007595 -0.118228
-0.521836 -0.011377 0.026990 0.072351 -0.009770 -0.122494
-0.521691 -0.011254 0.029713 0.073247 -0.011825 -0.123987
-0.521691 -0.011254 0.029713 0.075109 -0.012199 -0.121760
-0.524134 -0.015731 0.010342 0.075905 -0.014873 -0.133492
-0.530294 -0.010445 0.007109 0.075026 -0.015170 -0.144007
-0.540806 -0.013574 0.001916 0.069892 -0.012221 -0.149387
-0.540805 -0.013729 -0.001196 0.061937 -0.012708 -0.152493
-0.540805 -0.013729 -0.001196 0.056884 -0.013522 -0.153583
-0.585233 -0.010164 -0.013336 0.029820 -0.011856 -0.161866
-0.585233 -0.010164 -0.013336 0.010819 -0.009868 -0.166237
-0.592122 -0.006922 -0.016006 -0.001844 -0.006842 -0.168144
-0.606530 -0.002995 -0.014763 -0.008639 -0.004658 -0.167402
-0.606530 -0.002995 0.000958 -0.015165 -0.001959 -0.165284
charge: 100%
-0.606712 -0.002299 0.000958 -0.016525 -0.000996 -0.150515
-0.556040 -0.011806 -0.006949 -0.004090 -0.004684 -0.147067
-0.556027 -0.011832 -0.007876 0.025879 -0.012246 -0.153750
-0.526223 -0.005607 0.012168 0.047878 -0.014406 -0.157748
-0.526223 -0.005607 0.012168 0.075377 -0.008277 -0.141913
-0.526663 -0.001304 0.013944 0.089691 -0.001203 -0.132468
-0.511971 -0.000014 0.029616 0.096604 0.002007 -0.124985
-0.511971 -0.000014 0.029616 0.100894 0.002225 -0.116457
-0.509638 0.001148 0.044678 0.101138 0.001996 -0.102586
-0.492245 0.003129 0.057605 0.102546 0.002187 -0.094181
-0.492245 0.003129 0.057605 0.108019 0.003207 -0.087530
-0.476624 -0.000821 0.064855 0.122347 0.003370 -0.082056
-0.482352 0.000902 0.072676 0.128449 -0.000113 -0.080599
-0.471256 -0.000084 0.073929 0.128717 -0.000513 -0.075870
-0.458546 -0.000098 0.073941 0.132783 -0.000651 -0.073979
-0.458546 -0.000098 0.073941 0.140647 -0.000378 -0.074525
-0.479666 -0.002914 0.083263 0.137091 -0.001836 -0.069929
-0.474338 -0.005259 0.085850 0.129736 -0.004363 -0.064127
-0.469544 -0.007715 0.093539 0.125879 -0.006478 -0.060813
-0.457720 -0.010074 0.095403 0.127390 -0.008976 -0.054719
charge: 100%
-0.457720 -0.010074 0.095403 0.135282 -0.011130 -0.051980
-0.465833 -0.008647 0.105927 0.138569 -0.010468 -0.046554
-0.474127 -0.009862 0.109900 0.134980 -0.009701 -0.039255
-0.473702 -0.015312 0.107984 0.129807 -0.012535 -0.037657
-0.469870 -0.015178 0.113982 0.126354 -0.016020 -0.039352
-0.469870 -0.015178 0.113982 0.126541 -0.016737 -0.036386
-0.479507 -0.018060 0.115347 0.127018 -0.016363 -0.034970
-0.479507 -0.018060 0.115347 0.122873 -0.018002 -0.033909
-0.494953 -0.018541 0.115737 0.111198 -0.019043 -0.033627
-0.504025 -0.019733 0.117205 0.100014 -0.019798 -0.033066
-0.505235 -0.018897 0.117762 0.091543 -0.020030 -0.032390
-0.522953 -0.017149 0.119575 0.085369 -0.018890 -0.031559
-0.522953 -0.017149 0.119575 0.075378 -0.017019 -0.030141
-0.536500 -0.017943 0.114800 0.065227 -0.016910 -0.032717
-0.541723 -0.017399 0.112005 0.056932 -0.017443 -0.036382
-0.541723 -0.017399 0.112005 0.051549 -0.017478 -0.039313
-0.555424 -0.016148 0.107492 0.044430 -0.016579 -0.042708
-0.555157 -0.015996 0.108886 0.039500 -0.015877 -0.044068
-0.555157 -0.015996 0.108886 0.038312 -0.015655 -0.042441
-0.560509 -0.016912 0.098039 0.037065 -0.016410 -0.048578
charge: 100%
-0.577838 -0.013878 0.099292 0.028562 -0.014842 -0.052819
-0.579532 -0.013803 0.095551 0.020418 -0.013447 -0.055445
-0.572292 -0.013796 0.098818 0.017770 -0.013145 -0.054769
-0.571832 -0.013931 0.101423 0.020271 -0.013433 -0.051546
-0.571832 -0.013931 0.101423 0.023855 -0.013866 -0.047941
-0.563115 -0.012152 0.100988 0.031910 -0.012509 -0.047403
-0.526563 -0.009686 0.099816 0.058410 -0.009663 -0.049180
-0.529233 -0.011706 0.099494 0.075573 -0.010131 -0.050644
-0.531396 -0.012095 0.109101 0.082816 -0.011559 -0.046484
-0.521227 -0.009743 0.110485 0.085053 -0.011535 -0.039521
-0.521227 -0.009743 0.110485 0.086544 -0.010000 -0.036745
-0.510077 -0.009460 0.121789 0.091057 -0.009070 -0.028299
-0.497193 -0.012723 0.124130 0.100904 -0.011801 -0.022774
-0.481559 -0.013842 0.129193 0.115258 -0.014262 -0.018375
-0.469922 -0.017938 0.129532 0.127270 -0.016704 -0.017993
-0.469922 -0.017938 0.129532 0.136594 -0.019068 -0.019252
-0.462530 -0.023099 0.130401 0.143950 -0.023575 -0.019692
-0.442149 -0.028269 0.125113 0.153542 -0.027944 -0.022787
-0.429460 -0.038762 0.122120 0.162915 -0.030945 -0.026020
-0.429460 -0.038762 0.122120 0.173724 -0.039523 -0.029101
charge: 100%
-0.429534 -0.043353 0.117990 0.178732 -0.044563 -0.031657
-0.416387 -0.052631 0.111055 0.180824 -0.048213 -0.034801
-0.416387 -0.052631 0.111055 0.185984 -0.054438 -0.040099
-0.427935 -0.061267 0.111367 0.181590 -0.063133 -0.041046
-0.427485 -0.072425 0.103755 0.176791 -0.070019 -0.043285
-0.427485 -0.072425 0.103755 0.173125 -0.075977 -0.047246
-0.435168 -0.080036 0.099685 0.166796 -0.082399 -0.051487
-0.445607 -0.086798 0.098340 0.159320 -0.087000 -0.053097
-0.449264 -0.090201 0.095653 0.152324 -0.089749 -0.053170
-0.467958 -0.091721 0.096568 0.146474 -0.092015 -0.054585
-0.467958 -0.091721 0.096568 0.134029 -0.093073 -0.054160
-0.468066 -0.091852 0.096081 0.126673 -0.092770 -0.054003
-0.488429 -0.090076 0.096950 0.116884 -0.091109 -0.053402
-0.499541 -0.082855 0.100298 0.107186 -0.089297 -0.052691
-0.499541 -0.082855 0.100298 0.096898 -0.082859 -0.049751
-0.513698 -0.072966 0.107616 0.087253 -0.074923 -0.044505
-0.524795 -0.064590 0.114226 0.079594 -0.069130 -0.040025
-0.524795 -0.064590 0.114226 0.071040 -0.062067 -0.034090
-0.544609 -0.050660 0.117632 0.057250 -0.049828 -0.030218
-0.531201 -0.033515 0.117190 0.052961 -0.036419 -0.030208
charge: 100%
-0.552407 -0.017779 0.125093 0.056142 -0.026453 -0.031412
-0.552407 -0.017779 0.125093 0.049440 -0.013428 -0.025829
-0.560455 -0.005993 0.120710 0.040726 -0.001050 -0.027105
-0.548735 0.013143 0.111768 0.039477 0.010533 -0.033551
-0.549445 0.012635 0.108285 0.043376 0.018904 -0.041991
-0.548909 0.011908 0.111049 0.047327 0.018102 -0.045200
-0.548909 0.011908 0.111049 0.050631 0.013962 -0.041904
-0.550265 0.011971 0.104113 0.052033 0.011306 -0.043219
-0.551253 0.013425 0.098560 0.051655 0.011642 -0.049507
-0.543743 0.095976 0.099776 0.053002 0.056390 -0.052942
-0.523346 0.115765 0.100144 0.056299 0.109567 -0.052365
-0.523346 0.115765 0.100144 0.069424 0.137740 -0.050577
-0.529323 0.121181 0.105505 0.075872 0.138631 -0.045803
-0.519481 0.123999 0.098860 0.082076 0.131202 -0.047697
-0.491867 0.129738 0.094717 0.097728 0.128462 -0.053745
-0.492303 0.135501 0.102430 0.111194 0.129886 -0.055654
-0.492303 0.135501 0.102430 0.117479 0.135143 -0.049650
-0.489330 0.133167 0.106539 0.119597 0.135624 -0.043430
-0.482145 0.124936 0.109745 0.121755 0.128447 -0.038636
-0.474361 0.114066 0.116538 0.125659 0.115989 -0.033159
charge: 100%
-0.471921 0.096262 0.122065 0.128680 0.107461 -0.030104
-0.471921 0.096262 0.122065 0.130840 0.093029 -0.026249
-0.468880 0.073213 0.130020 0.132609 0.073819 -0.020358
-0.477464 0.042298 0.136372 0.132394 0.058387 -0.016056
-0.477464 0.042298 0.136372 0.127517 0.035665 -0.011499
-0.473007 0.011309 0.144396 0.125486 0.009995 -0.005570
-0.470917 -0.005861 0.153927 0.125999 -0.012373 0.003460
-0.470917 -0.005861 0.153927 0.127301 -0.018369 0.007981
-0.483840 -0.041076 0.161243 0.122491 -0.038861 0.012554
-0.482960 -0.036396 0.164961 0.117853 -0.045941 0.017182
-0.483888 -0.094556 0.173156 0.114710 -0.083082 0.023201
-0.488252 -0.114449 0.175959 0.111394 -0.122075 0.027997
-0.498936 -0.140861 0.182329 0.108689 -0.135959 0.029399
-0.498936 -0.140861 0.182329 0.102231 -0.150906 0.033336
-0.498650 -0.159553 0.179366 0.098519 -0.161763 0.032344
-0.510258 -0.182441 0.172162 0.096240 -0.170067 0.028792
-0.510258 -0.182441 0.172162 0.090216 -0.186271 0.021743
-0.516235 -0.194110 0.162307 0.084043 -0.198343 0.012267
-0.523604 -0.198584 0.148981 0.079341 -0.201895 0.005543
-0.523604 -0.198584 0.148981 0.074162 -0.202332 -0.004058
charge: 100%
-0.535168 -0.199951 0.134458 0.067211 -0.201170 -0.015176
-0.531035 -0.192398 0.122206 0.063364 -0.195255 -0.028901
-0.541819 -0.182555 0.109880 0.061870 -0.188695 -0.036915
-0.541819 -0.182555 0.109880 0.057386 -0.180270 -0.044749
-0.553712 -0.166399 0.099384 0.051640 -0.170818 -0.049883
-0.554080 -0.143006 0.087087 0.045130 -0.156275 -0.056992
-0.554006 -0.143563 0.086639 0.041720 -0.137749 -0.066028
-0.556957 -0.099684 0.078715 0.040843 -0.130298 -0.068602
-0.570214 -0.080997 0.078668 0.039735 -0.096883 -0.073233
-0.570214 -0.080997 0.078668 0.032638 -0.070386 -0.073785
-0.571479 -0.051133 0.078084 0.027721 -0.055486 -0.072765
-0.580009 -0.023559 0.083962 0.024251 -0.037485 -0.071136
-0.580009 -0.023559 0.083962 0.018984 -0.015676 -0.066024
-0.577959 0.004102 0.090799 0.017052 0.002037 -0.060605
-0.575831 0.031520 0.098622 0.017688 0.015267 -0.056383
-0.575831 0.031520 0.098622 0.020372 0.037151 -0.049761
-0.574167 0.044428 0.103824 0.023787 0.052929 -0.043807
-0.541343 0.065089 0.107310 0.037770 0.065327 -0.041086
-0.565671 0.085193 0.115198 0.054431 0.073512 -0.040177
charge: 100%
-0.565671 0.085193 0.115198 0.051085 0.088876 -0.034507
-0.527032 0.096490 0.109695 0.048290 0.093902 -0.033471
-0.512046 0.104266 0.120482 0.067941 0.103902 -0.033360
-0.503495 0.108936 0.129105 0.088630 0.111067 -0.025452
-0.499336 0.115662 0.134862 0.104343 0.115556 -0.016352
-0.499336 0.115662 0.134862 0.112768 0.118664 -0.011145
-0.491233 0.117821 0.147833 0.117892 0.119585 -0.002160
-0.459027 0.113596 0.152761 0.126442 0.117380 0.003904
-0.452480 0.111413 0.157138 0.142853 0.112562 0.008299
-0.445788 0.107553 0.161002 0.155760 0.108245 0.011511
-0.445788 0.107553 0.161002 0.163646 0.105518 0.013134
-0.431326 0.101452 0.154711 0.171741 0.101520 0.008108
-0.416852 0.094264 0.152125 0.183214 0.094257 0.001857
-0.414748 0.088415 0.148046 0.190939 0.088593 -0.002190
-0.405956 0.081825 0.140096 0.195834 0.083109 -0.006989
-0.405956 0.081825 0.140096 0.199832 0.078979 -0.012126
-0.396240 0.075977 0.133412 0.205747 0.074274 -0.018261
-0.391311 0.069672 0.127483 0.209910 0.070735 -0.022181
-0.391311 0.069672 0.127483 0.212717 0.067670 -0.024885
-0.378721 0.059330 0.112003 0.216311 0.062964 -0.032915
charge: 100%
-0.377969 0.053494 0.107075 0.221913 0.056157 -0.041879
-0.377969 0.053494 0.107075 0.225167 0.050756 -0.046883
-0.371975 0.047325 0.104780 0.229044 0.045699 -0.048105
-0.371124 0.042016 0.102528 0.231426 0.041958 -0.048050
-0.381940 0.038694 0.104817 0.229294 0.038295 -0.047075
-0.381940 0.038694 0.104817 0.223248 0.036600 -0.045186
-0.388418 0.031657 0.108957 0.214897 0.031093 -0.040898
-0.410654 0.030576 0.118100 0.197979 0.028583 -0.032100
-0.422457 0.023907 0.120577 0.182610 0.025909 -0.027420
-0.449288 0.021417 0.126100 0.162894 0.021333 -0.023803
-0.446949 0.021940 0.134071 0.144701 0.019344 -0.021223
-0.446949 0.021940 0.134071 0.137705 0.020305 -0.014979
-0.479332 0.011005 0.126238 0.119549 0.012082 -0.020128
-0.514323 0.008764 0.132170 0.090966 0.006620 -0.019143
-0.535021 0.001324 0.124481 0.068524 0.002982 -0.020911
-0.565159 -0.000071 0.128562 0.050520 -0.000857 -0.025594
-0.558892 -0.001267 0.121612 0.028372 -0.002333 -0.024737
-0.558892 -0.001267 0.121612 0.021363 -0.002544 -0.028383
-0.603456 -0.005853 0.113672 -0.000247 -0.005552 -0.036073
-0.597340 -0.001465 0.109088 -0.012494 -0.004859 -0.041472
charge: 99%
-0.597340 -0.001465 0.109088 -0.014148 -0.001861 -0.043859
-0.623838 -0.001810 0.105108 -0.024978 -0.000842 -0.046314
-0.648110 -0.000549 0.106378 -0.044182 0.000004 -0.045363
-0.653889 0.003329 0.099676 -0.058103 0.002210 -0.047785
-0.670687 0.006791 0.098929 -0.070270 0.005867 -0.051442
-0.670687 0.006791 0.098929 -0.079693 0.008314 -0.052662
-0.652436 0.015633 0.094559 -0.072040 0.016001 -0.055971
-0.670572 0.022181 0.092997 -0.069073 0.022265 -0.057734
-0.670572 0.022181 0.092997 -0.070200 0.025372 -0.058152
-0.612681 0.034726 0.078154 -0.050914 0.030222 -0.068373
-0.612681 0.034726 0.078154 -0.023297 0.036401 -0.074820
-0.613788 0.034450 0.069068 -0.005850 0.037471 -0.080546
-0.599390 0.043609 0.061367 0.006872 0.041631 -0.088796
-0.573630 0.052123 0.066336 0.022848 0.050255 -0.089775
-0.561135 0.055153 0.068779 0.040209 0.057356 -0.084442
-0.514054 0.057267 0.071690 0.055138 0.059341 -0.079857
-0.497678 0.056534 0.076071 0.085321 0.059268 -0.075891
-0.497678 0.056534 0.076071 0.110566 0.057440 -0.072178
-0.480758 0.053415 0.077812 0.129022 0.054217 -0.070744
-0.469013 0.053256 0.085008 0.142910 0.052156 -0.066206
charge: 99%
-0.438828 0.050104 0.097719 0.152054 0.051422 -0.060575
-0.438828 0.050104 0.097719 0.166984 0.049596 -0.050499
-0.444641 0.045070 0.111873 0.171022 0.045759 -0.038147
-0.434024 0.040951 0.116925 0.172631 0.041014 -0.029366
-0.422924 0.035931 0.121571 0.177171 0.035704 -0.024946
-0.416718 0.028340 0.132047 0.181059 0.032939 -0.024321
-0.416718 0.028340 0.132047 0.185566 0.027144 -0.017454
-0.405042 0.019746 0.139259 0.188111 0.024913 -0.014566
-0.405544 0.012217 0.145293 0.194445 0.016178 -0.007270
-0.412575 0.004006 0.153123 0.197158 0.007876 -0.000685
-0.412575 0.004006 0.153123 0.194194 0.000491 0.005950
-0.414898 -0.004509 0.158597 0.189836 -0.005635 0.010230
-0.411297 -0.006143 0.164621 0.186198 -0.008231 0.011983
-0.415186 -0.013467 0.163433 0.185534 -0.009464 0.015603
-0.423883 -0.018247 0.166739 0.183435 -0.014641 0.015644
-0.423883 -0.018247 0.166739 0.177939 -0.019904 0.017190
-0.429638 -0.022798 0.164446 0.172113 -0.023781 0.015984
-0.429638 -0.022798 0.164446 0.167920 -0.025073 0.014402
-0.442570 -0.027005 0.166854 0.159263 -0.027722 0.015880
-0.452026 -0.029316 0.167462 0.150255 -0.029736 0.017398
charge: 99%
-0.452624 -0.032382 0.164569 0.143643 -0.030801 0.017766
-0.452624 -0.032382 0.164569 0.140874 -0.032937 0.015238
-0.473261 -0.035882 0.165733 0.133812 -0.035366 0.014599
-0.483026 -0.033558 0.165181 0.122821 -0.036014 0.014960
-0.497365 -0.035597 0.163443 0.110583 -0.035068 0.014520
-0.509206 -0.032069 0.159876 0.097093 -0.034602 0.012473
-0.518616 -0.029346 0.162664 0.084170 -0.031560 0.009913
-0.518616 -0.029346 0.162664 0.074053 -0.028486 0.011311
-0.523151 -0.021890 0.160182 0.068154 -0.021899 0.010615
-0.536945 -0.015958 0.159425 0.060341 -0.014713 0.009441
-0.549325 -0.005816 0.157883 0.053557 -0.009069 0.008440
-0.546159 0.000520 0.151660 0.047211 -0.000787 0.005286
-0.561266 0.006200 0.148872 0.043023 0.006257 -0.000268
-0.561266 0.006200 0.148872 0.036493 0.009961 -0.003362
-0.568202 0.017936 0.141961 0.030321 0.017642 -0.008201
-0.562148 0.031122 0.135379 0.027811 0.024669 -0.011962
-0.562148 0.031122 0.135379 0.030537 0.034134 -0.016446
-0.581234 0.044162 0.131409 0.024094 0.046230 -0.020168
-0.548462 0.051578 0.120731 0.035497 0.055773 -0.029295
-0.548957 0.051208 0.118620 0.046852 0.056776 -0.034135
charge: 99%
-0.558414 0.074114 0.114488 0.052943 0.058355 -0.035361
-0.558414 0.074114 0.114488 0.050879 0.073920 -0.036919
-0.529160 0.083682 0.107309 0.063180 0.087635 -0.042666
-0.546834 0.090452 0.116452 0.063242 0.095833 -0.037523
-0.546748 0.089273 0.117756 0.060066 0.094937 -0.032007
-0.534622 0.096075 0.127502 0.059770 0.094182 -0.025847
-0.537835 0.099897 0.139469 0.063135 0.096481 -0.019256
-0.537835 0.099897 0.139469 0.063774 0.100373 -0.008451
-0.526866 0.095564 0.147072 0.066939 0.099401 -0.002142
-0.534245 0.090646 0.154310 0.070095 0.093905 0.004112
-0.529176 0.082630 0.162088 0.070861 0.085241 0.011560
-0.529176 0.082630 0.162088 0.072081 0.079227 0.015869
-0.541376 0.074107 0.171320 0.065469 0.071648 0.023231
-0.535322 0.054631 0.175372 0.061671 0.061882 0.026512
-0.535322 0.054631 0.175372 0.061469 0.050491 0.027768
-0.540712 0.036705 0.175325 0.060008 0.037162 0.026775
-0.534277 0.026126 0.174616 0.061101 0.021996 0.024209
-0.534277 0.026126 0.174616 0.063551 0.018320 0.023716
-0.554968 -0.010123 0.165420 0.058159 0.000983 0.018839
charge: 99%
-0.539452 -0.017526 0.161981 0.053658 -0.020388 0.012140
-0.549349 -0.036829 0.155817 0.054640 -0.030511 0.008136
-0.549349 -0.036829 0.155817 0.051506 -0.042868 0.003736
-0.554473 -0.046125 0.154730 0.047912 -0.048624 0.002814
-0.542667 -0.058476 0.141954 0.045290 -0.051890 0.002169
-0.542667 -0.058476 0.141954 0.050335 -0.060255 -0.007509
-0.563250 -0.066527 0.141205 0.048848 -0.066081 -0.011656
-0.566292 -0.074017 0.136529 0.041250 -0.070927 -0.012282
-0.566292 -0.074017 0.136529 0.034314 -0.076427 -0.014420
-0.561732 -0.074877 0.136303 0.031730 -0.077392 -0.014736
-0.547059 -0.071419 0.133308 0.034112 -0.075885 -0.014723
-0.547059 -0.071419 0.133308 0.044275 -0.071816 -0.016655
-0.544940 -0.072144 0.127871 0.053086 -0.070653 -0.021340
-0.527176 -0.066577 0.127471 0.067252 -0.066893 -0.024179
-0.540468 -0.065267 0.129257 0.069740 -0.063919 -0.022689
-0.507551 -0.057077 0.119995 0.081840 -0.058308 -0.027046
-0.514960 -0.048036 0.132808 0.093334 -0.052465 -0.028160
-0.514960 -0.048036 0.132808 0.095637 -0.045605 -0.019041
-0.490070 -0.037731 0.134456 0.104252 -0.037861 -0.013608
-0.508372 -0.027711 0.150972 0.109050 -0.030476 -0.006955
charge: 99%
-0.508372 -0.027711 0.150972 0.103261 -0.024059 0.003630
-0.506484 -0.016703 0.162216 0.097743 -0.017186 0.012727
-0.508929 -0.009419 0.171535 0.093396 -0.010932 0.019823
-0.507997 -0.002917 0.175602 0.090042 -0.004226 0.026689
-0.507997 -0.002917 0.175602 0.088944 0.000421 0.029429
-0.514165 0.001903 0.175586 0.086468 0.003453 0.028145
-0.496273 0.008018 0.170473 0.087126 0.005568 0.024909
-0.496273 0.008018 0.170473 0.096105 0.009227 0.019916
-0.520261 0.012397 0.174345 0.096608 0.011737 0.020144
-0.528843 0.019984 0.171956 0.086900 0.015718 0.022830
-0.528843 0.019984 0.171956 0.075420 0.021468 0.022709
-0.539875 0.024249 0.166546 0.062634 0.025927 0.018069
-0.518950 0.028899 0.161287 0.064739 0.030335 0.011181
-0.545161 0.030963 0.157187 0.059087 0.032825 0.005498
-0.540215 0.035742 0.151747 0.054064 0.034181 0.002555
-0.540215 0.035742 0.151747 0.053945 0.036669 -0.000208
-0.548263 0.042270 0.140087 0.051700 0.041782 -0.008561
-0.565385 0.047960 0.132645 0.045395 0.046850 -0.016430
-0.565385 0.047960 0.132645 0.036092 0.050378 -0.021178
-0.543234 0.052024 0.117943 0.040910 0.053185 -0.031363
charge: 99%
-0.567770 0.057433 0.116204 0.037148 0.057948 -0.037804
-0.569287 0.061198 0.105657 0.032236 0.061111 -0.041960
-0.569287 0.061198 0.105657 0.028871 0.063049 -0.046964
-0.572310 0.063759 0.092936 0.025967 0.064711 -0.057434
-0.572320 0.063451 0.093085 0.024743 0.064662 -0.061340
-0.561373 0.066190 0.074044 0.026817 0.064698 -0.065745
-0.561373 0.066190 0.074044 0.033499 0.066211 -0.077653
-0.557928 0.061943 0.062204 0.040092 0.063639 -0.089567
-0.541976 0.062432 0.058921 0.053092 0.061825 -0.096389
-0.538498 0.060261 0.054535 0.062761 0.060496 -0.097875
-0.538498 0.060261 0.054535 0.068242 0.059510 -0.097735
-0.522866 0.055077 0.058412 0.077925 0.055253 -0.093097
-0.512728 0.053891 0.065420 0.086525 0.052907 -0.086791
-0.498507 0.050726 0.071842 0.097483 0.050798 -0.078764
-0.522218 0.050198 0.081725 0.099554 0.049254 -0.069774
-0.522218 0.050198 0.081725 0.091093 0.049167 -0.063980
-0.498295 0.045197 0.096080 0.096570 0.045384 -0.051923
-0.516255 0.043938 0.107894 0.090692 0.042820 -0.038479
-0.525072 0.042816 0.127388 0.082790 0.041970 -0.025550
-0.506181 0.040286 0.131728 0.080716 0.040772 -0.014069
charge: 99%
-0.540846 0.039312 0.147625 0.084020 0.039527 -0.010102
-0.537842 0.038766 0.159222 0.069784 0.038638 0.001295
-0.537842 0.038766 0.159222 0.060850 0.038249 0.013162
-0.539964 0.036666 0.163483 0.055186 0.036654 0.018666
-0.552571 0.036713 0.179124 0.050730 0.036068 0.023032
-0.552571 0.036713 0.179124 0.044832 0.036249 0.031528
-0.552915 0.036135 0.182346 0.042155 0.036165 0.035509
-0.557302 0.036533 0.184283 0.040438 0.036303 0.036403
-0.557302 0.036533 0.184283 0.039538 0.036543 0.035743
-0.551924 0.037390 0.183054 0.042948 0.037370 0.033574
-0.540026 0.042554 0.178461 0.050024 0.040393 0.030075
-0.535282 0.040767 0.175268 0.059228 0.042939 0.026060
-0.536621 0.040372 0.171217 0.066629 0.042169 0.023269
-0.536621 0.040372 0.171217 0.069401 0.040725 0.019942
-0.540268 0.038930 0.159694 0.068126 0.039241 0.013443
-0.540268 0.038930 0.159694 0.064675 0.038302 0.007115
-0.535643 0.041458 0.165220 0.062854 0.039553 0.009028
-0.539854 0.037958 0.165558 0.061401 0.039418 0.014514
-0.515206 0.034163 0.158155 0.066379 0.036423 0.013907
-0.515206 0.034163 0.158155 0.078313 0.033313 0.008924
charge: 99%
-0.504442 0.027876 0.150152 0.092648 0.027219 -0.000291
-0.498488 0.024479 0.144770 0.104136 0.022814 -0.007465
-0.506843 0.017017 0.138784 0.107506 0.018442 -0.011890
-0.492944 0.013569 0.136756 0.108299 0.013100 -0.015077
-0.491447 0.005345 0.133015 0.111031 0.007285 -0.017118
-0.491447 0.005345 0.133015 0.112121 0.002530 -0.018466
-0.477410 -0.000298 0.127507 0.119392 -0.002246 -0.022694
-0.494234 -0.009504 0.124265 0.114851 -0.010935 -0.027016
-0.500710 -0.016593 0.119383 0.107868 -0.016933 -0.030377
-0.501533 -0.021276 0.118244 0.100610 -0.022238 -0.033029
-0.500537 -0.020299 0.122557 0.096022 -0.024274 -0.032993
-0.500537 -0.020299 0.122557 0.094717 -0.022399 -0.028552
-0.526779 -0.037142 0.119101 0.094480 -0.021331 -0.026479
-0.512696 -0.041299 0.114274 0.081926 -0.035328 -0.029777
-0.512696 -0.041299 0.114274 0.080432 -0.044981 -0.035760
-0.551640 -0.048769 0.123250 0.059285 -0.052782 -0.030061
-0.572189 -0.053646 0.125283 0.033721 -0.057302 -0.024361
-0.594116 -0.060748 0.129309 0.010178 -0.060894 -0.020201
-0.594116 -0.060748 0.129309 -0.006597 -0.063084 -0.018438
-0.591635 -0.060300 0.140414 -0.010994 -0.062101 -0.009454
charge: 99%
-0.627703 -0.080270 0.127179 -0.020971 -0.072047 -0.013840
-0.650661 -0.087147 0.137422 -0.040293 -0.086854 -0.017163
-0.662382 -0.090875 0.144701 -0.057232 -0.093589 -0.013698
-0.662382 -0.090875 0.144701 -0.071216 -0.095431 -0.005497
-0.697048 -0.094968 0.156328 -0.086730 -0.095377 0.003158
-0.697048 -0.094968 0.156328 -0.103469 -0.095815 0.010114
-0.696592 -0.106381 0.146357 -0.107291 -0.101189 0.004857
-0.696592 -0.106381 0.146357 -0.108316 -0.107596 -0.003103
-0.696715 -0.106933 0.145427 -0.105810 -0.109537 -0.006881
-0.700003 -0.107833 0.137914 -0.103388 -0.109342 -0.011871
-0.699018 -0.107323 0.138312 -0.101009 -0.108086 -0.014276
-0.682559 -0.104227 0.130066 -0.092868 -0.105267 -0.018629
-0.645593 -0.100612 0.123631 -0.080515 -0.102723 -0.022932
-0.640765 -0.096050 0.123614 -0.054490 -0.099174 -0.028171
-0.640765 -0.096050 0.123614 -0.035354 -0.094837 -0.029001
-0.635812 -0.092412 0.117273 -0.024498 -0.091775 -0.031631
-0.616852 -0.085677 0.111408 -0.014347 -0.086775 -0.037335
-0.566324 -0.076190 0.112245 -0.005527 -0.082923 -0.040895
-0.566324 -0.076190 0.112245 0.024360 -0.074958 -0.040089
-0.565001 -0.071691 0.114798 0.043553 -0.070269 -0.036972
charge: 99%
-0.551593 -0.066272 0.116776 0.052694 -0.068259 -0.034258
-0.551593 -0.066272 0.116776 0.060243 -0.064915 -0.032146
-0.519290 -0.053124 0.120738 0.073513 -0.056483 -0.029604
-0.519130 -0.052152 0.124804 0.086310 -0.049771 -0.027599
-0.519130 -0.052152 0.124804 0.091869 -0.048508 -0.024374
-0.515358 -0.049431 0.126764 0.093302 -0.048655 -0.022588
-0.513512 -0.042661 0.129171 0.092815 -0.045527 -0.020898
-0.505821 -0.033058 0.136885 0.091627 -0.040601 -0.019071
-0.499495 -0.028455 0.138041 0.093981 -0.031584 -0.012778
-0.499495 -0.028455 0.138041 0.098832 -0.025238 -0.009721
-0.505925 -0.020726 0.140959 0.099108 -0.019513 -0.007926
-0.511592 -0.013108 0.144834 0.094926 -0.012222 -0.005001
-0.508742 0.000053 0.146437 0.090887 -0.006197 -0.003309
-0.508742 0.000053 0.146437 0.089459 0.002783 -0.002470
-0.522885 0.011619 0.153298 0.082989 0.012393 0.001932
-0.534676 0.022745 0.151266 0.074999 0.019162 0.004421
-0.528125 0.027589 0.146256 0.066289 0.027551 0.001729
-0.553025 0.037180 0.155830 0.063084 0.032693 -0.002700
-0.553025 0.037180 0.155830 0.050160 0.039752 0.003307
-0.546652 0.039884 0.146917 0.045241 0.042741 0.000439
charge: 99%
-0.546236 0.039895 0.148455 0.045146 0.042321 -0.003223
-0.546236 0.039895 0.148455 0.047504 0.040743 -0.003123
-0.589964 0.050652 0.150500 0.025566 0.049054 -0.000374
-0.591248 0.055799 0.146385 0.008816 0.057290 -0.002323
-0.587544 0.056139 0.144505 0.001583 0.059729 -0.005367
-0.642396 0.056081 0.154781 -0.009164 0.058482 -0.003561
-0.642396 0.056081 0.154781 -0.035950 0.056606 0.004330
-0.639821 0.055739 0.165218 -0.050829 0.055338 0.016174
-0.643758 0.045063 0.146884 -0.056776 0.051447 0.013746
-0.666205 0.042536 0.153046 -0.060719 0.043383 0.000547
-0.666205 0.042536 0.153046 -0.069605 0.039392 -0.001244
-0.682292 0.036819 0.142587 -0.081425 0.035426 -0.007385
-0.676732 0.029864 0.129759 -0.088203 0.033137 -0.012713
-0.676732 0.029864 0.129759 -0.087455 0.028653 -0.022258
-0.706194 0.025852 0.135590 -0.098652 0.024680 -0.020015
-0.702411 0.012149 0.125833 -0.107618 0.020338 -0.018010
-0.702411 0.012149 0.125833 -0.110220 0.010690 -0.023245
-0.711958 0.004341 0.120401 -0.114994 0.001285 -0.030400
-0.711202 0.005305 0.124752 -0.116454 0.000382 -0.029483
-0.699880 -0.007626 0.120578 -0.110238 -0.006880 -0.029476
charge: 99%
-0.681878 -0.023122 0.114387 -0.099272 -0.016664 -0.032082
-0.709293 -0.029040 0.118741 -0.090967 -0.029110 -0.034840
-0.709293 -0.029040 0.118741 -0.096968 -0.034794 -0.032788
-0.711497 -0.028494 0.104879 -0.104702 -0.032982 -0.042772
-0.679014 -0.049819 0.114225 -0.093953 -0.046813 -0.040474
-0.678284 -0.049941 0.118433 -0.082929 -0.054349 -0.035100
-0.648404 -0.072413 0.117409 -0.068443 -0.063249 -0.030592
-0.649421 -0.078374 0.119806 -0.049776 -0.078662 -0.029424
-0.649421 -0.078374 0.119806 -0.039725 -0.085209 -0.028980
-0.642978 -0.093207 0.122021 -0.033503 -0.095446 -0.027757
-0.625647 -0.104461 0.131139 -0.028811 -0.102192 -0.024238
-0.625647 -0.104461 0.131139 -0.021847 -0.108351 -0.017860
-0.608008 -0.115873 0.136545 -0.009949 -0.117436 -0.011819
-0.603389 -0.121689 0.142885 -0.001698 -0.121620 -0.008855
-0.600898 -0.128472 0.147220 0.004376 -0.128691 -0.002608
-0.601704 -0.128935 0.143476 0.006370 -0.132109 -0.001399
-0.645408 -0.150321 0.162742 -0.003959 -0.138901 0.001881
-0.645408 -0.150321 0.162742 -0.029590 -0.152635 0.013574
-0.590323 -0.144262 0.156638 -0.016385 -0.150912 0.011955
-0.587402 -0.143149 0.168215 -0.000773 -0.145480 0.017543
charge: 99%
-0.567379 -0.142783 0.151103 0.016125 -0.141975 0.013678
-0.570877 -0.145933 0.147351 0.032487 -0.142639 -0.000349
-0.578505 -0.146237 0.151690 0.037893 -0.145489 -0.005481
-0.578505 -0.146237 0.151690 0.035137 -0.147008 -0.002288
-0.581257 -0.143293 0.152226 0.028665 -0.144839 0.001614
-0.595378 -0.139025 0.158461 0.020686 -0.142144 0.004642
-0.595378 -0.139025 0.158461 0.008556 -0.138276 0.009533
[INFO] [1511951140.242417]: starting to land...
charge: 99%
charge: 99%
charge: 99%
charge: 99%
[INFO] [1511951144.259923]: Disarming
charge: 99%
charge: 99%
charge: 99%
charge: 99%
charge: 99%
charge: 99%
charge: 99%
charge: 99%
charge: 99%
charge: 99%
charge: 99%
charge: 99%
charge: 99%
charge: 99%
charge: 99%
charge: 99%
charge: 99%
charge: 99%
charge: 99%
charge: 99%
charge: 99%
charge: 99%
charge: 99%
charge: 99%
charge: 99%
