... logging to /home/pi/.ros/log/7697e0b4-d4ee-11e7-a75e-b827eb05d6b7/roslaunch-raspberrypi-3976.log
Checking log directory for disk usage. This may take awhile.
Press Ctrl-C to interrupt
Done checking log file disk usage. Usage is <1GB.
]2;/home/pi/catkin_ws/src/clever/clever/launch/clever.launch
[1mstarted roslaunch server http://192.168.11.1:35515/[0m

SUMMARY
========

CLEAR PARAMETERS
 * /main_camera/
 * /mavros/
 * /nodelet_manager/

PARAMETERS
 * /main_camera/camera_info_url: file:///home/pi/c...
 * /main_camera/cv_cap_prop_fps: 40
 * /main_camera/frame_id: main_camera_optical
 * /main_camera/image_height: 240
 * /main_camera/image_width: 320
 * /main_camera/rate: 100
 * /mavros/cmd/use_comp_id_system_control: False
 * /mavros/conn/heartbeat_rate: 1.0
 * /mavros/conn/system_time_rate: 1.0
 * /mavros/conn/timeout: 8
 * /mavros/conn/timesync_rate: 10.0
 * /mavros/distance_sensor/hrlv_ez4_pub/field_of_view: 0.0
 * /mavros/distance_sensor/hrlv_ez4_pub/frame_id: hrlv_ez4_sonar
 * /mavros/distance_sensor/hrlv_ez4_pub/id: 0
 * /mavros/distance_sensor/hrlv_ez4_pub/orientation: PITCH_270
 * /mavros/distance_sensor/hrlv_ez4_pub/send_tf: True
 * /mavros/distance_sensor/hrlv_ez4_pub/sensor_position/x: 0.0
 * /mavros/distance_sensor/hrlv_ez4_pub/sensor_position/y: 0.0
 * /mavros/distance_sensor/hrlv_ez4_pub/sensor_position/z: -0.1
 * /mavros/distance_sensor/laser_1_sub/id: 3
 * /mavros/distance_sensor/laser_1_sub/orientation: PITCH_270
 * /mavros/distance_sensor/laser_1_sub/subscriber: True
 * /mavros/distance_sensor/lidarlite_pub/field_of_view: 0.0
 * /mavros/distance_sensor/lidarlite_pub/frame_id: lidarlite_laser
 * /mavros/distance_sensor/lidarlite_pub/id: 1
 * /mavros/distance_sensor/lidarlite_pub/orientation: PITCH_270
 * /mavros/distance_sensor/lidarlite_pub/send_tf: True
 * /mavros/distance_sensor/lidarlite_pub/sensor_position/x: 0.0
 * /mavros/distance_sensor/lidarlite_pub/sensor_position/y: 0.0
 * /mavros/distance_sensor/lidarlite_pub/sensor_position/z: -0.1
 * /mavros/distance_sensor/sonar_1_sub/id: 2
 * /mavros/distance_sensor/sonar_1_sub/orientation: PITCH_270
 * /mavros/distance_sensor/sonar_1_sub/subscriber: True
 * /mavros/fake_gps/eph: 2.0
 * /mavros/fake_gps/epv: 2.0
 * /mavros/fake_gps/fix_type: 3
 * /mavros/fake_gps/geo_origin/alt: 408.0
 * /mavros/fake_gps/geo_origin/lat: 47.3667
 * /mavros/fake_gps/geo_origin/lon: 8.55
 * /mavros/fake_gps/gps_rate: 5.0
 * /mavros/fake_gps/mocap_transform: True
 * /mavros/fake_gps/satellites_visible: 5
 * /mavros/fake_gps/tf/child_frame_id: fix
 * /mavros/fake_gps/tf/frame_id: map
 * /mavros/fake_gps/tf/listen: False
 * /mavros/fake_gps/tf/rate_limit: 10.0
 * /mavros/fake_gps/tf/send: False
 * /mavros/fake_gps/use_mocap: True
 * /mavros/fake_gps/use_vision: False
 * /mavros/fcu_url: /dev/ttyACM0
 * /mavros/gcs_quiet_mode: True
 * /mavros/gcs_url: tcp-l://0.0.0.0:5760
 * /mavros/global_position/child_frame_id: base_link
 * /mavros/global_position/frame_id: map
 * /mavros/global_position/gps_uere: 1.0
 * /mavros/global_position/rot_covariance: 99999.0
 * /mavros/global_position/tf/child_frame_id: base_link
 * /mavros/global_position/tf/frame_id: map
 * /mavros/global_position/tf/global_frame_id: earth
 * /mavros/global_position/tf/send: False
 * /mavros/global_position/use_relative_alt: True
 * /mavros/image/frame_id: px4flow
 * /mavros/imu/angular_velocity_stdev: 0.000349065850399
 * /mavros/imu/frame_id: fcu
 * /mavros/imu/linear_acceleration_stdev: 0.0003
 * /mavros/imu/magnetic_stdev: 0.0
 * /mavros/imu/orientation_stdev: 1.0
 * /mavros/local_position/frame_id: local_origin
 * /mavros/local_position/tf/child_frame_id: fcu
 * /mavros/local_position/tf/frame_id: local_origin
 * /mavros/local_position/tf/send: True
 * /mavros/local_position/tf/send_fcu: False
 * /mavros/mission/pull_after_gcs: True
 * /mavros/mocap/use_pose: True
 * /mavros/mocap/use_tf: False
 * /mavros/odometry/frame_tf/body_frame_orientation: frd
 * /mavros/odometry/frame_tf/local_frame: vision_ned
 * /mavros/plugin_blacklist: ['safety_area', '...
 * /mavros/px4flow/frame_id: px4flow
 * /mavros/px4flo[0m[ INFO] [1511951267.841583346]: FCU URL: /dev/ttyACM0[0m
[0m[ INFO] [1511951267.849639388]: serial0: device: /dev/ttyACM0 @ 57600 bps[0m
[0m[ INFO] [1511951267.863290326]: GCS URL: tcp-l://0.0.0.0:5760[0m
[0m[ INFO] [1511951267.864915638]: tcp1: Bind address: 0.0.0.0:5760[0m
[0m[ INFO] [1511951267.912941159]: Plugin 3dr_radio blacklisted[0m
[0m[ INFO] [1511951267.913160117]: Plugin actuator_control blacklisted[0m
[0m[ INFO] [1511951267.913237305]: Plugin adsb blacklisted[0m
[0m[ INFO] [1511951268.019352826]: Plugin altitude loaded[0m
[0m[ INFO] [1511951268.030386367]: Plugin altitude initialized[0m
[0m[ INFO] [1511951268.030552461]: Plugin cam_imu_sync blacklisted[0m
[0m[ INFO] [1511951268.031773867]: Plugin command loaded[0m
[0m[ INFO] [1511951268.088113711]: Plugin command initialized[0m
[0m[ INFO] [1511951268.124662096]: Plugin debug_value loaded[0m
[0m[ INFO] [1511951268.224872461]: Plugin debug_value initialized[0m
[0m[ INFO] [1511951268.225024232]: Plugin distance_sensor blacklisted[0m
[0m[ INFO] [1511951268.225098919]: Plugin fake_gps blacklisted[0m
[0m[ INFO] [1511951268.225820482]: Plugin ftp loaded[0m
[0m[ INFO] [1511951268.300327513]: Plugin ftp initialized[0m
[0m[ INFO] [1511951268.301082096]: Plugin global_position loaded[0m
[0m[ INFO] [1511951268.521064127]: Plugin global_position initialized[0m
[0m[ INFO] [1511951268.521214336]: Plugin hil blacklisted[0m
[0m[ INFO] [1511951268.521907409]: Plugin home_position loaded[0m
[0m[ INFO] [1511951268.558134596]: Plugin home_position initialized[0m
[0m[ INFO] [1511951268.558911419]: Plugin imu loaded[0m
[0m[ INFO] [1511951268.667846940]: Plugin imu initialized[0m
[0m[ INFO] [1511951268.668565482]: Plugin local_position loaded[0m
[0m[ INFO] [1511951268.742697877]: Plugin local_position initialized[0m
[0m[ INFO] [1511951268.743450742]: Plugin manual_control loaded[0m
[0m[ INFO] [1511951268.805604544]: Plugin manual_control initialized[0m
[0m[ INFO] [1511951268.806200794]: Plugin mocap_pose_estimate loaded[0m
[0m[ INFO] [1511951268.883295794]: Plugin mocap_pose_estimate initialized[0m
[0m[ INFO] [1511951268.883922096]: Plugin obstacle_distance loaded[0m
[0m[ INFO] [1511951268.909697565]: Plugin obstacle_distance initialized[0m
[0m[ INFO] [1511951268.910349075]: Plugin odom loaded[0m
[0m[ INFO] [1511951268.959058971]: Plugin odom initialized[0m
[0m[ INFO] [1511951268.959851054]: Plugin param loaded[0m
[0m[ INFO] [1511951268.988875273]: Plugin param initialized[0m
[0m[ INFO] [1511951268.989026106]: Plugin px4flow blacklisted[0m
[0m[ INFO] [1511951268.989106471]: Plugin rangefinder blacklisted[0m
[0m[ INFO] [1511951268.989726992]: Plugin rc_io loaded[0m
[0m[ INFO] [1511951269.034776263]: Plugin rc_io initialized[0m
[0m[ INFO] [1511951269.034939596]: Plugin safety_area blacklisted[0m
[0m[ INFO] [1511951269.035602773]: Plugin setpoint_accel loaded[0m
[0m[ INFO] [1511951269.082636159]: Plugin setpoint_accel initialized[0m
[0m[ INFO] [1511951269.083531836]: Plugin setpoint_attitude loaded[0m
[0m[ INFO] [1511951269.202662617]: Plugin setpoint_attitude initialized[0m
[0m[ INFO] [1511951269.203488033]: Plugin setpoint_position loaded[0m
[0m[ INFO] [1511951269.373652356]: Plugin setpoint_position initialized[0m
[0m[ INFO] [1511951269.374386992]: Plugin setpoint_raw loaded[0m
[0m[ INFO] [1511951269.477055013]: Plugin setpoint_raw initialized[0m
[0m[ INFO] [1511951269.477759440]: Plugin setpoint_velocity loaded[0m
[0m[ INFO] [1511951269.558673554]: Plugin setpoint_velocity initialized[0m
[0m[ INFO] [1511951269.559482773]: Plugin sys_status loaded[0m
[0m[ INFO] [1511951269.649900065]: Plugin sys_status initialized[0m
[0m[ INFO] [1511951269.650640065]: Plugin sys_time loaded[0m
[0m[ INFO] [1511951269.766424440]: TM: Timesync mode: MAVLINK[0m
[0m[ INFO] [1511951269.787186679]: Plugin sys_time initialized[0m
[0m[ INFO] [1511951269.787769492]: Plugin trajectory loaded[0m
[0m[ INFO] [1511951269.895953398]: Plugin trajectory initialized[0m
[0m[ INFO] [1511951269.896105[INFO] [1511951273.738177]: initializing rps_offboard...
[INFO] [1511951274.021229]: rps_offboard inited
charge: 99%
charge: 99%
charge: 99%
charge: 99%
charge: 99%
charge: 99%
charge: 99%
charge: 99%
charge: 99%
charge: 99%
charge: 99%
charge: 99%
charge: 99%
charge: 99%
charge: 99%
charge: 99%
charge: 99%
charge: 99%
charge: 99%
charge: 99%
charge: 99%
charge: 99%
charge: 99%
charge: 99%
-0.538858 -0.052299 0.082440 0.000000 0.000000 0.000000
-0.538858 -0.052299 0.082439 0.001581 -0.002101 -0.002715
-0.538858 -0.052299 0.082442 0.004513 -0.005352 -0.006914
-0.538857 -0.052298 0.082450 0.008213 -0.008640 -0.011156
[INFO] [1511951297.465350]: Switch mode to "OFFBOARD"
-0.523809 -0.050462 0.080631 0.014856 -0.011000 -0.015440
[INFO] [1511951297.500850]: Arming
[INFO] [1511951297.503263]: rps_offboard: navigate
-0.523809 -0.050462 0.080631 0.026771 -0.012225 -0.020153
-0.532894 -0.051152 0.081840 0.031420 -0.014806 -0.022893
-0.550335 -0.052233 0.085466 0.030173 -0.018128 -0.024379
-0.550335 -0.052233 0.085466 0.021944 -0.021823 -0.024711
-0.538855 -0.052299 0.082458 0.022092 -0.024820 -0.029442
-0.538856 -0.052300 0.082452 0.026040 -0.027336 -0.034745
-0.538856 -0.052300 0.082452 0.031071 -0.029734 -0.038907
-0.538854 -0.052299 0.082464 0.036167 -0.032217 -0.042187
-0.532894 -0.051153 0.081843 0.043682 -0.033928 -0.045687
-0.532891 -0.051146 0.081865 0.050278 -0.036036 -0.049109
-0.532891 -0.051146 0.081865 0.055144 -0.038644 -0.052434
-0.533142 -0.047909 0.081625 0.058459 -0.038835 -0.055953
charge: 99%
-0.533142 -0.047909 0.081625 0.060917 -0.040166 -0.059416
-0.532525 -0.051636 0.083916 0.063395 -0.045773 -0.060959
-0.537482 -0.055236 0.079354 0.063340 -0.053378 -0.066970
-0.532733 -0.056515 0.093908 0.066254 -0.059009 -0.060604
-0.532666 -0.056387 0.094364 0.068395 -0.059599 -0.054912
-0.532808 -0.055645 0.094005 0.069243 -0.057586 -0.053430
-0.532808 -0.055645 0.094005 0.069135 -0.055582 -0.054478
-0.528427 -0.038361 0.161007 0.070591 -0.042280 -0.006820
-0.556488 -0.030896 0.198825 0.065255 -0.031056 0.040307
-0.556488 -0.030896 0.198825 0.051216 -0.025446 0.069784
-0.562374 -0.018876 0.233696 0.038493 -0.016988 0.096017
-0.584545 -0.010784 0.264132 0.025233 -0.011108 0.112687
-0.592361 -0.006757 0.276617 0.009896 -0.005924 0.129453
-0.592361 -0.006757 0.276617 -0.000654 -0.003696 0.136457
-0.586994 -0.007988 0.287800 -0.001995 -0.005505 0.140457
-0.599006 0.005864 0.272402 -0.001075 -0.002341 0.135498
-0.599006 0.005864 0.272402 -0.002321 0.006400 0.122921
-0.598520 0.010242 0.273339 -0.001947 0.011708 0.118639
-0.643608 0.018122 0.261161 -0.019204 0.018493 0.112066
-0.645466 0.015856 0.256683 -0.040269 0.019973 0.104790
charge: 99%
-0.663372 0.023841 0.243799 -0.060576 0.023081 0.094501
-0.681127 0.023356 0.229692 -0.075700 0.025416 0.086926
-0.681127 0.023356 0.229692 -0.090046 0.024913 0.076290
-0.674015 0.025219 0.249611 -0.092571 0.025029 0.087468
-0.691940 0.016513 0.197453 -0.089936 0.024078 0.092943
-0.691940 0.016513 0.197453 -0.093760 0.017021 0.054570
-0.691934 0.017788 0.197363 -0.095353 0.015123 0.036552
-0.681701 0.013908 0.171995 -0.091128 0.013575 0.019922
-0.668791 0.010332 0.165623 -0.083785 0.012095 0.011232
-0.668791 0.010332 0.165623 -0.072587 0.009634 0.009117
-0.656631 0.010645 0.162067 -0.061198 0.009341 0.010171
-0.641204 0.007707 0.168191 -0.049916 0.009321 0.012688
-0.641204 0.007707 0.168191 -0.037835 0.007662 0.018294
-0.613126 0.007486 0.167728 -0.018389 0.006924 0.019887
-0.597922 0.003897 0.176579 0.002414 0.004224 0.025955
-0.603998 0.008773 0.196482 0.011729 0.006244 0.042739
-0.606564 0.008707 0.188416 0.011664 0.008872 0.050340
-0.606564 0.008707 0.188416 0.006222 0.009702 0.044210
-0.573672 0.008607 0.222534 0.016000 0.009336 0.064784
-0.630260 0.016180 0.249266 0.015534 0.011010 0.086465
charge: 99%
-0.572007 0.008438 0.234237 -0.000673 0.014455 0.104112
-0.571639 0.008654 0.235126 0.011916 0.010373 0.095446
-0.558696 0.009942 0.233221 0.025140 0.008261 0.085974
-0.558696 0.009942 0.233221 0.039670 0.008802 0.080501
-0.559460 0.007759 0.225828 0.047631 0.007993 0.074468
-0.562984 0.005236 0.217506 0.048406 0.005605 0.066634
-0.570964 0.008567 0.213921 0.044144 0.005337 0.062686
-0.570964 0.008567 0.213921 0.036052 0.007899 0.061188
-0.567923 0.004848 0.200298 0.031361 0.006223 0.051315
-0.575450 0.005421 0.203696 0.027309 0.004902 0.048014
-0.574050 -0.000985 0.191066 0.023267 0.002349 0.045930
-0.596382 -0.002544 0.185503 0.019376 -0.002123 0.038684
-0.596382 -0.002544 0.185503 0.007500 -0.004363 0.032825
-0.599649 -0.003004 0.182244 -0.001592 -0.004447 0.029801
-0.594442 -0.003281 0.174659 -0.005247 -0.003733 0.027739
-0.594442 -0.003281 0.174659 -0.003215 -0.003273 0.023468
-0.605454 -0.007871 0.174567 -0.005182 -0.006636 0.022568
-0.605778 -0.008364 0.173418 -0.007021 -0.009194 0.022537
-0.634931 -0.003893 0.183036 -0.012927 -0.008325 0.025829
-0.634931 -0.003893 0.183036 -0.028422 -0.004389 0.033435
charge: 99%
-0.634843 -0.006808 0.183017 -0.038540 -0.004585 0.035914
-0.605602 -0.002002 0.181899 -0.036098 -0.004399 0.034657
-0.622811 -0.001228 0.186051 -0.024165 -0.001729 0.033585
-0.632504 -0.000678 0.190721 -0.021699 -0.000247 0.036061
-0.632504 -0.000678 0.190721 -0.025914 0.000178 0.040948
-0.619108 0.001658 0.181817 -0.025994 0.000951 0.038278
-0.603420 0.007849 0.187645 -0.017418 0.005025 0.034798
-0.604214 0.009280 0.188361 -0.006567 0.009350 0.036295
-0.619559 0.014620 0.195781 -0.001182 0.011776 0.038983
-0.620307 0.017360 0.193564 -0.007410 0.015890 0.045832
-0.620307 0.017360 0.193564 -0.014440 0.018987 0.046339
-0.622390 0.019838 0.197261 -0.020496 0.020441 0.046829
-0.603022 0.023585 0.194605 -0.018865 0.022795 0.046554
-0.622905 0.023527 0.194561 -0.012450 0.024736 0.044846
-0.622905 0.023527 0.194561 -0.016979 0.024703 0.044054
-0.602753 0.025110 0.192223 -0.009549 0.025378 0.042031
-0.597695 0.023469 0.187676 -0.002062 0.024599 0.039029
-0.598530 0.023931 0.184936 0.003852 0.023445 0.036176
-0.599242 0.024157 0.182586 0.006161 0.023464 0.033453
charge: 99%
-0.599242 0.024157 0.182586 0.005784 0.023940 0.031335
-0.582837 0.026148 0.176956 0.013580 0.025974 0.026406
-0.580573 0.028651 0.183547 0.019569 0.028230 0.028713
-0.579747 0.028271 0.186195 0.023372 0.029419 0.034813
-0.584326 0.024461 0.179388 0.023364 0.027281 0.034905
-0.585707 0.023705 0.180183 0.020174 0.023838 0.030907
-0.585272 0.023394 0.178403 0.016669 0.022380 0.029093
-0.585272 0.023394 0.178403 0.014374 0.022370 0.027545
-0.566896 0.025139 0.169123 0.023676 0.024491 0.019407
-0.565501 0.026302 0.173557 0.031691 0.026244 0.018654
-0.572859 0.016290 0.136393 0.036776 0.026587 0.020104
-0.572859 0.016290 0.136393 0.034846 0.017879 -0.009497
-0.571707 0.010262 0.105348 0.032090 0.010918 -0.037480
-0.572448 0.011028 0.101164 0.029507 0.007442 -0.059419
-0.572159 0.011948 0.102683 0.027605 0.009017 -0.060637
-0.565613 0.005053 0.040028 0.027446 0.010036 -0.065515
-0.556727 0.004595 0.025884 0.031900 0.005654 -0.111899
-0.556727 0.004595 0.025884 0.039562 0.003345 -0.139255
-0.541855 0.006857 0.015414 0.051203 0.004818 -0.147379
-0.546981 0.008924 0.004294 0.058349 0.008179 -0.151369
charge: 99%
-0.537722 0.015580 0.001344 0.064188 0.014345 -0.152370
-0.496318 0.023574 0.015280 0.073946 0.019967 -0.147401
-0.474722 0.032139 0.025152 0.099482 0.027716 -0.132862
-0.474722 0.032139 0.025152 0.125610 0.035236 -0.120465
-0.464791 0.040246 0.046104 0.144334 0.042026 -0.103304
-0.462818 0.045670 0.055763 0.153601 0.047740 -0.089328
-0.438384 0.051551 0.065406 0.163749 0.052642 -0.080464
-0.428021 0.059564 0.076872 0.173019 0.056461 -0.075699
-0.428021 0.059564 0.076872 0.180223 0.061568 -0.069744
-0.424687 0.066059 0.088075 0.183222 0.066186 -0.062760
-0.429009 0.073674 0.094481 0.182871 0.069323 -0.057750
-0.429009 0.073674 0.094481 0.178327 0.075054 -0.052922
-0.432699 0.077272 0.094779 0.172606 0.078342 -0.052552
-0.432699 0.077272 0.094779 0.167609 0.079391 -0.053952
-0.439054 0.077915 0.087928 0.162568 0.078883 -0.059099
-0.450180 0.080800 0.067553 0.155928 0.079346 -0.071603
-0.449875 0.079696 0.048050 0.148624 0.080619 -0.092322
-0.475206 0.078089 0.032312 0.141332 0.079884 -0.113736
-0.475206 0.078089 0.032312 0.127011 0.078179 -0.127491
-0.461459 0.070209 0.007429 0.124255 0.072378 -0.142865
charge: 99%
-0.465467 0.065815 -0.011094 0.127528 0.067529 -0.153606
-0.465467 0.065815 -0.011094 0.130112 0.063641 -0.166672
-0.457425 0.049458 -0.032770 0.136200 0.052215 -0.183061
-0.455666 0.041667 -0.040983 0.142576 0.039964 -0.196040
-0.454870 0.033193 -0.051352 0.146985 0.030575 -0.204916
-0.441811 0.015053 -0.058737 0.150932 0.023222 -0.209097
-0.441811 0.015053 -0.058737 0.158080 0.011448 -0.212143
-0.434617 0.000228 -0.064154 0.164737 0.000295 -0.214537
-0.428245 -0.017308 -0.062811 0.170484 -0.010750 -0.215436
-0.430802 -0.031632 -0.061489 0.174973 -0.026090 -0.213580
-0.430802 -0.031632 -0.061489 0.175278 -0.038269 -0.211366
-0.419785 -0.042432 -0.065224 0.180099 -0.048137 -0.213901
-0.427096 -0.062685 -0.046524 0.178779 -0.065289 -0.199913
-0.428106 -0.078575 -0.045656 0.175887 -0.082462 -0.191899
-0.430117 -0.099621 -0.040176 0.172610 -0.097312 -0.188556
-0.426832 -0.113323 -0.036143 0.170562 -0.112938 -0.185803
-0.426832 -0.113323 -0.036143 0.170768 -0.121506 -0.184211
-0.434864 -0.133057 -0.035086 0.167155 -0.136296 -0.183893
-0.460387 -0.152384 -0.037527 0.156241 -0.150203 -0.185747
-0.476926 -0.165476 -0.036460 0.138743 -0.163970 -0.187473
charge: 99%
-0.485828 -0.172361 -0.045212 0.120063 -0.174625 -0.189856
-0.485828 -0.172361 -0.045212 0.106374 -0.178669 -0.195848
-0.498586 -0.184995 -0.055230 0.094405 -0.186552 -0.205672
-0.528731 -0.197556 -0.069008 0.080424 -0.194961 -0.215926
-0.528731 -0.197556 -0.069008 0.065552 -0.201649 -0.223771
-0.536481 -0.201070 -0.091222 0.054976 -0.204458 -0.241626
-0.533845 -0.202382 -0.103022 0.052391 -0.204501 -0.256746
-0.562202 -0.193080 -0.102112 0.044050 -0.197700 -0.260461
-0.591164 -0.188380 -0.126774 0.022800 -0.188334 -0.272837
-0.593661 -0.178164 -0.140379 0.003836 -0.178694 -0.289944
-0.592590 -0.157496 -0.139639 -0.005818 -0.163552 -0.297870
-0.596394 -0.156046 -0.124223 -0.007611 -0.150881 -0.294193
-0.560830 -0.113192 -0.135913 -0.004529 -0.144715 -0.278138
-0.562403 -0.098963 -0.141562 0.018564 -0.111722 -0.280381
-0.562403 -0.098963 -0.141562 0.035719 -0.088449 -0.289335
-0.560357 -0.062553 -0.143440 0.046383 -0.062568 -0.295081
-0.520765 -0.030036 -0.121476 0.052966 -0.046180 -0.294179
-0.520765 -0.030036 -0.121476 0.074498 -0.022072 -0.274584
-0.497540 0.005821 -0.098025 0.095660 0.002274 -0.252386
-0.486456 0.026095 -0.083496 0.116197 0.030468 -0.229718
charge: 99%
-0.453538 0.048775 -0.066529 0.138597 0.052408 -0.213117
-0.453538 0.048775 -0.066529 0.157637 0.061650 -0.206545
-0.442800 0.074230 -0.033734 0.169709 0.074980 -0.187390
-0.416861 0.094333 -0.009944 0.180749 0.090345 -0.165080
-0.410178 0.111777 0.016736 0.192550 0.104544 -0.145649
-0.397227 0.118691 0.035091 0.200782 0.119110 -0.122634
-0.397227 0.118691 0.035091 0.209377 0.125938 -0.104909
-0.402276 0.125450 0.052678 0.210516 0.127958 -0.094446
-0.407550 0.126746 0.069800 0.206770 0.128274 -0.088233
-0.407550 0.126746 0.069800 0.199467 0.127834 -0.076680
-0.413279 0.119770 0.082116 0.191611 0.123066 -0.067607
-0.412705 0.109521 0.087589 0.185335 0.117420 -0.062258
-0.412705 0.109521 0.087589 0.182602 0.107992 -0.058963
-0.428969 0.095685 0.094129 0.174384 0.094893 -0.054795
-0.441580 0.081190 0.093546 0.165972 0.085635 -0.053757
-0.441580 0.081190 0.093546 0.156606 0.076415 -0.055107
-0.450354 0.061253 0.091984 0.147692 0.060622 -0.057584
-0.449238 0.063190 0.096042 0.143451 0.055678 -0.055847
-0.482984 0.037913 0.090698 0.133177 0.046301 -0.056395
-0.491217 0.026656 0.084003 0.115211 0.027762 -0.062737
charge: 99%
-0.493126 0.008173 0.076769 0.102143 0.012369 -0.070456
-0.493126 0.008173 0.076769 0.095899 0.000431 -0.076404
-0.495073 -0.006694 0.070804 0.094464 -0.010696 -0.081244
-0.495468 -0.022027 0.058829 0.096284 -0.018388 -0.086204
-0.495468 -0.022027 0.058829 0.099383 -0.026565 -0.093467
-0.492455 -0.035996 0.047604 0.103913 -0.037543 -0.103333
-0.494828 -0.045746 0.038844 0.106994 -0.044664 -0.109927
-0.494828 -0.045746 0.038844 0.107696 -0.049937 -0.114886
-0.484006 -0.054361 0.027691 0.113566 -0.056865 -0.124186
-0.487024 -0.057479 0.022233 0.116003 -0.060150 -0.130399
-0.504777 -0.061881 0.016943 0.108098 -0.063189 -0.135327
-0.493099 -0.065067 0.011622 0.102001 -0.065065 -0.138209
-0.500816 -0.067215 0.008183 0.100610 -0.067113 -0.141587
-0.500816 -0.067215 0.008183 0.097884 -0.068366 -0.143668
-0.466778 -0.063335 0.002359 0.106816 -0.066269 -0.146127
-0.492618 -0.062734 0.001786 0.114303 -0.062758 -0.149245
-0.473111 -0.055012 -0.004637 0.119938 -0.057352 -0.153202
-0.488639 -0.048356 -0.003123 0.126744 -0.052171 -0.156312
-0.472059 -0.040865 -0.009896 0.123049 -0.045532 -0.155817
-0.472461 -0.032206 -0.008279 0.126923 -0.037960 -0.159779
 charge: 99%
-0.472461 -0.032206 -0.008279 0.129077 -0.029466 -0.159869
-0.478058 -0.021105 -0.013303 0.128184 -0.022690 -0.161383
-0.478058 -0.021105 -0.013303 0.125143 -0.017432 -0.163915
-0.486675 -0.013663 -0.019350 0.117736 -0.011225 -0.169733
-0.477956 -0.004385 -0.025186 0.114610 -0.006816 -0.173871
-0.478445 0.004176 -0.030773 0.116507 -0.000667 -0.178132
-0.478445 0.004176 -0.030773 0.118750 0.006611 -0.182664
-0.468757 0.007352 -0.035605 0.125977 0.010447 -0.187225
-0.472088 0.015408 -0.039429 0.130383 0.014290 -0.190002
-0.472088 0.015408 -0.039429 0.131640 0.017577 -0.191253
-0.465244 0.020559 -0.040684 0.133554 0.020184 -0.191286
-0.471458 0.027111 -0.039138 0.133890 0.025584 -0.190325
-0.462327 0.029758 -0.036062 0.134453 0.030711 -0.187560
-0.463253 0.029370 -0.032968 0.136806 0.032252 -0.183671
-0.463253 0.029370 -0.032968 0.137922 0.031039 -0.181335
-0.470530 0.032491 -0.025086 0.134263 0.032237 -0.174853
-0.452027 0.031698 -0.016002 0.136356 0.032490 -0.168151
-0.451897 0.032281 -0.007244 0.143556 0.032037 -0.162056
-0.458988 0.030392 -0.000261 0.148290 0.031985 -0.153989
-0.458879 0.027327 0.008664 0.146969 0.030368 -0.146581
charge: 99%
-0.458879 0.027327 0.008664 0.144729 0.027150 -0.138373
-0.438198 0.026149 0.021402 0.149263 0.025481 -0.130480
-0.440305 0.021904 0.027032 0.157432 0.023050 -0.121854
-0.449670 0.014672 0.035248 0.161296 0.019697 -0.117229
-0.467060 0.012704 0.041792 0.156453 0.013364 -0.111002
-0.467060 0.012704 0.041792 0.142991 0.010194 -0.105427
-0.433360 0.007415 0.044557 0.147707 0.006879 -0.103155
-0.445215 0.002729 0.051090 0.153855 0.002872 -0.099728
-0.461691 -0.002485 0.055694 0.150568 -0.002041 -0.094688
-0.444294 -0.010652 0.049849 0.144181 -0.005689 -0.092525
-0.444294 -0.010652 0.049849 0.148591 -0.012112 -0.097812
-0.451653 -0.015469 0.056067 0.150491 -0.016086 -0.097817
-0.478961 -0.022863 0.058043 0.145806 -0.019725 -0.094075
-0.478961 -0.022863 0.058043 0.130253 -0.024641 -0.091014
-0.462728 -0.027626 0.054570 0.126432 -0.028650 -0.092875
-0.475733 -0.028203 0.060660 0.126995 -0.030021 -0.094146
-0.479324 -0.031369 0.061632 0.122900 -0.030214 -0.090058
-0.479324 -0.031369 0.061632 0.119186 -0.031753 -0.087354
-0.476306 -0.031181 0.061852 0.118712 -0.031963 -0.086848
charge: 98%
-0.476461 -0.031628 0.060421 0.120100 -0.031643 -0.087690
-0.476461 -0.031628 0.060421 0.121730 -0.031631 -0.089462
-0.476366 -0.031651 0.061152 0.123141 -0.031642 -0.089633
-0.476775 -0.032081 0.057637 0.123936 -0.031840 -0.090713
-0.476889 -0.032157 0.056641 0.124071 -0.032173 -0.093249
-0.494839 -0.020812 0.069771 0.119603 -0.027866 -0.089252
-0.494839 -0.020812 0.069771 0.109908 -0.019895 -0.079875
-0.494888 -0.020903 0.069398 0.103349 -0.017654 -0.077035
-0.487563 -0.011851 0.073469 0.102416 -0.014409 -0.076166
-0.487563 -0.011851 0.073469 0.105746 -0.010192 -0.075375
-0.486664 -0.012618 0.079088 0.109822 -0.010302 -0.071062
-0.499213 -0.003404 0.076205 0.109274 -0.007284 -0.070715
-0.523623 -0.000779 0.081495 0.098192 -0.001196 -0.070590
-0.523623 -0.000779 0.081495 0.082079 0.001719 -0.068334
-0.523698 0.002544 0.082126 0.071762 0.004077 -0.067097
-0.523815 0.002930 0.081298 0.067296 0.004388 -0.067766
-0.522386 0.001702 0.080071 0.067925 0.002711 -0.069529
-0.511897 0.001677 0.070194 0.073709 0.001439 -0.074772
-0.511897 0.001677 0.070194 0.082522 0.001118 -0.081453
-0.502476 0.001550 0.063581 0.092386 0.001256 -0.086917
charge: 98%
-0.526337 0.001116 0.064787 0.099467 0.001441 -0.089334
-0.526337 0.001116 0.064787 0.089532 0.001196 -0.087438
-0.512408 -0.001040 0.064725 0.085610 -0.000345 -0.085488
-0.495812 -0.003947 0.064907 0.091216 -0.003189 -0.084566
-0.491155 -0.006564 0.067236 0.101627 -0.006659 -0.083098
-0.505723 -0.009508 0.071499 0.104593 -0.009843 -0.079664
-0.484067 -0.008160 0.073553 0.102883 -0.011062 -0.076949
-0.484067 -0.008160 0.073553 0.111422 -0.009427 -0.075129
-0.475297 -0.010935 0.075106 0.122254 -0.010513 -0.073899
-0.477201 -0.013624 0.082616 0.128123 -0.012681 -0.069773
-0.479863 -0.016391 0.081933 0.128716 -0.015962 -0.066229
-0.475521 -0.016311 0.088110 0.126676 -0.017769 -0.065520
-0.454970 -0.015443 0.089250 0.128034 -0.017406 -0.061300
-0.474951 -0.018268 0.094254 0.138104 -0.016035 -0.058917
-0.474951 -0.018268 0.094254 0.134308 -0.017639 -0.054814
-0.473285 -0.018321 0.099740 0.130373 -0.018614 -0.050772
-0.473285 -0.018321 0.099740 0.127477 -0.018798 -0.048258
-0.471232 -0.018413 0.104887 0.126366 -0.018631 -0.045831
-0.462299 -0.017343 0.112345 0.129849 -0.017849 -0.039496
-0.461812 -0.017355 0.114329 0.135195 -0.017130 -0.033730
charge: 98%
-0.469454 -0.017880 0.115418 0.136240 -0.017304 -0.032012
-0.484173 -0.018285 0.120222 0.132109 -0.017880 -0.031570
-0.492083 -0.014828 0.125839 0.121363 -0.017905 -0.028371
-0.492083 -0.014828 0.125839 0.109863 -0.015204 -0.023287
-0.500990 -0.009298 0.131267 0.098963 -0.009976 -0.018016
-0.499770 -0.009592 0.129346 0.092578 -0.007352 -0.016449
-0.499770 -0.009592 0.129346 0.091460 -0.007808 -0.018864
-0.498273 -0.007916 0.126626 0.093834 -0.007864 -0.022666
-0.507892 -0.002698 0.124021 0.096478 -0.006986 -0.025077
-0.507892 -0.002698 0.124021 0.094219 -0.002791 -0.027148
-0.529323 0.001378 0.126889 0.083668 0.001425 -0.025332
-0.514063 0.004417 0.120186 0.074222 0.003944 -0.024400
-0.514063 0.004417 0.120186 0.076006 0.005884 -0.028928
-0.531185 0.006102 0.127144 0.071675 0.006945 -0.025993
-0.525794 0.009514 0.124033 0.069195 0.008742 -0.024231
-0.525794 0.009514 0.124033 0.069959 0.010371 -0.025105
-0.549567 0.013501 0.115447 0.061782 0.013049 -0.031524
-0.548583 0.014687 0.110453 0.052437 0.015517 -0.039974
-0.530837 0.015578 0.103443 0.049817 0.016238 -0.044930
-0.530837 0.015578 0.103443 0.057707 0.016320 -0.049335
charge: 98%
-0.552226 0.016136 0.100008 0.055706 0.016298 -0.051653
-0.531926 0.016244 0.093767 0.052598 0.016260 -0.052742
-0.539913 0.016300 0.095538 0.059175 0.016279 -0.056369
-0.539811 0.016177 0.094812 0.061123 0.016293 -0.056232
-0.539811 0.016177 0.094812 0.061961 0.016198 -0.055756
-0.530613 0.022404 0.099432 0.065706 0.020211 -0.052238
-0.522398 0.019573 0.099303 0.073201 0.021643 -0.049593
-0.510340 0.018918 0.098001 0.084703 0.020207 -0.050258
-0.510340 0.018918 0.098001 0.093059 0.018886 -0.051615
-0.520178 0.018664 0.096845 0.091102 0.018210 -0.053336
-0.512015 0.021681 0.102126 0.087575 0.020796 -0.050988
-0.512015 0.021681 0.102126 0.087987 0.022352 -0.047634
-0.516685 0.020541 0.102663 0.086173 0.021726 -0.046202
-0.499498 0.015662 0.103734 0.086617 0.019494 -0.046044
-0.499498 0.015662 0.103734 0.094592 0.015273 -0.045863
-0.499352 0.012568 0.109880 0.100561 0.011849 -0.041784
-0.511064 0.011441 0.116567 0.102092 0.010492 -0.037140
-0.496094 0.010038 0.116492 0.098466 0.010017 -0.031712
-0.498425 0.002182 0.116064 0.101397 0.007948 -0.030929
-0.498425 0.002182 0.116064 0.102456 0.001849 -0.032528
charge: 98%
-0.518613 -0.001154 0.125475 0.093989 -0.002449 -0.027421
-0.497040 -0.012558 0.122925 0.086980 -0.005789 -0.023556
-0.497040 -0.012558 0.122925 0.092798 -0.013819 -0.024881
-0.509549 -0.021312 0.131725 0.092525 -0.022673 -0.019894
-0.497707 -0.032738 0.125256 0.091569 -0.026085 -0.017004
-0.497707 -0.032738 0.125256 0.097338 -0.034381 -0.022315
-0.511086 -0.044193 0.136139 0.095414 -0.040751 -0.021655
-0.511086 -0.044193 0.136139 0.091786 -0.047249 -0.014703
-0.494888 -0.052767 0.135321 0.097425 -0.054666 -0.012372
-0.508921 -0.061800 0.143844 0.100548 -0.059185 -0.010404
-0.512369 -0.065146 0.148055 0.095913 -0.065541 -0.003819
-0.512369 -0.065146 0.148055 0.090483 -0.068301 0.000546
-0.518697 -0.074652 0.150150 0.083669 -0.074727 0.002250
-0.512020 -0.078628 0.154168 0.080221 -0.078672 0.002924
-0.512020 -0.078628 0.154168 0.081882 -0.080961 0.004808
-0.514131 -0.085506 0.156109 0.083369 -0.085685 0.006596
-0.518670 -0.089181 0.153472 0.082634 -0.090325 0.005128
-0.527991 -0.090567 0.157681 0.077020 -0.092640 0.006668
-0.518744 -0.090253 0.153598 0.073837 -0.092229 0.006835
-0.529004 -0.088015 0.157436 0.074282 -0.090184 0.005198
charge: 98%
-0.529855 -0.084227 0.154945 0.071232 -0.086545 0.006063
-0.529855 -0.084227 0.154945 0.069097 -0.083017 0.005150
-0.535264 -0.084680 0.151330 0.065706 -0.082796 0.002062
-0.532445 -0.078199 0.144276 0.064636 -0.078885 -0.005148
-0.522795 -0.067759 0.136304 0.067821 -0.071704 -0.012289
-0.546936 -0.060933 0.138273 0.067150 -0.062044 -0.016180
-0.546936 -0.060933 0.138273 0.058798 -0.056659 -0.014584
-0.528571 -0.050301 0.123796 0.062710 -0.048336 -0.024463
-0.552135 -0.040745 0.122093 0.060481 -0.041719 -0.030111
-0.552135 -0.040745 0.122093 0.052137 -0.037142 -0.031127
-0.523794 -0.026000 0.112844 0.062592 -0.024772 -0.037655
-0.554689 -0.014807 0.111990 0.063646 -0.016177 -0.040074
-0.554689 -0.014807 0.111990 0.053915 -0.010210 -0.039883
-0.535712 -0.004972 0.097370 0.057137 -0.002208 -0.051455
-0.560177 0.004474 0.093134 0.054258 0.003153 -0.058144
-0.558538 0.014486 0.086754 0.044605 0.008108 -0.060894
-0.558538 0.014486 0.086754 0.038997 0.016405 -0.065025
-0.553942 0.020576 0.083946 0.038093 0.021450 -0.066934
-0.561341 0.025597 0.083789 0.038194 0.026105 -0.067611
-0.560832 0.025586 0.087132 0.037461 0.028323 -0.064253
charge: 98%
-0.560728 0.025548 0.087811 0.037555 0.027486 -0.061845
-0.560728 0.025548 0.087811 0.038079 0.026036 -0.061069
-0.526967 0.033061 0.077253 0.057891 0.031778 -0.070654
-0.534019 0.037183 0.080940 0.070803 0.036391 -0.073715
-0.535270 0.036972 0.072313 0.075229 0.039256 -0.072245
-0.516042 0.032564 0.084112 0.075654 0.038440 -0.076060
-0.516042 0.032564 0.084112 0.083421 0.033502 -0.068269
-0.513726 0.032260 0.089564 0.089105 0.030914 -0.059320
-0.520594 0.027688 0.095057 0.089611 0.028785 -0.054373
-0.501559 0.024837 0.102818 0.086539 0.026384 -0.051528
-0.501559 0.024837 0.102818 0.093559 0.023825 -0.045806
-0.501453 0.020130 0.109424 0.098704 0.021238 -0.041385
-0.500815 0.017471 0.112309 0.101629 0.017816 -0.037070
-0.480386 0.014752 0.111303 0.103918 0.015583 -0.035412
-0.480386 0.014752 0.111303 0.114995 0.013563 -0.037025
-0.495602 0.011365 0.118900 0.116447 0.011471 -0.033947
-0.475895 0.011378 0.118903 0.113496 0.010244 -0.030233
-0.478241 0.012996 0.124538 0.120100 0.010557 -0.029128
-0.478241 0.012996 0.124538 0.123451 0.012554 -0.025017
-0.477448 0.015984 0.127420 0.125058 0.014969 -0.022417
charge: 98%
-0.458371 0.017448 0.123712 0.131038 0.017648 -0.022875
-0.460309 0.019359 0.124856 0.139646 0.019574 -0.025185
-0.482658 0.022926 0.126308 0.143328 0.020671 -0.025704
-0.482658 0.022926 0.126308 0.131936 0.023377 -0.024304
-0.479287 0.026588 0.122681 0.122667 0.025510 -0.024857
-0.504873 0.032581 0.123445 0.114689 0.028834 -0.027080
-0.487933 0.033801 0.120771 0.099276 0.033790 -0.027511
-0.487933 0.033801 0.120771 0.099213 0.035909 -0.029415
-0.509664 0.037454 0.117748 0.095541 0.037347 -0.031577
-0.493428 0.038437 0.110213 0.089500 0.038541 -0.033596
-0.493428 0.038437 0.110213 0.095465 0.039179 -0.040047
-0.493428 0.038437 0.110213 0.101659 0.038971 -0.042206
-0.534224 0.042128 0.110560 0.090788 0.040836 -0.041342
-0.514161 0.046900 0.108702 0.083985 0.046554 -0.041362
-0.525440 0.048554 0.107279 0.077772 0.049848 -0.042146
-0.519845 0.054494 0.111773 0.072743 0.051993 -0.041874
-0.520037 0.052386 0.111270 0.073270 0.055232 -0.038656
-0.520037 0.052386 0.111270 0.075286 0.054190 -0.037672
-0.527193 0.053311 0.110785 0.075508 0.053198 -0.038176
-0.534684 0.053630 0.109455 0.071119 0.053249 -0.039809
 charge: 98%
-0.522058 0.054397 0.107045 0.067359 0.053651 -0.041373
-0.515358 0.051605 0.105903 0.071855 0.054155 -0.043605
-0.515358 0.051605 0.105903 0.079553 0.052084 -0.045001
-0.498775 0.045315 0.099893 0.092327 0.046708 -0.049126
-0.502376 0.042844 0.098421 0.101512 0.041791 -0.052675
-0.482517 0.041264 0.097580 0.112690 0.039423 -0.053971
-0.476851 0.035971 0.100124 0.122970 0.038413 -0.053118
-0.476851 0.035971 0.100124 0.130022 0.035292 -0.050268
-0.466494 0.027884 0.108441 0.131366 0.030674 -0.046888
-0.466494 0.027884 0.108441 0.136207 0.026143 -0.040698
-0.463701 0.025139 0.117097 0.139417 0.023541 -0.032666
-0.460139 0.019389 0.120774 0.142263 0.018941 -0.026487
-0.460406 0.012283 0.129131 0.143291 0.014808 -0.022820
-0.460406 0.012283 0.129131 0.142814 0.010320 -0.018570
-0.457534 0.006872 0.137977 0.143030 0.005917 -0.011942
-0.455117 -0.000249 0.142797 0.143830 0.001409 -0.006881
-0.453531 -0.002757 0.148464 0.145301 -0.003368 -0.002415
-0.453531 -0.002757 0.148464 0.146737 -0.005256 0.000914
-0.447922 -0.008220 0.151253 0.150199 -0.008652 0.002804
charge: 98%
-0.460237 -0.008479 0.161686 0.150286 -0.009997 0.006300
-0.460237 -0.008479 0.161686 0.145001 -0.009640 0.012956
-0.452010 -0.014287 0.158897 0.144771 -0.013285 0.012453
-0.469914 -0.016472 0.162499 0.137603 -0.017089 0.012657
-0.460445 -0.016731 0.161873 0.133884 -0.018392 0.012538
-0.465916 -0.016831 0.160280 0.134427 -0.017921 0.011937
-0.465916 -0.016831 0.160280 0.133042 -0.017137 0.010305
-0.467461 -0.016060 0.153259 0.131766 -0.016056 0.004064
-0.474435 -0.017276 0.150792 0.129366 -0.016174 0.000024
-0.474435 -0.017276 0.150792 0.125825 -0.017091 -0.001430
-0.472866 -0.015055 0.142779 0.124682 -0.015668 -0.007359
-0.477137 -0.013409 0.134480 0.122417 -0.013376 -0.016503
-0.494968 -0.013452 0.126175 0.115449 -0.012567 -0.023717
-0.494968 -0.013452 0.126175 0.106309 -0.012805 -0.027655
-0.495700 -0.013748 0.113088 0.100602 -0.013520 -0.037780
-0.510497 -0.011056 0.110689 0.090049 -0.011569 -0.043224
-0.517117 -0.009531 0.106934 0.080569 -0.009289 -0.046016
-0.532369 -0.011910 0.096491 0.070539 -0.009940 -0.051286
-0.532369 -0.011910 0.096491 0.062342 -0.011666 -0.055939
-0.531823 -0.012022 0.099439 0.059585 -0.012522 -0.053703
charge: 98%
-0.565683 -0.007591 0.090261 0.059361 -0.012314 -0.051455
-0.565683 -0.007591 0.090261 0.042751 -0.008234 -0.058063
-0.584469 -0.007689 0.081512 0.024850 -0.006447 -0.066397
-0.565417 -0.004043 0.078066 0.015850 -0.004797 -0.073494
-0.576479 -0.001156 0.077781 0.015085 -0.001497 -0.075869
-0.575726 0.002287 0.082101 0.015703 0.001947 -0.072528
-0.604512 0.002431 0.078701 0.017572 0.003977 -0.068035
-0.604512 0.002431 0.078701 0.004361 0.003833 -0.069285
-0.579429 0.006181 0.076758 0.008446 0.006098 -0.072549
-0.588261 0.011966 0.086364 0.010685 0.010798 -0.067901
-0.574169 0.012267 0.085110 0.016693 0.013967 -0.063469
-0.555429 0.019978 0.089527 0.026227 0.015670 -0.061994
-0.552053 0.021683 0.093874 0.041164 0.020912 -0.059034
-0.540757 0.028451 0.098067 0.052701 0.024379 -0.054674
-0.540757 0.028451 0.098067 0.063844 0.029836 -0.050371
-0.530259 0.034707 0.104861 0.072681 0.034798 -0.045599
-0.522548 0.045535 0.123737 0.078358 0.038372 -0.040898
-0.522548 0.045535 0.123737 0.083342 0.046778 -0.025526
-0.505651 0.050737 0.132271 0.087014 0.050347 -0.018336
-0.505651 0.050737 0.132271 0.094936 0.053096 -0.013368
charge: 98%
-0.517409 0.055459 0.146307 0.093637 0.056139 -0.003908
-0.500178 0.060206 0.148519 0.096277 0.060260 0.002051
-0.512858 0.061727 0.153623 0.095500 0.063137 0.005458
-0.514440 0.065979 0.160521 0.091279 0.064159 0.007255
-0.514302 0.067611 0.158844 0.087056 0.066864 0.011445
-0.511212 0.066611 0.154192 0.084622 0.068612 0.010500
-0.511212 0.066611 0.154192 0.085262 0.067791 0.005195
-0.508427 0.065205 0.151369 0.087607 0.065942 0.000978
-0.508427 0.065205 0.151369 0.090251 0.064673 -0.000650
-0.520952 0.061956 0.146092 0.084913 0.061699 -0.004643
-0.514752 0.054702 0.136758 0.082815 0.056353 -0.011344
-0.525851 0.049052 0.128514 0.082690 0.052290 -0.016422
-0.525851 0.049052 0.128514 0.077129 0.047367 -0.023501
-0.513468 0.038255 0.114207 0.078031 0.039999 -0.033592
-0.513069 0.038712 0.115835 0.082254 0.035140 -0.039780
-0.501580 0.025530 0.102162 0.087598 0.032344 -0.041705
-0.503025 0.019527 0.096428 0.095655 0.021293 -0.052029
-0.510257 0.006465 0.087781 0.099721 0.013962 -0.058482
-0.510257 0.006465 0.087781 0.097277 0.003413 -0.065316
-0.504523 -0.001461 0.085637 0.096132 -0.003412 -0.067250
charge: 98%
-0.485631 -0.008545 0.081458 0.102652 -0.009710 -0.068882
-0.484248 -0.016904 0.082792 0.111833 -0.013101 -0.069715
-0.478618 -0.021256 0.083316 0.118587 -0.019234 -0.068125
-0.474472 -0.022610 0.083921 0.125059 -0.024060 -0.066445
-0.474472 -0.022610 0.083921 0.129739 -0.025273 -0.065477
-0.482433 -0.027603 0.087979 0.127474 -0.027784 -0.062521
-0.487056 -0.030141 0.091535 0.120826 -0.030881 -0.058148
-0.486972 -0.029709 0.093234 0.114928 -0.031392 -0.055402
-0.480332 -0.030165 0.092385 0.112019 -0.030636 -0.055239
-0.479554 -0.029874 0.096431 0.114265 -0.030114 -0.055596
-0.479554 -0.029874 0.096431 0.117299 -0.029720 -0.053614
-0.478290 -0.030252 0.102410 0.120371 -0.029945 -0.048511
-0.478481 -0.030662 0.101386 0.122434 -0.030394 -0.046113
-0.531198 -0.020752 0.106656 0.113835 -0.027863 -0.045373
-0.578865 -0.019790 0.111875 0.079848 -0.020329 -0.041681
-0.578836 -0.019848 0.112015 0.033880 -0.017088 -0.036919
-0.578836 -0.019848 0.112015 0.005512 -0.017566 -0.035809
-0.618899 -0.011378 0.137586 -0.024332 -0.012898 -0.018020
-0.636815 -0.008018 0.136389 -0.044404 -0.008893 -0.006813
-0.636815 -0.008018 0.136389 -0.057521 -0.006141 -0.007088
charge: 98%
-0.633858 -0.007088 0.149577 -0.057785 -0.005582 -0.001402
-0.632170 -0.008092 0.156510 -0.051129 -0.006452 0.003869
-0.632170 -0.008092 0.156510 -0.042078 -0.007970 0.008968
-0.703294 0.019592 0.126669 -0.069410 0.012663 -0.013558
-0.704346 0.019571 0.120682 -0.097264 0.025612 -0.033589
-0.739528 0.046758 0.136216 -0.121680 0.036029 -0.033237
-0.735041 0.053115 0.139053 -0.146278 0.053468 -0.017624
-0.732641 0.052297 0.151476 -0.155184 0.060783 -0.003739
-0.732641 0.052297 0.151476 -0.153510 0.058218 0.007124
-0.728484 0.049225 0.171262 -0.145131 0.051564 0.022138
-0.728194 0.048827 0.172602 -0.135765 0.047322 0.029287
-0.731672 0.052562 0.156000 -0.129358 0.047929 0.022348
-0.731672 0.052562 0.156000 -0.127205 0.051675 0.006678
-0.700936 0.113378 0.127398 0.000000 0.000000 0.000000
-0.702382 0.112797 0.119721 -0.002777 0.004152 -0.003504
-0.701538 0.114109 0.123366 -0.008118 0.011174 -0.009202
-0.701538 0.114109 0.123366 -0.014255 0.019154 -0.009679
-0.609856 0.133990 0.106358 0.029093 0.042501 -0.023705
-0.559866 0.137560 0.096200 0.071492 0.057402 -0.034065
charge: 98%
-0.506072 0.132006 0.079335 0.129004 0.062909 -0.050006
-0.506072 0.132006 0.079335 0.176467 0.062454 -0.062631
-0.458918 0.135519 0.070625 0.220673 0.067448 -0.071462
-0.462872 0.136326 0.033529 0.236651 0.074335 -0.088570
-0.391512 0.141277 0.044979 0.232376 0.081640 -0.111064
-0.391512 0.141277 0.044979 0.255120 0.092017 -0.106675
-0.360507 0.140952 0.050607 0.276258 0.099156 -0.095619
-0.331158 0.136293 0.040733 0.297336 0.102202 -0.093097
-0.303335 0.126756 0.036627 0.318856 0.100512 -0.101233
-0.303335 0.126756 0.036627 0.335720 0.097944 -0.109114
-0.283751 0.123638 0.032111 0.348103 0.099561 -0.115513
-0.257740 0.114764 0.025586 0.355399 0.102407 -0.119954
-0.257740 0.114764 0.025586 0.362537 0.103446 -0.124498
-0.241495 0.104670 0.018356 0.370236 0.099663 -0.131975
-0.229991 0.094534 0.009970 0.372662 0.098616 -0.137995
-0.229991 0.094534 0.009970 0.375229 0.094111 -0.143090
-0.214946 0.080730 -0.000611 0.383799 0.080713 -0.152335
-0.204919 0.070086 -0.006715 0.393977 0.067367 -0.159538
-0.193329 0.053079 -0.018227 0.403893 0.054864 -0.166726
-0.181768 0.033079 -0.027632 0.412049 0.045690 -0.172445
charge: 98%
-0.181768 0.033079 -0.027632 0.421485 0.029452 -0.180146
-0.173887 0.020285 -0.031354 0.428755 0.017953 -0.183698
-0.168398 0.006803 -0.034016 0.435144 0.004847 -0.185782
-0.154578 -0.015413 -0.036493 0.442696 -0.011804 -0.187072
-0.155870 -0.015217 -0.030606 0.449491 -0.023338 -0.187283
-0.155870 -0.015217 -0.030606 0.451387 -0.022631 -0.181799
-0.156570 -0.015333 -0.026730 0.450284 -0.018063 -0.177264
-0.156185 -0.015657 -0.0287