-0.559834 -0.077699 0.088261 -0.000000 -0.000000 -0.000002
-0.559834 -0.077699 0.088261 0.000930 -0.002838 -0.002263
-0.559834 -0.077699 0.088261 0.002784 -0.007587 -0.006038
-0.559834 -0.077699 0.088262 0.005181 -0.012511 -0.009949
[INFO] [1511950755.328097]: Switch mode to "OFFBOARD"
charge: 100%
-0.559834 -0.077698 0.088264 0.007770 -0.016886 -0.013422
[INFO] [1511950755.401131]: Arming
[INFO] [1511950755.406647]: rps_offboard: navigate
-0.559834 -0.077698 0.088264 0.010310 -0.020774 -0.016510
-0.559833 -0.077698 0.088270 0.012682 -0.024486 -0.019454
-0.559836 -0.077698 0.088251 0.014865 -0.028237 -0.022434
-0.559836 -0.077698 0.088251 0.016899 -0.032080 -0.025504
-0.575198 -0.080250 0.090245 0.012992 -0.037541 -0.027393
-0.559835 -0.077696 0.088259 0.013311 -0.041350 -0.030575
-0.559838 -0.077699 0.088235 0.018085 -0.044041 -0.034615
-0.559840 -0.077699 0.088228 0.022805 -0.047350 -0.038173
-0.559840 -0.077699 0.088228 0.026775 -0.051219 -0.041280
-0.559838 -0.077697 0.088239 0.029818 -0.055297 -0.044203
-0.559842 -0.077698 0.088211 0.032080 -0.059338 -0.047176
-0.559841 -0.077705 0.088213 0.033850 -0.063274 -0.050235
-0.575210 -0.080270 0.090148 0.033119 -0.067782 -0.052858
-0.575210 -0.080270 0.090148 0.026354 -0.073614 -0.054476
-0.560135 -0.076862 0.091836 0.028834 -0.075804 -0.055892
-0.574520 -0.080424 0.094256 0.028587 -0.080198 -0.056570
-0.574237 -0.077777 0.098128 0.026641 -0.081715 -0.055186
-0.569492 -0.072959 0.102171 0.026815 -0.077019 -0.049913
-0.557402 -0.064215 0.121522 0.031528 -0.068706 -0.038551
charge: 100%
-0.578662 -0.059027 0.146074 0.034907 -0.059549 -0.016239
-0.578662 -0.059027 0.146074 0.028759 -0.054851 0.004261
-0.573321 -0.045589 0.175815 0.026207 -0.044830 0.030683
-0.548670 -0.036794 0.189198 0.037210 -0.034453 0.048622
-0.574099 -0.028112 0.227117 0.042100 -0.028253 0.065015
-0.574099 -0.028112 0.227117 0.035597 -0.024211 0.085607
-0.573445 -0.030397 0.228472 0.029825 -0.026898 0.089073
-0.583875 -0.006298 0.268645 0.023358 -0.020599 0.099795
-0.583875 -0.006298 0.268645 0.015927 -0.005093 0.122783
-0.601586 0.006418 0.288858 0.002782 0.009974 0.144828
-0.603932 0.007065 0.289830 -0.006730 0.014016 0.150359
-0.603932 0.007065 0.289830 -0.011573 0.011488 0.146315
-0.603356 0.004826 0.280002 -0.011864 0.006097 0.132804
-0.599313 0.004007 0.288567 -0.007771 0.002746 0.132706
-0.635253 0.014463 0.278949 -0.016794 0.008632 0.130709
-0.642867 0.013912 0.266119 -0.033363 0.015149 0.120477
-0.655528 0.016457 0.264791 -0.050704 0.018234 0.111644
-0.662504 0.009702 0.244432 -0.063268 0.017930 0.108136
-0.655599 0.008111 0.262443 -0.071417 0.011001 0.095141
-0.655599 0.008111 0.262443 -0.069734 0.006386 0.105511
charge: 100%
-0.676140 0.005264 0.226457 -0.071142 0.004378 0.095987
-0.688066 -0.001574 0.216292 -0.077959 0.002335 0.072897
-0.688066 -0.001574 0.216292 -0.087328 -0.002406 0.058192
-0.691690 -0.000633 0.204411 -0.093897 -0.003080 0.050937
-0.675717 -0.013391 0.191852 -0.095916 -0.003656 0.046853
-0.665645 -0.015096 0.185221 -0.087137 -0.012993 0.038854
-0.665645 -0.015096 0.185221 -0.073730 -0.018051 0.032017
-0.648582 -0.025163 0.181171 -0.057315 -0.024685 0.028814
-0.662731 -0.025301 0.187713 -0.047360 -0.028457 0.030874
-0.640675 -0.030200 0.179263 -0.044995 -0.029428 0.034541
-0.633392 -0.032239 0.191422 -0.037035 -0.031645 0.032650
-0.633392 -0.032239 0.191422 -0.029819 -0.033319 0.040295
-0.634259 -0.032721 0.188448 -0.027246 -0.033634 0.041528
-0.576105 -0.034042 0.200064 -0.003990 -0.034105 0.047516
-0.597162 -0.034617 0.219984 0.017952 -0.034546 0.058287
-0.577366 -0.037090 0.220743 0.023589 -0.035368 0.073703
-0.577366 -0.037090 0.220743 0.031343 -0.037294 0.077674
-0.583882 -0.038715 0.202577 0.030948 -0.038788 0.064677
-0.584693 -0.038845 0.200199 0.025621 -0.039592 0.048807
-0.576448 -0.036048 0.238289 0.021384 -0.038626 0.054956
charge: 100%
-0.571796 -0.035734 0.249290 0.022172 -0.036049 0.088155
-0.571796 -0.035734 0.249290 0.025297 -0.034865 0.109241
-0.567443 -0.043711 0.234983 0.029668 -0.040470 0.101038
-0.546078 -0.048153 0.219551 0.041901 -0.047993 0.077304
-0.546078 -0.048153 0.219551 0.053825 -0.051255 0.062592
-0.546149 -0.047444 0.219529 0.060304 -0.050105 0.061406
-0.592434 -0.049107 0.220417 0.048416 -0.048862 0.066195
-0.594729 -0.049165 0.214135 0.023196 -0.048865 0.068395
-0.594729 -0.049165 0.214135 0.004249 -0.049055 0.065331
-0.573850 -0.049128 0.202712 0.002753 -0.049164 0.056081
-0.596933 -0.047396 0.207564 0.000748 -0.048049 0.052734
-0.604254 -0.052223 0.200675 -0.005168 -0.050420 0.050130
-0.630248 -0.051196 0.192842 -0.013392 -0.052457 0.046589
-0.631057 -0.051574 0.190073 -0.028228 -0.052323 0.040519
-0.631057 -0.051574 0.190073 -0.037225 -0.051920 0.037453
-0.646099 -0.051071 0.187564 -0.047044 -0.051223 0.036163
-0.644983 -0.051123 0.191351 -0.052868 -0.050876 0.038923
-0.643715 -0.051977 0.195348 -0.053332 -0.051458 0.044285
-0.606743 -0.042464 0.177623 -0.034773 -0.045483 0.034996
-0.631826 -0.035892 0.186864 -0.018724 -0.038773 0.028482
charge: 100%
-0.631826 -0.035892 0.186864 -0.019018 -0.033182 0.033180
-0.638330 -0.038174 0.162753 -0.025417 -0.034353 0.020359
-0.609560 -0.026878 0.187074 -0.022702 -0.030802 0.022977
-0.611207 -0.027596 0.181514 -0.014459 -0.025957 0.033184
-0.611207 -0.027596 0.181514 -0.009403 -0.025320 0.034826
-0.578501 -0.020334 0.192683 0.007140 -0.021410 0.041188
-0.582633 -0.016528 0.200174 0.021624 -0.017245 0.048264
-0.582633 -0.016528 0.200174 0.027580 -0.014568 0.053424
-0.574270 -0.012146 0.205192 0.032209 -0.011400 0.057210
-0.554429 -0.009599 0.206273 0.038133 -0.009475 0.058068
-0.555216 -0.009368 0.204159 0.046935 -0.008259 0.056709
-0.555216 -0.009368 0.204159 0.051000 -0.008430 0.054295
-0.551786 -0.008313 0.206302 0.053242 -0.008235 0.054994
-0.539814 -0.012074 0.201826 0.059166 -0.011041 0.052695
-0.549841 -0.011480 0.204642 0.060859 -0.012625 0.052218
-0.533610 -0.015119 0.190730 0.059928 -0.013476 0.049923
-0.533610 -0.015119 0.190730 0.064723 -0.015574 0.040532
-0.547472 -0.014833 0.191019 0.064073 -0.015933 0.037409
-0.550498 -0.018234 0.184285 0.057320 -0.016998 0.035229
-0.550151 -0.017733 0.185366 0.051179 -0.018470 0.033213
charge: 100%
-0.547135 -0.017608 0.194100 0.048176 -0.018428 0.036960
-0.547135 -0.017608 0.194100 0.048410 -0.017903 0.044378
-0.593935 -0.040453 0.085746 0.025523 -0.035899 -0.040198
-0.593658 -0.040022 0.087841 0.006535 -0.045492 -0.086822
-0.597793 -0.050405 0.019072 -0.005866 -0.053668 -0.141743
-0.607740 -0.060234 -0.024419 -0.013033 -0.059068 -0.175716
-0.607740 -0.060234 -0.024419 -0.017426 -0.063657 -0.195825
-0.592769 -0.061377 -0.047016 -0.009111 -0.064242 -0.209358
-0.592870 -0.061882 -0.052466 -0.000054 -0.063171 -0.211522
-0.592551 -0.061910 -0.055921 0.006859 -0.062066 -0.208759
-0.555241 -0.050281 -0.045987 0.018611 -0.057590 -0.203325
-0.555241 -0.050281 -0.045987 0.039636 -0.049193 -0.194930
-0.537905 -0.033636 -0.008158 0.060467 -0.034669 -0.164919
-0.511997 -0.024659 0.013668 0.081020 -0.023346 -0.136971
-0.505693 -0.011085 0.038536 0.099338 -0.014512 -0.115493
-0.505693 -0.011085 0.038536 0.109356 -0.006253 -0.099790
-0.474240 0.006529 0.074557 0.126235 0.007379 -0.073395
-0.465779 0.018905 0.098106 0.138837 0.017539 -0.054018
-0.457027 0.024975 0.108254 0.147907 0.026545 -0.037626
-0.457027 0.024975 0.108254 0.153332 0.030144 -0.032011
charge: 100%
-0.441224 0.032318 0.114467 0.161702 0.034288 -0.030745
-0.443820 0.035601 0.113796 0.165375 0.036156 -0.033153
-0.443820 0.035601 0.113796 0.164434 0.037155 -0.035949
-0.440034 0.037333 0.104686 0.163587 0.037926 -0.044094
-0.470621 0.033053 0.093438 0.155076 0.036275 -0.052612
-0.467102 0.029115 0.076022 0.138615 0.031391 -0.067041
-0.467102 0.029115 0.076022 0.128818 0.027511 -0.079785
-0.464123 0.028558 0.092658 0.126192 0.026599 -0.066984
-0.483686 0.007961 0.034871 0.117789 0.011607 -0.100768
-0.483624 0.000095 0.016596 0.111888 -0.000453 -0.132416
-0.497146 -0.012672 -0.001302 0.106666 -0.010896 -0.154722
-0.511854 -0.032686 -0.032563 0.096304 -0.026973 -0.177922
-0.511854 -0.032686 -0.032563 0.085915 -0.039819 -0.194777
-0.523964 -0.049055 -0.057588 0.073967 -0.054487 -0.215433
-0.533524 -0.067786 -0.068322 0.064918 -0.066390 -0.223856
-0.537391 -0.079750 -0.083524 0.057881 -0.080147 -0.232599
-0.537391 -0.079750 -0.083524 0.054690 -0.086887 -0.238873
-0.539192 -0.080903 -0.069655 0.054504 -0.085004 -0.232296
-0.539192 -0.080903 -0.069655 0.055821 -0.082278 -0.220291
-0.536982 -0.112413 -0.130048 0.058578 -0.097055 -0.247361
charge: 100%
-0.535526 -0.123749 -0.148611 0.062008 -0.121754 -0.294645
-0.521571 -0.124642 -0.174689 0.065180 -0.133763 -0.318406
-0.520421 -0.123830 -0.178650 0.074512 -0.132897 -0.338016
-0.520421 -0.123830 -0.178650 0.081267 -0.127017 -0.340617
-0.485781 -0.121374 -0.214954 0.095731 -0.121739 -0.353580
-0.479405 -0.113958 -0.222281 0.114480 -0.117415 -0.372380
-0.479405 -0.113958 -0.222281 0.127800 -0.112060 -0.380806
-0.436295 -0.103891 -0.240016 0.153116 -0.103908 -0.391752
-0.426417 -0.095521 -0.231967 0.176812 -0.094469 -0.390348
-0.396706 -0.084961 -0.230395 0.200963 -0.084512 -0.383230
-0.387669 -0.067838 -0.228457 0.221271 -0.070171 -0.377712
-0.353489 -0.055640 -0.210227 0.234180 -0.059449 -0.373177
-0.344361 -0.044690 -0.196123 0.254305 -0.048560 -0.357084
-0.344361 -0.044690 -0.196123 0.268010 -0.039537 -0.341197
-0.325700 -0.033447 -0.174614 0.279287 -0.032471 -0.325265
-0.325762 -0.033093 -0.174565 0.286189 -0.028948 -0.316505
-0.305013 -0.019855 -0.128401 0.288004 -0.028751 -0.313499
-0.305936 -0.014699 -0.113013 0.296543 -0.019373 -0.277819
-0.305936 -0.014699 -0.113013 0.300272 -0.011873 -0.252175
charge: 100%
-0.309614 -0.014904 -0.090584 0.299148 -0.010984 -0.234750
-0.314467 -0.016476 -0.072759 0.294139 -0.013892 -0.219429
-0.325434 -0.022777 -0.047190 0.287517 -0.017618 -0.209597
-0.325434 -0.022777 -0.047190 0.277586 -0.023628 -0.192131
-0.343395 -0.030546 -0.021348 0.269769 -0.026442 -0.184988
-0.343395 -0.030546 -0.021348 0.257288 -0.031884 -0.167688
-0.362661 -0.041510 -0.001722 0.241912 -0.040630 -0.150069
-0.379504 -0.048154 0.013979 0.223884 -0.049587 -0.132751
-0.398881 -0.054788 0.031945 0.201523 -0.057988 -0.112372
-0.441488 -0.070221 0.056624 0.174799 -0.067464 -0.094800
-0.447213 -0.074865 0.076230 0.149596 -0.075113 -0.082852
-0.447213 -0.074865 0.076230 0.135074 -0.078990 -0.067808
-0.462503 -0.078536 0.091944 0.125630 -0.080341 -0.055686
-0.484056 -0.082162 0.106295 0.115164 -0.082056 -0.043530
-0.523309 -0.089874 0.118686 0.104202 -0.084066 -0.035812
-0.523309 -0.089874 0.118686 0.080053 -0.090278 -0.027072
-0.542487 -0.090199 0.129801 0.059261 -0.092451 -0.020117
-0.543002 -0.081755 0.131669 0.044997 -0.091526 -0.016032
-0.574220 -0.083258 0.138315 0.038405 -0.083255 -0.014744
-0.585653 -0.082856 0.136836 0.022470 -0.080675 -0.010771
charge: 100%
-0.598648 -0.078421 0.132522 0.007547 -0.080482 -0.011596
-0.598648 -0.078421 0.132522 -0.005816 -0.078009 -0.016516
-0.587739 -0.070707 0.121275 -0.008585 -0.074355 -0.023237
-0.587739 -0.070707 0.121275 -0.002470 -0.069352 -0.031130
-0.614575 -0.062826 0.118284 -0.010503 -0.061488 -0.035149
-0.600124 -0.048573 0.104511 -0.011678 -0.052594 -0.041198
-0.601697 -0.038543 0.098500 -0.007304 -0.040687 -0.050593
-0.601697 -0.038543 0.098500 -0.003736 -0.033150 -0.055698
-0.602327 -0.039354 0.094239 -0.001564 -0.034249 -0.058323
-0.575222 -0.012708 0.085570 0.007402 -0.024866 -0.062157
-0.574594 -0.006805 0.081941 0.021410 -0.007211 -0.067935
-0.574594 -0.006805 0.081941 0.030199 0.000454 -0.070753
-0.567106 0.005838 0.078238 0.037967 0.009942 -0.073403
-0.531482 0.011745 0.070613 0.049316 0.013230 -0.076361
-0.516673 0.014728 0.066884 0.070917 0.015878 -0.082185
-0.516673 0.014728 0.066884 0.088790 0.016746 -0.085567
-0.507501 0.018198 0.062182 0.102040 0.018776 -0.089276
-0.487808 0.018324 0.055276 0.112687 0.019286 -0.093156
-0.485327 0.017690 0.053325 0.122096 0.018676 -0.097412
-0.485327 0.017690 0.053325 0.125716 0.017749 -0.098893
charge: 100%
-0.470530 0.015575 0.054970 0.129973 0.016179 -0.097181
-0.472475 0.012986 0.055774 0.133379 0.013493 -0.094613
-0.459026 0.008514 0.058315 0.137790 0.009520 -0.092016
-0.469281 0.002290 0.060286 0.139949 0.003811 -0.089547
-0.449083 -0.000367 0.063313 0.142418 -0.001354 -0.087103
-0.430308 -0.007393 0.061939 0.150134 -0.003468 -0.085489
-0.430308 -0.007393 0.061939 0.164978 -0.008477 -0.086805
-0.431606 -0.018032 0.065473 0.173844 -0.015686 -0.086007
-0.424562 -0.022483 0.066459 0.179134 -0.023277 -0.083882
-0.423066 -0.028207 0.070985 0.182250 -0.026861 -0.082298
-0.423066 -0.028207 0.070985 0.182947 -0.030474 -0.078582
-0.432529 -0.029571 0.076646 0.176345 -0.031622 -0.072570
-0.424593 -0.034930 0.078815 0.173199 -0.033873 -0.069643
-0.420976 -0.039472 0.077523 0.174273 -0.038436 -0.069881
-0.420976 -0.039472 0.077523 0.176643 -0.041387 -0.071697
-0.423900 -0.045352 0.077985 0.176900 -0.046441 -0.072405
-0.420643 -0.043832 0.077689 0.177884 -0.046812 -0.072585
-0.410068 -0.048879 0.072298 0.180233 -0.045707 -0.073340
-0.415697 -0.052230 0.069797 0.186536 -0.048824 -0.077829
-0.420387 -0.055927 0.070016 0.187529 -0.053216 -0.081487
charge: 100%
-0.424062 -0.059176 0.068561 0.184556 -0.057542 -0.081925
-0.424062 -0.059176 0.068561 0.179583 -0.060952 -0.082197
-0.419811 -0.060866 0.070151 0.177411 -0.062089 -0.080943
-0.422281 -0.063728 0.070675 0.176715 -0.063515 -0.079352
-0.430313 -0.067769 0.071316 0.175764 -0.065000 -0.078620
-0.430450 -0.070622 0.068457 0.171402 -0.068390 -0.078367
-0.430450 -0.070622 0.068457 0.168498 -0.071708 -0.080937
-0.430421 -0.070524 0.068736 0.167210 -0.072198 -0.082045
-0.448198 -0.075885 0.066986 0.161373 -0.074193 -0.082867
-0.463545 -0.075515 0.069468 0.152621 -0.076719 -0.083396
-0.456290 -0.074935 0.068144 0.139328 -0.076784 -0.081279
-0.456290 -0.074935 0.068144 0.135370 -0.075557 -0.081225
-0.474087 -0.074780 0.072168 0.133302 -0.074720 -0.080778
-0.474087 -0.074780 0.072168 0.125772 -0.074416 -0.077878
-0.502088 -0.076716 0.067919 0.112629 -0.075540 -0.079045
-0.520659 -0.069906 0.070093 0.093099 -0.074279 -0.081064
-0.519553 -0.065116 0.069968 0.075409 -0.068935 -0.080696
-0.539769 -0.062495 0.069399 0.064381 -0.062926 -0.080344
-0.538565 -0.059759 0.070531 0.052631 -0.059484 -0.080336
-0.538565 -0.059759 0.070531 0.048897 -0.057703 -0.079529
charge: 100%
-0.540837 -0.054211 0.059450 0.049267 -0.054660 -0.086428
-0.552654 -0.051747 0.059015 0.050813 -0.052348 -0.092569
-0.552654 -0.051747 0.059015 0.047618 -0.050526 -0.093949
-0.536804 -0.040769 0.054856 0.052725 -0.042999 -0.095573
-0.546884 -0.038292 0.057186 0.054626 -0.036112 -0.094482
-0.543711 -0.030348 0.061247 0.055429 -0.032067 -0.091588
-0.543711 -0.030348 0.061247 0.056747 -0.027907 -0.088012
-0.518165 -0.024304 0.063790 0.069873 -0.023216 -0.085215
-0.524084 -0.020142 0.068959 0.080202 -0.020422 -0.082887
-0.524084 -0.020142 0.068959 0.083460 -0.018367 -0.079860
-0.500285 -0.019712 0.068942 0.092296 -0.018414 -0.079482
-0.501967 -0.016989 0.076653 0.101467 -0.018338 -0.077996
-0.501967 -0.016989 0.076653 0.105170 -0.016899 -0.072978
-0.474621 -0.018536 0.076322 0.119428 -0.017679 -0.071663
-0.459043 -0.020531 0.079400 0.133812 -0.019390 -0.071048
-0.455441 -0.020464 0.084083 0.147022 -0.021023 -0.068384
-0.455441 -0.020464 0.084083 0.154295 -0.021265 -0.064975
-0.459563 -0.025341 0.085296 0.153533 -0.024798 -0.063333
-0.455249 -0.027545 0.087628 0.151622 -0.028251 -0.061719
-0.449945 -0.033743 0.091109 0.150231 -0.031611 -0.060042
charge: 100%
-0.447070 -0.039211 0.095338 0.150871 -0.036665 -0.057020
-0.447070 -0.039211 0.095338 0.152443 -0.041281 -0.053539
-0.442383 -0.047141 0.094077 0.155600 -0.047506 -0.053874
-0.441602 -0.052374 0.095755 0.158520 -0.053909 -0.054066
-0.444033 -0.060620 0.099099 0.159477 -0.059270 -0.052662
-0.440171 -0.067293 0.100735 0.159100 -0.064845 -0.050174
-0.445014 -0.073081 0.105083 0.159762 -0.070528 -0.047904
-0.442600 -0.080160 0.108391 0.157584 -0.075975 -0.043999
-0.442600 -0.080160 0.108391 0.157052 -0.082347 -0.040278
-0.442815 -0.086345 0.113658 0.156749 -0.088089 -0.035686
-0.451653 -0.093376 0.122569 0.154588 -0.092196 -0.030667
-0.451653 -0.093376 0.122569 0.150067 -0.095769 -0.025178
-0.463332 -0.100312 0.128958 0.140807 -0.101454 -0.019183
-0.460304 -0.100387 0.131268 0.136205 -0.103008 -0.016001
-0.469801 -0.103334 0.139424 0.131820 -0.103439 -0.012543
-0.473474 -0.106693 0.135672 0.126395 -0.105652 -0.010559
-0.483867 -0.107136 0.136811 0.122266 -0.107676 -0.012596
-0.483867 -0.107136 0.136811 0.115511 -0.108202 -0.013371
-0.490333 -0.105102 0.135225 0.108491 -0.106057 -0.014871
-0.506024 -0.103108 0.131832 0.099789 -0.103640 -0.017164
charge: 100%
-0.514425 -0.100994 0.129282 0.088997 -0.101228 -0.020217
-0.514425 -0.100994 0.129282 0.080742 -0.099834 -0.022080
-0.523455 -0.097879 0.125618 0.074096 -0.098114 -0.024184
-0.526268 -0.092064 0.120545 0.069038 -0.093424 -0.028604
-0.533366 -0.087201 0.110008 0.064510 -0.087257 -0.037750
-0.541576 -0.081085 0.108174 0.058911 -0.080937 -0.044686
-0.537969 -0.072211 0.102389 0.054892 -0.077022 -0.046320
-0.537969 -0.072211 0.102389 0.055603 -0.070403 -0.049217
-0.540241 -0.063588 0.095710 0.056767 -0.063475 -0.053663
-0.544034 -0.053738 0.094866 0.056635 -0.054542 -0.056814
-0.537079 -0.046661 0.093714 0.058546 -0.045172 -0.057774
-0.520829 -0.036856 0.087953 0.062995 -0.040356 -0.058244
-0.538264 -0.028191 0.093709 0.073471 -0.033592 -0.061860
-0.538264 -0.028191 0.093709 0.070986 -0.025594 -0.058286
-0.518995 -0.018624 0.089655 0.074520 -0.018413 -0.058305
-0.517046 -0.014882 0.093272 0.081090 -0.012503 -0.057802
-0.503711 -0.008736 0.091592 0.086577 -0.010409 -0.056796
-0.503711 -0.008736 0.091592 0.095655 -0.007080 -0.057822
-0.497716 -0.003166 0.092429 0.104172 -0.002007 -0.057805
charge: 100%
-0.504675 -0.002375 0.090668 0.104342 -0.000183 -0.059197
-0.500317 0.001054 0.094696 0.103942 0.001551 -0.056989
-0.487577 -0.001847 0.093325 0.105977 0.001051 -0.055382
-0.493459 -0.000771 0.097734 0.109661 -0.000947 -0.053918
-0.493459 -0.000771 0.097734 0.109800 -0.001360 -0.051601
-0.481748 -0.005657 0.101179 0.115372 -0.005257 -0.048275
-0.471755 -0.011840 0.098966 0.124525 -0.011946 -0.049121
-0.471981 -0.019964 0.101412 0.130749 -0.018415 -0.049453
-0.485549 -0.022885 0.106412 0.130943 -0.023898 -0.047165
-0.485549 -0.022885 0.106412 0.123671 -0.025928 -0.043105
-0.490229 -0.030868 0.110935 0.114606 -0.031820 -0.037991
-0.483382 -0.038659 0.111397 0.112112 -0.039902 -0.036404
-0.482224 -0.038505 0.116358 0.112439 -0.042126 -0.034515
-0.491484 -0.054442 0.115045 0.111730 -0.047719 -0.033126
-0.491484 -0.054442 0.115045 0.108862 -0.056646 -0.033950
-0.501039 -0.060825 0.118912 0.104384 -0.061621 -0.032976
-0.506648 -0.064705 0.122215 0.097155 -0.066064 -0.029117
-0.494826 -0.068953 0.119384 0.094557 -0.069312 -0.027671
-0.494826 -0.068953 0.119384 0.098043 -0.071053 -0.029414
-0.523421 -0.072742 0.128847 0.087807 -0.073347 -0.023484
charge: 100%
-0.520461 -0.071318 0.129109 0.079545 -0.072774 -0.019249
-0.521172 -0.072905 0.128285 0.074684 -0.072986 -0.019361
-0.526080 -0.070090 0.137487 0.071807 -0.071843 -0.016803
-0.525939 -0.067326 0.139203 0.069978 -0.068670 -0.010900
-0.526215 -0.061743 0.140364 0.070084 -0.065948 -0.008346
-0.526215 -0.061743 0.140364 0.071045 -0.060954 -0.007872
-0.510787 -0.057109 0.136224 0.080271 -0.055905 -0.012069
-0.527130 -0.049828 0.141287 0.082863 -0.050811 -0.012066
-0.528304 -0.043729 0.141694 0.078938 -0.044615 -0.009125
-0.528304 -0.043729 0.141694 0.074674 -0.040739 -0.007512
-0.522242 -0.034522 0.143182 0.075013 -0.033087 -0.006105
-0.513362 -0.028289 0.142638 0.079060 -0.027644 -0.006330
-0.518199 -0.019015 0.142830 0.083129 -0.021159 -0.007011
-0.511212 -0.009499 0.138225 0.085183 -0.013493 -0.008453
-0.510651 -0.003703 0.137024 0.088969 -0.004971 -0.012264
-0.514508 -0.001470 0.133656 0.090922 0.000610 -0.014853
-0.514508 -0.001470 0.133656 0.089526 0.001963 -0.017533
-0.520510 0.004815 0.130957 0.085076 0.004772 -0.019660
-0.520673 0.004844 0.130305 0.080614 0.006381 -0.020749
-0.499718 0.004733 0.118995 0.080965 0.006027 -0.023376
charge: 100%
-0.496198 0.005009 0.118752 0.091535 0.005152 -0.031546
-0.496198 0.005009 0.118752 0.101468 0.004825 -0.034362
-0.511088 0.005607 0.120765 0.100992 0.005230 -0.032143
-0.490495 0.004881 0.119102 0.104161 0.005207 -0.030471
-0.499557 -0.002623 0.123840 0.108014 0.002697 -0.028925
-0.508917 -0.006059 0.129158 0.104698 -0.003887 -0.024352
-0.508917 -0.006059 0.129158 0.097076 -0.008347 -0.019376
-0.505261 -0.010643 0.132109 0.093034 -0.011944 -0.016301
-0.491969 -0.024405 0.134586 0.092609 -0.018132 -0.013003
-0.491969 -0.024405 0.134586 0.100060 -0.026654 -0.013394
-0.493586 -0.036559 0.134718 0.105523 -0.036790 -0.014634
-0.523322 -0.047589 0.143983 0.105039 -0.043557 -0.013607
-0.523322 -0.047589 0.143983 0.089820 -0.051109 -0.006455
-0.523445 -0.058176 0.147284 0.078008 -0.058209 -0.001616
-0.524760 -0.061225 0.152593 0.070647 -0.064021 0.003336
-0.502429 -0.068443 0.148674 0.070410 -0.066214 0.004456
-0.502429 -0.068443 0.148674 0.083069 -0.070112 0.000472
-0.499898 -0.074056 0.153530 0.095179 -0.075231 0.002054
-0.528370 -0.077344 0.166854 0.092265 -0.078483 0.011719
-0.534569 -0.079845 0.173350 0.080319 -0.080472 0.022680
charge: 100%
-0.534779 -0.079006 0.173419 0.068742 -0.081031 0.028231
-0.534779 -0.079006 0.173419 0.061465 -0.079848 0.027400
-0.541321 -0.080228 0.177054 0.055296 -0.079866 0.027545
-0.538434 -0.080587 0.185492 0.053539 -0.080355 0.032303
-0.516534 -0.076315 0.155749 0.060297 -0.079050 0.025453
-0.516534 -0.076315 0.155749 0.074310 -0.076116 0.005435
-0.547618 -0.076982 0.155606 0.067476 -0.075740 -0.001676
-0.544199 -0.070642 0.145683 0.059755 -0.074780 -0.002392
-0.542072 -0.065412 0.136278 0.055375 -0.070225 -0.006618
-0.542072 -0.065412 0.136278 0.054290 -0.064312 -0.014914
-0.546606 -0.069036 0.128745 0.052321 -0.065753 -0.023238
-0.527208 -0.064257 0.120475 0.057682 -0.065823 -0.029671
-0.548742 -0.063496 0.124907 0.060434 -0.063783 -0.030844
-0.531013 -0.060666 0.120512 0.061617 -0.061402 -0.029303
-0.531013 -0.060666 0.120512 0.067064 -0.059631 -0.029610
-0.531373 -0.064595 0.119279 0.070419 -0.059504 -0.030605
-0.531373 -0.064595 0.119279 0.071720 -0.063639 -0.031085
-0.528861 -0.067643 0.121136 0.072904 -0.068134 -0.029550
-0.529822 -0.070052 0.122487 0.073076 -0.069925 -0.028327
-0.511445 -0.073197 0.119543 0.074346 -0.071892 -0.027644
charge: 100%
-0.525129 -0.083099 0.118709 0.082168 -0.075631 -0.029916
-0.509752 -0.085435 0.117102 0.082259 -0.084289 -0.031997
-0.509752 -0.085435 0.117102 0.088483 -0.088674 -0.033691
-0.502989 -0.089243 0.113255 0.095833 -0.091396 -0.036922
-0.498944 -0.101576 0.104776 0.102018 -0.099279 -0.043642
-0.502837 -0.105718 0.102956 0.104145 -0.107120 -0.048916
-0.493145 -0.113489 0.095864 0.104106 -0.111226 -0.051366
-0.491542 -0.115052 0.095440 0.107378 -0.116202 -0.055708
-0.491542 -0.115052 0.095440 0.109867 -0.117713 -0.056698
-0.490045 -0.121033 0.091477 0.111500 -0.120823 -0.058534
-0.476290 -0.121320 0.087774 0.118101 -0.122790 -0.062098
-0.476106 -0.121737 0.088193 0.124332 -0.122778 -0.063655
-0.476090 -0.121768 0.088234 0.127646 -0.122261 -0.063019
-0.476090 -0.121768 0.088234 0.128460 -0.121793 -0.062042
-0.474334 -0.114884 0.095227 0.128509 -0.116583 -0.056423
-0.474284 -0.112179 0.098736 0.127903 -0.112423 -0.051900
-0.474557 -0.106491 0.105191 0.126972 -0.109045 -0.047826
-0.474557 -0.106491 0.105191 0.125991 -0.104911 -0.042978
-0.475236 -0.101376 0.112702 0.125016 -0.100822 -0.037125
charge: 100%
-0.476691 -0.093024 0.117557 0.124189 -0.097569 -0.033498
-0.476691 -0.093024 0.117557 0.123143 -0.091642 -0.030366
-0.490853 -0.083176 0.126139 0.116053 -0.083140 -0.024201
-0.501316 -0.075145 0.131462 0.107567 -0.077036 -0.019604
-0.501316 -0.075145 0.131462 0.098283 -0.071915 -0.016123
-0.510010 -0.065322 0.134538 0.089076 -0.064444 -0.013938
-0.523111 -0.058564 0.140381 0.078170 -0.057082 -0.009847
-0.512470 -0.047439 0.137409 0.073054 -0.050897 -0.008749
-0.543308 -0.041028 0.143429 0.072617 -0.042992 -0.010058
-0.533382 -0.031481 0.139110 0.061640 -0.035505 -0.007830
-0.533382 -0.031481 0.139110 0.059471 -0.028069 -0.009912
-0.522527 -0.021737 0.132464 0.064627 -0.021063 -0.015568
-0.552942 -0.015685 0.134772 0.062030 -0.014736 -0.018245
-0.553923 -0.008894 0.130976 0.051780 -0.007129 -0.019840
-0.543498 0.003919 0.128914 0.048010 0.001777 -0.021285
-0.549795 0.014138 0.135634 0.049160 0.009749 -0.021001
-0.549795 0.014138 0.135634 0.048403 0.017842 -0.015246
-0.549442 0.020236 0.137513 0.048604 0.022286 -0.011516
-0.549811 0.027131 0.136586 0.049153 0.027043 -0.011009
-0.548534 0.032248 0.139396 0.049788 0.030636 -0.011969
charge: 100%
-0.547866 0.036071 0.141264 0.050955 0.034582 -0.010593
-0.539881 0.037759 0.142051 0.052806 0.038152 -0.008387
-0.539881 0.037759 0.142051 0.057860 0.039637 -0.007134
-0.539299 0.041465 0.143404 0.061413 0.041171 -0.006396
-0.526826 0.040756 0.141110 0.064353 0.042303 -0.006404
-0.524783 0.041614 0.140230 0.071705 0.041699 -0.008555
-0.524783 0.041614 0.140230 0.077201 0.041663 -0.010279
-0.526311 0.040114 0.138153 0.079124 0.040767 -0.011778
-0.519074 0.035083 0.129159 0.080461 0.037657 -0.016570
-0.493527 0.031338 0.123671 0.089404 0.032456 -0.024870
-0.494154 0.028809 0.121949 0.103181 0.028489 -0.030234
-0.494154 0.028809 0.121949 0.111242 0.026683 -0.031260
-0.497238 0.023976 0.116992 0.112518 0.023238 -0.033892
-0.497290 0.021363 0.116678 0.110544 0.020251 -0.034655
-0.497417 0.018323 0.116035 0.107329 0.017523 -0.034623
-0.497366 0.015194 0.116474 0.104338 0.014398 -0.033933
-0.498607 0.007608 0.116308 0.101930 0.010269 -0.033495
-0.498607 0.007608 0.116308 0.100260 0.005812 -0.033485
-0.499302 0.002484 0.118090 0.099311 0.001340 -0.032235
-0.496786 0.001017 0.120176 0.099580 -0.000297 -0.030883
charge: 100%
-0.499562 -0.002005 0.122319 0.100750 -0.001336 -0.028667
-0.499562 -0.002005 0.122319 0.100690 -0.002787 -0.026807
-0.500840 -0.006420 0.119851 0.099930 -0.006394 -0.028638
-0.504969 -0.007069 0.124273 0.097245 -0.008358 -0.026879
-0.506101 -0.010185 0.123774 0.094759 -0.009407 -0.025504
-0.525292 -0.008839 0.131394 0.088943 -0.010445 -0.022926
-0.525292 -0.008839 0.131394 0.078045 -0.009583 -0.017829
-0.530001 -0.010809 0.135148 0.068553 -0.010552 -0.013187
-0.515781 -0.009899 0.133472 0.071127 -0.010320 -0.013852
-0.527465 -0.007613 0.141195 0.073011 -0.008855 -0.012009
-0.520463 -0.004384 0.140473 0.073699 -0.005947 -0.008423
-0.520463 -0.004384 0.140473 0.076962 -0.003338 -0.007933
-0.536114 -0.003722 0.141395 0.070918 -0.002464 -0.007924
-0.529026 -0.000616 0.141700 0.069174 -0.000384 -0.008061
-0.551271 0.000815 0.146960 0.065609 0.000690 -0.006938
-0.551043 0.000952 0.147811 0.054012 0.001550 -0.002613
-0.551043 0.000952 0.147811 0.046404 0.001531 -0.000655
-0.551918 0.004171 0.145650 0.042469 0.003882 -0.002669
-0.533935 0.010126 0.145220 0.050626 0.009523 -0.004751
-0.532507 0.010546 0.150345 0.060254 0.012324 -0.004269
charge: 100%
-0.532507 0.010546 0.150345 0.067749 0.012380 -0.000155
-0.553179 0.010017 0.135677 0.059994 0.010858 -0.011171
-0.532088 0.012258 0.126095 0.063735 0.011695 -0.025011
-0.529464 0.018427 0.131084 0.068648 0.017539 -0.025310
-0.533575 0.021210 0.130857 0.070886 0.021354 -0.021647
-0.514180 0.022170 0.124611 0.075310 0.023612 -0.021629
-0.514180 0.022170 0.124611 0.083918 0.023749 -0.024999
-0.529948 0.023578 0.129759 0.080132 0.024095 -0.021949
-0.523238 0.024828 0.131034 0.078866 0.024919 -0.018824
-0.523820 0.025447 0.128568 0.077665 0.025504 -0.018929
-0.530903 0.028097 0.139467 0.074634 0.026942 -0.016107
-0.530903 0.028097 0.139467 0.070269 0.028630 -0.009786
-0.526129 0.024713 0.145327 0.070178 0.026084 -0.003048
-0.510856 0.026279 0.145431 0.079484 0.025615 -0.001399
-0.516163 0.023611 0.148240 0.085788 0.024581 -0.001322
-0.530926 0.021230 0.149950 0.085640 0.022594 -0.000650
-0.524864 0.013838 0.141637 0.078411 0.019040 -0.001300
-0.543165 0.011426 0.146736 0.074574 0.012737 -0.007514
-0.543165 0.011426 0.146736 0.062461 0.009039 -0.005830
-0.541819 0.012369 0.151556 0.054892 0.009697 -0.000769
charge: 100%
-0.549090 0.002472 0.137938 0.049237 0.005993 -0.004740
-0.548740 -0.006717 0.131222 0.045698 -0.000161 -0.013379
-0.548740 -0.006717 0.131222 0.045343 -0.008614 -0.021400
-0.550550 -0.012500 0.127315 0.045691 -0.015567 -0.026135
-0.574502 -0.018048 0.125486 0.038427 -0.019408 -0.026839
-0.574659 -0.017287 0.124870 0.027898 -0.020355 -0.026299
-0.555676 -0.031477 0.110137 0.022609 -0.020185 -0.026983
-0.555676 -0.031477 0.110137 0.030762 -0.030584 -0.038771
-0.556985 -0.034834 0.109112 0.038373 -0.036604 -0.044179
-0.568476 -0.038456 0.104406 0.043210 -0.038420 -0.044572
-0.568476 -0.038456 0.104406 0.039398 -0.040091 -0.046613
-0.536793 -0.032739 0.103208 0.044607 -0.036973 -0.047321
-0.537334 -0.033910 0.099967 0.057335 -0.032841 -0.048732
-0.549457 -0.030670 0.101990 0.061635 -0.030520 -0.049590
-0.512229 -0.023901 0.099493 0.060388 -0.028935 -0.048777
-0.507604 -0.018608 0.099562 0.077937 -0.023269 -0.050191
-0.507604 -0.018608 0.099562 0.092663 -0.017030 -0.050824
-0.485655 -0.008356 0.102031 0.108963 -0.009460 -0.049315
-0.479746 -0.005302 0.101779 0.123828 -0.003101 -0.047821
-0.473605 0.001105 0.102015 0.132095 -0.001054 -0.047533
charge: 100%
-0.467371 0.004162 0.105668 0.136966 0.002823 -0.047450
-0.467371 0.004162 0.105668 0.140274 0.005845 -0.044575
-0.465634 0.008624 0.109525 0.140656 0.008475 -0.041207
-0.466006 0.010493 0.112570 0.139297 0.011109 -0.037431
-0.447073 0.007772 0.112353 0.138231 0.011708 -0.035626
-0.447073 0.007772 0.112353 0.146803 0.008874 -0.036229
-0.451250 0.003018 0.116882 0.151499 0.004304 -0.034514
-0.451250 0.003018 0.116882 0.152849 0.001325 -0.032521
-0.462405 -0.007792 0.124134 0.148245 -0.005349 -0.027728
-0.456712 -0.019401 0.133094 0.143496 -0.016611 -0.019312
-0.467766 -0.035264 0.149506 0.140360 -0.027247 -0.010224
-0.467766 -0.035264 0.149506 0.133737 -0.039740 0.002861
-0.484074 -0.056917 0.164593 0.122620 -0.056557 0.016009
-0.489499 -0.068947 0.176974 0.111253 -0.072560 0.029297
-0.488029 -0.066491 0.181905 0.104564 -0.076832 0.035222
-0.488029 -0.066491 0.181905 0.103240 -0.071682 0.036565
-0.507058 -0.111190 0.204850 0.096016 -0.099417 0.051056
-0.516540 -0.127260 0.212274 0.086156 -0.129959 0.064961
-0.556715 -0.152027 0.225742 0.062730 -0.157163 0.077927
-0.556298 -0.140157 0.234291 0.040979 -0.163569 0.084829
charge: 100%
-0.556298 -0.140157 0.234291 0.029973 -0.149236 0.089023
-0.582736 -0.180193 0.236415 0.013964 -0.170918 0.089443
-0.579800 -0.180643 0.243193 0.006791 -0.185953 0.093331
-0.619452 -0.214382 0.224147 -0.010757 -0.211566 0.081712
-0.634154 -0.219304 0.222804 -0.028028 -0.226617 0.071067
-0.644174 -0.225806 0.207299 -0.045472 -0.232005 0.060489
-0.666130 -0.229174 0.192982 -0.060800 -0.232549 0.047253
-0.664533 -0.228613 0.199057 -0.074696 -0.231255 0.039304
-0.664533 -0.228613 0.199057 -0.079249 -0.229122 0.043419
-0.672595 -0.218853 0.150447 -0.081771 -0.220566 0.010907
-0.686988 -0.216998 0.135248 -0.087381 -0.214683 -0.020033
-0.698466 -0.195946 0.109309 -0.094226 -0.205557 -0.039483
-0.697028 -0.184943 0.099528 -0.100969 -0.188632 -0.055713
-0.697028 -0.184943 0.099528 -0.103292 -0.178040 -0.060530
-0.697397 -0.186642 0.093593 -0.103092 -0.179737 -0.061303
-0.703244 -0.135169 0.068778 -0.104345 -0.144938 -0.077847
-0.670957 -0.096573 0.058932 -0.097341 -0.108881 -0.090941
-0.670957 -0.096573 0.058932 -0.080355 -0.080983 -0.097678
-0.671325 -0.096899 0.054003 -0.068803 -0.080423 -0.099980
charge: 100%
-0.672350 -0.099882 0.030857 -0.063392 -0.090835 -0.105569
-0.682438 0.007464 0.049145 -0.063962 -0.084527 -0.118079
-0.682710 0.008349 0.045066 -0.071862 -0.000079 -0.108279
-0.682792 0.008933 0.043676 -0.079115 0.035450 -0.103990
-0.682792 0.008933 0.043676 -0.084059 0.032711 -0.104201
-0.682141 0.003691 0.053502 -0.086163 0.014509 -0.099525
-0.681623 0.004246 0.059710 -0.085968 0.001303 -0.091066
-0.592709 0.199368 0.101365 0.000000 0.000000 0.000000
-0.592709 0.199368 0.101365 0.000011 0.000498 -0.000122
-0.548981 0.225742 0.115642 0.014416 0.023372 0.005187
-0.558924 0.255240 0.117959 0.033172 0.069215 0.012323
-0.559569 0.254813 0.115809 0.042618 0.102722 0.012414
-0.562353 0.248select timeout

