... logging to /home/pi/.ros/log/769a0628-d4ee-11e7-bcc2-b827eb05d6b7/roslaunch-raspberrypi-3078.log
Checking log directory for disk usage. This may take awhile.
Press Ctrl-C to interrupt
Done checking log file disk usage. Usage is <1GB.
]2;/home/pi/catkin_ws/src/clever/clever/launch/clever.launch
[1mstarted roslaunch server http://192.168.11.1:33607/[0m

SUMMARY
========

CLEAR PARAMETERS
 * /main_camera/
 * /mavros/
 * /nodelet_manager/

PARAMETERS
 * /main_camera/camera_info_url: file:///home/pi/c...
 * /main_camera/cv_cap_prop_fps: 40
 * /main_camera/frame_id: main_camera_optical
 * /main_camera/image_height: 240
 * /main_camera/image_width: 320
 * /main_camera/rate: 100
 * /mavros/cmd/use_comp_id_system_control: False
 * /mavros/conn/heartbeat_rate: 1.0
 * /mavros/conn/system_time_rate: 1.0
 * /mavros/conn/timeout: 8
 * /mavros/conn/timesync_rate: 10.0
 * /mavros/distance_sensor/hrlv_ez4_pub/field_of_view: 0.0
 * /mavros/distance_sensor/hrlv_ez4_pub/frame_id: hrlv_ez4_sonar
 * /mavros/distance_sensor/hrlv_ez4_pub/id: 0
 * /mavros/distance_sensor/hrlv_ez4_pub/orientation: PITCH_270
 * /mavros/distance_sensor/hrlv_ez4_pub/send_tf: True
 * /mavros/distance_sensor/hrlv_ez4_pub/sensor_position/x: 0.0
 * /mavros/distance_sensor/hrlv_ez4_pub/sensor_position/y: 0.0
 * /mavros/distance_sensor/hrlv_ez4_pub/sensor_position/z: -0.1
 * /mavros/distance_sensor/laser_1_sub/id: 3
 * /mavros/distance_sensor/laser_1_sub/orientation: PITCH_270
 * /mavros/distance_sensor/laser_1_sub/subscriber: True
 * /mavros/distance_sensor/lidarlite_pub/field_of_view: 0.0
 * /mavros/distance_sensor/lidarlite_pub/frame_id: lidarlite_laser
 * /mavros/distance_sensor/lidarlite_pub/id: 1
 * /mavros/distance_sensor/lidarlite_pub/orientation: PITCH_270
 * /mavros/distance_sensor/lidarlite_pub/send_tf: True
 * /mavros/distance_sensor/lidarlite_pub/sensor_position/x: 0.0
 * /mavros/distance_sensor/lidarlite_pub/sensor_position/y: 0.0
 * /mavros/distance_sensor/lidarlite_pub/sensor_position/z: -0.1
 * /mavros/distance_sensor/sonar_1_sub/id: 2
 * /mavros/distance_sensor/sonar_1_sub/orientation: PITCH_270
 * /mavros/distance_sensor/sonar_1_sub/subscriber: True
 * /mavros/fake_gps/eph: 2.0
 * /mavros/fake_gps/epv: 2.0
 * /mavros/fake_gps/fix_type: 3
 * /mavros/fake_gps/geo_origin/alt: 408.0
 * /mavros/fake_gps/geo_origin/lat: 47.3667
 * /mavros/fake_gps/geo_origin/lon: 8.55
 * /mavros/fake_gps/gps_rate: 5.0
 * /mavros/fake_gps/mocap_transform: True
 * /mavros/fake_gps/satellites_visible: 5
 * /mavros/fake_gps/tf/child_frame_id: fix
 * /mavros/fake_gps/tf/frame_id: map
 * /mavros/fake_gps/tf/listen: False
 * /mavros/fake_gps/tf/rate_limit: 10.0
 * /mavros/fake_gps/tf/send: False
 * /mavros/fake_gps/use_mocap: True
 * /mavros/fake_gps/use_vision: False
 * /mavros/fcu_url: /dev/ttyACM0
 * /mavros/gcs_quiet_mode: True
 * /mavros/gcs_url: tcp-l://0.0.0.0:5760
 * /mavros/global_position/child_frame_id: base_link
 * /mavros/global_position/frame_id: map
 * /mavros/global_position/gps_uere: 1.0
 * /mavros/global_position/rot_covariance: 99999.0
 * /mavros/global_position/tf/child_frame_id: base_link
 * /mavros/global_position/tf/frame_id: map
 * /mavros/global_position/tf/global_frame_id: earth
 * /mavros/global_position/tf/send: False
 * /mavros/global_position/use_relative_alt: True
 * /mavros/image/frame_id: px4flow
 * /mavros/imu/angular_velocity_stdev: 0.000349065850399
 * /mavros/imu/frame_id: fcu
 * /mavros/imu/linear_acceleration_stdev: 0.0003
 * /mavros/imu/magnetic_stdev: 0.0
 * /mavros/imu/orientation_stdev: 1.0
 * /mavros/local_position/frame_id: local_origin
 * /mavros/local_position/tf/child_frame_id: fcu
 * /mavros/local_position/tf/frame_id: local_origin
 * /mavros/local_position/tf/send: True
 * /mavros/local_position/tf/send_fcu: False
 * /mavros/mission/pull_after_gcs: True
 * /mavros/mocap/use_pose: True
 * /mavros/mocap/use_tf: False
 * /mavros/odometry/frame_tf/body_frame_orientation: frd
 * /mavros/odometry/frame_tf/local_frame: vision_ned
 * /mavros/plugin_blacklist: ['safety_area', '...
 * /mavros/px4flow/frame_id: px4flow
 * /mavros/px4flo[0m[ INFO] [1511951046.285536869]: FCU URL: /dev/ttyACM0[0m
[0m[ INFO] [1511951046.293637598]: serial0: device: /dev/ttyACM0 @ 57600 bps[0m
[0m[ INFO] [1511951046.306998535]: GCS URL: tcp-l://0.0.0.0:5760[0m
[0m[ INFO] [1511951046.308401973]: tcp1: Bind address: 0.0.0.0:5760[0m
[0m[ INFO] [1511951046.381149004]: Plugin 3dr_radio blacklisted[0m
[0m[ INFO] [1511951046.381466504]: Plugin actuator_control blacklisted[0m
[0m[ INFO] [1511951046.381632858]: Plugin adsb blacklisted[0m
[0m[ INFO] [1511951046.512084733]: Plugin altitude loaded[0m
[0m[ INFO] [1511951046.532619629]: Plugin altitude initialized[0m
[0m[ INFO] [1511951046.532895618]: Plugin cam_imu_sync blacklisted[0m
[0m[ INFO] [1511951046.533446973]: Plugin command loaded[0m
[0m[ INFO] [1511951046.596649056]: Plugin command initialized[0m
[0m[ INFO] [1511951046.619448587]: Plugin debug_value loaded[0m
[0m[ INFO] [1511951046.719505879]: Plugin debug_value initialized[0m
[0m[ INFO] [1511951046.719785150]: Plugin distance_sensor blacklisted[0m
[0m[ INFO] [1511951046.719919420]: Plugin fake_gps blacklisted[0m
[0m[ INFO] [1511951046.720630306]: Plugin ftp loaded[0m
[0m[ INFO] [1511951046.816381295]: Plugin ftp initialized[0m
[0m[ INFO] [1511951046.817307910]: Plugin global_position loaded[0m
[0m[ INFO] [1511951047.061137181]: Plugin global_position initialized[0m
[0m[ INFO] [1511951047.061536139]: Plugin hil blacklisted[0m
[0m[ INFO] [1511951047.062299577]: Plugin home_position loaded[0m
[0m[ INFO] [1511951047.118884420]: Plugin home_position initialized[0m
[0m[ INFO] [1511951047.119720670]: Plugin imu loaded[0m
[0m[ INFO] [1511951047.247993639]: Plugin imu initialized[0m
[0m[ INFO] [1511951047.248875514]: Plugin local_position loaded[0m
[0m[ INFO] [1511951047.312543639]: Plugin local_position initialized[0m
[0m[ INFO] [1511951047.313434524]: Plugin manual_control loaded[0m
[0m[ INFO] [1511951047.345140462]: Plugin manual_control initialized[0m
[0m[ INFO] [1511951047.345919056]: Plugin mocap_pose_estimate loaded[0m
[0m[ INFO] [1511951047.410698118]: Plugin mocap_pose_estimate initialized[0m
[0m[ INFO] [1511951047.411461608]: Plugin obstacle_distance loaded[0m
[0m[ INFO] [1511951047.454206503]: Plugin obstacle_distance initialized[0m
[0m[ INFO] [1511951047.454904941]: Plugin odom loaded[0m
[0m[ INFO] [1511951047.505564368]: Plugin odom initialized[0m
[0m[ INFO] [1511951047.506369681]: Plugin param loaded[0m
[0m[ INFO] [1511951047.528388743]: Plugin param initialized[0m
[0m[ INFO] [1511951047.528661556]: Plugin px4flow blacklisted[0m
[0m[ INFO] [1511951047.528824056]: Plugin rangefinder blacklisted[0m
[0m[ INFO] [1511951047.529475878]: Plugin rc_io loaded[0m
[0m[ INFO] [1511951047.578701556]: Plugin rc_io initialized[0m
[0m[ INFO] [1511951047.579043795]: Plugin safety_area blacklisted[0m
[0m[ INFO] [1511951047.579783951]: Plugin setpoint_accel loaded[0m
[0m[ INFO] [1511951047.629072441]: Plugin setpoint_accel initialized[0m
[0m[ INFO] [1511951047.629970306]: Plugin setpoint_attitude loaded[0m
[0m[ INFO] [1511951047.798189003]: Plugin setpoint_attitude initialized[0m
[0m[ INFO] [1511951047.799051868]: Plugin setpoint_position loaded[0m
[0m[ INFO] [1511951047.996559524]: Plugin setpoint_position initialized[0m
[0m[ INFO] [1511951047.997467701]: Plugin setpoint_raw loaded[0m
[0m[ INFO] [1511951048.122277180]: Plugin setpoint_raw initialized[0m
[0m[ INFO] [1511951048.123142180]: Plugin setpoint_velocity loaded[0m
[0m[ INFO] [1511951048.194335097]: Plugin setpoint_velocity initialized[0m
[0m[ INFO] [1511951048.195252284]: Plugin sys_status loaded[0m
[0m[ INFO] [1511951048.321673014]: Plugin sys_status initialized[0m
[0m[ INFO] [1511951048.322502232]: Plugin sys_time loaded[0m
[0m[ INFO] [1511951048.405855149]: TM: Timesync mode: MAVLINK[0m
[0m[ INFO] [1511951048.422129368]: Plugin sys_time initialized[0m
[0m[ INFO] [1511951048.422803170]: Plugin trajectory loaded[0m
[0m[ INFO] [1511951048.490666295]: Plugin trajectory initialized[0m
[0m[ INFO] [1511951048.491033[INFO] [1511951051.995864]: initializing rps_offboard...
[INFO] [1511951052.294202]: rps_offboard inited
charge: 91%
charge: 91%
charge: 91%
charge: 91%
charge: 91%
charge: 91%
charge: 91%
charge: 91%
charge: 91%
charge: 91%
charge: 91%
charge: 91%
charge: 91%
charge: 91%
charge: 91%
charge: 91%
charge: 91%
-0.678567 -0.007832 0.092250 0.000000 0.000000 0.000000
-0.678568 -0.007832 0.092242 -0.000236 -0.000039 -0.000292
-0.678567 -0.007832 0.092247 -0.002670 -0.000406 -0.002994
-0.678567 -0.007832 0.092247 -0.006695 -0.000904 -0.006666
-0.678567 -0.007834 0.092244 -0.011561 -0.001388 -0.010225
[INFO] [1511951069.602985]: Switch mode to "OFFBOARD"
[INFO] [1511951069.632661]: Arming
[INFO] [1511951069.635231]: rps_offboard: navigate
-0.678569 -0.007835 0.092235 -0.016635 -0.001813 -0.013355
-0.678567 -0.007834 0.092244 -0.021518 -0.002196 -0.016181
-0.678568 -0.007835 0.092239 -0.026043 -0.002570 -0.018937
-0.678570 -0.007838 0.092225 -0.030215 -0.002952 -0.021749
-0.678570 -0.007838 0.092222 -0.034132 -0.003344 -0.024635
charge: 91%
-0.678570 -0.007838 0.092222 -0.037913 -0.003739 -0.027546
-0.678573 -0.007841 0.092204 -0.041659 -0.004134 -0.030465
-0.678572 -0.007840 0.092209 -0.045435 -0.004528 -0.033364
-0.678573 -0.007840 0.092203 -0.049267 -0.004919 -0.036250
-0.678571 -0.007839 0.092221 -0.053156 -0.005309 -0.039132
-0.678571 -0.007839 0.092221 -0.057084 -0.005699 -0.042002
-0.644950 -0.003783 0.091519 -0.046364 -0.003284 -0.045369
-0.644983 -0.003811 0.091283 -0.034593 -0.001593 -0.048784
-0.649052 -0.016975 0.089486 -0.029515 -0.003717 -0.052109
-0.644657 -0.028035 0.089384 -0.031989 -0.016493 -0.056390
-0.644657 -0.028035 0.089384 -0.035761 -0.030755 -0.059803
-0.648318 -0.034365 0.101525 -0.042961 -0.038992 -0.053414
-0.650866 -0.036515 0.126694 -0.049364 -0.040799 -0.034115
-0.642704 -0.034527 0.137341 -0.051436 -0.038387 -0.012273
-0.641666 -0.037338 0.159745 -0.048530 -0.036104 0.007082
-0.641666 -0.037338 0.159745 -0.044945 -0.036535 0.019750
-0.664716 -0.039969 0.184904 -0.054646 -0.039368 0.039484
-0.664903 -0.042152 0.183745 -0.063027 -0.041836 0.043751
-0.665552 -0.041580 0.181513 -0.068151 -0.043222 0.038961
-0.665552 -0.041580 0.181513 -0.070428 -0.042598 0.032255
charge: 91%
-0.678251 -0.027872 0.245505 -0.076936 -0.030758 0.080836
-0.678890 -0.026965 0.248073 -0.081428 -0.023885 0.110427
-0.679051 -0.029654 0.247323 -0.083347 -0.024377 0.113829
-0.679051 -0.029654 0.247323 -0.083275 -0.028123 0.105190
-0.675130 -0.021678 0.256024 -0.080308 -0.023850 0.103427
-0.675130 -0.021678 0.256024 -0.077080 -0.020838 0.104930
-0.666467 -0.013216 0.237088 -0.071507 -0.015083 0.094544
-0.666528 -0.008714 0.231079 -0.066181 -0.007947 0.080185
-0.659083 -0.007100 0.208353 -0.060756 -0.004447 0.062001
-0.645123 -0.004520 0.199977 -0.052673 -0.003406 0.046514
-0.636724 -0.005233 0.179961 -0.043314 -0.003282 0.039450
-0.636724 -0.005233 0.179961 -0.034146 -0.004579 0.025959
-0.639244 -0.004388 0.167375 -0.031148 -0.004751 0.013367
-0.643868 -0.004684 0.160563 -0.034381 -0.004826 0.004828
-0.642657 -0.003792 0.155992 -0.038335 -0.004380 0.003153
-0.642657 -0.003792 0.155992 -0.041420 -0.003708 0.003378
-0.612066 -0.002483 0.148930 -0.026809 -0.002419 -0.000920
-0.625599 -0.006660 0.148624 -0.022150 -0.005612 -0.002943
-0.617651 -0.006973 0.149666 -0.018181 -0.007525 -0.002243
-0.618278 -0.007125 0.147048 -0.014810 -0.008019 -0.002065
charge: 89%
-0.614652 -0.009405 0.158959 -0.013880 -0.007806 -0.002335
-0.614652 -0.009405 0.158959 -0.012526 -0.009302 0.007510
-0.612349 -0.010971 0.162229 -0.011806 -0.010510 0.013170
-0.612151 -0.011024 0.162973 -0.011054 -0.011556 0.015689
-0.611511 -0.010983 0.165358 -0.010850 -0.011619 0.015463
-0.611511 -0.010983 0.165358 -0.010747 -0.011256 0.015938
-0.606505 -0.018670 0.186147 -0.009126 -0.015338 0.027593
-0.576756 -0.018602 0.183851 -0.003341 -0.019822 0.039250
-0.576756 -0.018602 0.183851 0.014292 -0.020693 0.039674
-0.603591 -0.022068 0.194541 0.016789 -0.021744 0.042474
-0.584621 -0.018390 0.191298 0.011539 -0.022063 0.045539
-0.608241 -0.024883 0.191623 0.013731 -0.019420 0.043345
-0.608241 -0.024883 0.191623 0.002226 -0.023483 0.041633
-0.603091 -0.021243 0.192064 -0.004704 -0.023392 0.041301
-0.606991 -0.026150 0.191704 -0.008919 -0.024499 0.041473
-0.617250 -0.022958 0.190151 -0.012126 -0.026074 0.041389
-0.578983 -0.023850 0.172396 -0.014494 -0.024108 0.037572
-0.578983 -0.023850 0.172396 0.003735 -0.023482 0.022655
-0.605554 -0.025413 0.173502 0.004499 -0.024731 0.018044
-0.579117 -0.020646 0.166170 0.011451 -0.022724 0.015168
charge: 89%
-0.611487 -0.023589 0.168620 0.014935 -0.021066 0.014553
-0.613182 -0.023277 0.162391 0.002561 -0.022593 0.016663
-0.613182 -0.023277 0.162391 -0.008818 -0.023460 0.013231
-0.613506 -0.023779 0.161089 -0.016316 -0.024029 0.010555
-0.633970 -0.020937 0.180311 -0.028034 -0.022269 0.022349
-0.614233 -0.022227 0.168653 -0.035025 -0.020871 0.030418
-0.606257 -0.018262 0.171822 -0.027703 -0.020689 0.024227
-0.606257 -0.018262 0.171822 -0.016035 -0.018204 0.021380
-0.611897 -0.018346 0.167984 -0.009709 -0.017409 0.017817
-0.609047 -0.013499 0.171074 -0.005895 -0.014143 0.018622
-0.636898 -0.013321 0.176228 -0.008636 -0.012204 0.021852
-0.608206 -0.008802 0.168966 -0.019899 -0.011006 0.025020
-0.608206 -0.008802 0.168966 -0.016164 -0.008201 0.020857
-0.607664 -0.009365 0.170875 -0.011813 -0.007894 0.019416
-0.605814 -0.009677 0.177305 -0.007844 -0.008842 0.022503
-0.638140 -0.002352 0.173571 -0.010582 -0.007569 0.026622
-0.607365 0.002827 0.165760 -0.021929 -0.001097 0.023521
-0.607365 0.002827 0.165760 -0.016988 0.004770 0.015972
-0.638637 0.006527 0.172840 -0.027084 0.008568 0.018576
-0.625845 0.008128 0.168576 -0.031941 0.009968 0.019622
charge: 89%
-0.621307 0.008381 0.163208 -0.030772 0.009641 0.017086
-0.621346 0.008815 0.163035 -0.026694 0.008963 0.012693
-0.621346 0.008815 0.163035 -0.023065 0.008731 0.011281
-0.640445 0.007928 0.164102 -0.030003 0.008017 0.012627
-0.633841 0.011201 0.162140 -0.034600 0.009925 0.012680
-0.607680 0.013200 0.155192 -0.031677 0.012242 0.010151
-0.629265 0.009837 0.162138 -0.021162 0.013257 0.006469
-0.629265 0.009837 0.162138 -0.022677 0.010804 0.010146
-0.611300 0.008680 0.153010 -0.017906 0.008600 0.006688
-0.595131 0.009106 0.153485 -0.004312 0.008046 0.002661
-0.617438 0.005043 0.155801 -0.003163 0.005692 0.003339
-0.615747 0.005766 0.156023 -0.007268 0.004687 0.005417
-0.596901 0.003352 0.153497 -0.003472 0.003319 0.004780
-0.587696 0.002176 0.150191 0.005632 0.001868 0.001416
-0.588715 -0.004823 0.132611 0.013128 0.000014 -0.004357
-0.588715 -0.004823 0.132611 0.016461 -0.005247 -0.018490
-0.608648 -0.013921 0.105108 0.009304 -0.012442 -0.039711
-0.603210 -0.017891 0.077600 0.000305 -0.019267 -0.069395
-0.613076 -0.025351 0.033483 -0.006001 -0.022938 -0.094405
charge: 89%
-0.613076 -0.025351 0.033483 -0.013772 -0.027536 -0.127401
-0.642302 -0.039949 -0.018912 -0.030567 -0.037993 -0.169055
-0.647522 -0.047305 -0.047699 -0.047033 -0.048374 -0.204924
-0.663310 -0.055277 -0.091618 -0.058681 -0.054073 -0.226259
-0.656607 -0.052772 -0.104276 -0.069584 -0.058438 -0.255800
-0.656607 -0.052772 -0.104276 -0.070299 -0.056013 -0.268772
-0.633943 -0.047386 -0.121464 -0.062994 -0.051640 -0.269962
-0.634005 -0.047135 -0.121241 -0.046320 -0.046213 -0.275046
-0.645703 -0.039801 -0.135467 -0.037788 -0.040917 -0.282070
-0.641743 -0.039138 -0.153303 -0.036119 -0.036994 -0.294924
-0.641743 -0.039138 -0.153303 -0.035889 -0.036710 -0.308280
-0.576039 -0.014048 -0.118275 0.000069 -0.016169 -0.279601
-0.563100 -0.011951 -0.114859 0.032313 -0.005946 -0.260021
-0.554892 -0.000076 -0.103999 0.054126 0.000009 -0.250442
-0.545464 0.005443 -0.113594 0.067427 0.006529 -0.251438
-0.545464 0.005443 -0.113594 0.072895 0.009251 -0.260743
-0.513829 0.010524 -0.090193 0.088178 0.012241 -0.246143
-0.511808 0.014362 -0.090763 0.097569 0.015609 -0.237459
-0.513399 0.017578 -0.088993 0.099439 0.018619 -0.234946
-0.503834 0.017813 -0.092006 0.099243 0.019348 -0.237512
charge: 89%
-0.503834 0.017813 -0.092006 0.100148 0.018752 -0.241683
-0.523034 0.016795 -0.096460 0.089656 0.017167 -0.246948
-0.519547 0.010416 -0.100438 0.080986 0.013272 -0.250622
-0.529870 0.010375 -0.103694 0.073339 0.009082 -0.254222
-0.532358 0.010874 -0.089994 0.066241 0.008530 -0.250358
-0.533627 0.010573 -0.082175 0.062240 0.009799 -0.239734
-0.533627 0.010573 -0.082175 0.060793 0.010627 -0.229313
-0.534533 0.010818 -0.076027 0.060996 0.011098 -0.222111
-0.571619 -0.017158 -0.072033 0.052379 -0.001102 -0.219985
-0.571642 -0.023827 -0.059755 0.034791 -0.023044 -0.214331
-0.570114 -0.029778 -0.044970 0.023515 -0.032610 -0.207328
-0.570114 -0.029778 -0.044970 0.019538 -0.036049 -0.193361
-0.570285 -0.033914 -0.035224 0.020035 -0.036909 -0.181471
-0.584886 -0.041831 -0.027010 0.019398 -0.038690 -0.175866
-0.600354 -0.049167 -0.018880 0.011898 -0.045283 -0.170097
-0.600354 -0.049167 -0.018880 0.001377 -0.051502 -0.165576
-0.600827 -0.059785 -0.017244 -0.005060 -0.061256 -0.164532
-0.591529 -0.062310 -0.013650 -0.003134 -0.065920 -0.163103
-0.599966 -0.066669 -0.009707 0.001348 -0.065862 -0.162460
-0.580767 -0.064006 -0.013059 0.001561 -0.067385 -0.159687
charge: 89%
-0.580767 -0.064006 -0.013059 0.011947 -0.065205 -0.161605
-0.575673 -0.071826 -0.016787 0.022429 -0.070533 -0.166399
-0.572195 -0.067526 -0.015282 0.030431 -0.069750 -0.167137
-0.566732 -0.074141 -0.024163 0.035815 -0.071189 -0.170530
-0.575022 -0.075415 -0.031494 0.036253 -0.075244 -0.179258
-0.574573 -0.075090 -0.027057 0.032336 -0.076948 -0.184180
-0.556814 -0.071867 -0.022091 0.029555 -0.076057 -0.180099
-0.556814 -0.071867 -0.022091 0.036586 -0.072404 -0.172584
-0.553740 -0.072745 -0.020465 0.043247 -0.071277 -0.168674
-0.545679 -0.072356 -0.033631 0.050910 -0.071639 -0.175592
-0.554373 -0.069566 -0.030941 0.055984 -0.071583 -0.184108
-0.546121 -0.071542 -0.038940 0.054317 -0.069876 -0.185422
-0.545584 -0.066266 -0.042526 0.055631 -0.069987 -0.190648
-0.545584 -0.066266 -0.042526 0.056164 -0.066465 -0.194558
-0.550370 -0.069507 -0.047162 0.055559 -0.065570 -0.195455
-0.550370 -0.069507 -0.047162 0.052394 -0.068410 -0.197984
-0.533166 -0.071247 -0.058985 0.058834 -0.071473 -0.207907
-0.533531 -0.070827 -0.056121 0.064893 -0.072261 -0.210894
-0.574102 -0.074661 -0.086796 0.064912 -0.072213 -0.213339
-0.563241 -0.071130 -0.093236 0.044193 -0.074456 -0.236316
charge: 89%
-0.563241 -0.071130 -0.093236 0.034108 -0.072326 -0.250408
-0.580436 -0.073809 -0.102146 0.022776 -0.072494 -0.256676
-0.596598 -0.074912 -0.103372 0.008109 -0.074286 -0.258042
-0.597663 -0.073926 -0.097773 -0.003300 -0.075303 -0.255112
-0.597663 -0.073926 -0.097773 -0.008288 -0.074600 -0.248284
-0.611592 -0.075689 -0.140434 -0.013486 -0.075028 -0.271600
-0.611598 -0.072464 -0.144590 -0.017390 -0.073952 -0.298658
-0.616431 -0.071417 -0.151056 -0.019682 -0.071645 -0.310217
-0.613861 -0.075195 -0.162945 -0.020458 -0.071103 -0.311637
-0.634694 -0.077055 -0.166742 -0.019700 -0.074486 -0.316378
-0.634694 -0.077055 -0.166742 -0.029045 -0.077712 -0.319311
-0.615776 -0.076628 -0.143566 -0.026006 -0.077393 -0.303713
-0.615776 -0.076628 -0.143566 -0.020891 -0.077040 -0.290076
-0.613365 -0.075007 -0.138189 -0.015569 -0.075426 -0.283117
-0.607716 -0.072664 -0.135517 -0.009352 -0.072803 -0.281373
-0.573554 -0.067758 -0.119575 -0.000063 -0.070399 -0.279054
-0.573554 -0.067758 -0.119575 0.020070 -0.066812 -0.268836
-0.575462 -0.069584 -0.108859 0.031827 -0.067417 -0.257784
-0.569213 -0.069759 -0.099796 0.037279 -0.069093 -0.251011
-0.559434 -0.069856 -0.092201 0.041072 -0.070145 -0.244306
charge: 89%
-0.559434 -0.069856 -0.092201 0.045441 -0.070376 -0.238768
-0.555014 -0.068524 -0.084072 0.048329 -0.069284 -0.233508
-0.555344 -0.069131 -0.081350 0.049364 -0.068540 -0.230032
-0.523785 -0.072905 -0.075894 0.053330 -0.069678 -0.227668
-0.523785 -0.072905 -0.075894 0.068994 -0.072887 -0.224474
-0.510787 -0.076658 -0.074557 0.085805 -0.076929 -0.223140
-0.510787 -0.076658 -0.074557 0.096487 -0.078420 -0.223425
-0.522004 -0.080579 -0.073734 0.095163 -0.080779 -0.223593
-0.501732 -0.081075 -0.070712 0.100167 -0.082201 -0.221145
-0.482855 -0.080885 -0.059571 0.111973 -0.081911 -0.211406
-0.491600 -0.085270 -0.052760 0.118355 -0.083105 -0.203264
-0.491600 -0.085270 -0.052760 0.117644 -0.085623 -0.198784
-0.486476 -0.087027 -0.046163 0.117451 -0.087730 -0.194220
-0.480945 -0.085608 -0.037155 0.117786 -0.087580 -0.189978
-0.480945 -0.085608 -0.037155 0.119362 -0.086080 -0.184992
-0.487277 -0.086122 -0.031978 0.116698 -0.085695 -0.180140
-0.487484 -0.085800 -0.027769 0.113978 -0.085548 -0.175863
-0.551443 -0.084800 -0.022428 0.095034 -0.085202 -0.173047
-0.551443 -0.084800 -0.022428 0.061141 -0.084655 -0.170682
-0.533066 -0.083099 -0.017424 0.047888 -0.083303 -0.167209
charge: 89%
-0.527780 -0.078845 -0.009525 0.048499 -0.080528 -0.161931
-0.533139 -0.078866 -0.007353 0.054704 -0.077824 -0.156425
-0.544126 -0.077248 -0.011683 0.059624 -0.077311 -0.154996
-0.544126 -0.077248 -0.011683 0.058257 -0.076657 -0.159587
-0.543839 -0.078171 -0.025036 0.057022 -0.077479 -0.172718
-0.544365 -0.074490 -0.015775 0.055878 -0.075406 -0.172399
-0.554073 -0.075259 -0.014764 0.052574 -0.074261 -0.167442
-0.554073 -0.075259 -0.014764 0.047305 -0.074582 -0.163899
-0.571580 -0.073029 -0.015631 0.035022 -0.073304 -0.163835
-0.534633 -0.069436 -0.013054 0.045121 -0.069716 -0.162831
-0.519828 -0.066713 -0.008323 0.060715 -0.067073 -0.160664
-0.526579 -0.064584 -0.004584 0.075784 -0.064637 -0.156277
-0.526579 -0.064584 -0.004584 0.081959 -0.063278 -0.152908
-0.507043 -0.064855 -0.003474 0.094166 -0.063797 -0.151720
-0.543889 -0.062847 -0.006817 0.082410 -0.063066 -0.154894
-0.495572 -0.061185 0.005031 0.080130 -0.061842 -0.152174
-0.493680 -0.062267 0.007683 0.094346 -0.061180 -0.143595
-0.493680 -0.062267 0.007683 0.105590 -0.061784 -0.139274
-0.494796 -0.057156 0.010877 0.111291 -0.058001 -0.136842
-0.494721 -0.056967 0.014616 0.112790 -0.055924 -0.134671
charge: 88%
-0.475754 -0.060441 0.012773 0.113887 -0.056468 -0.134348
-0.473211 -0.060376 0.012576 0.122722 -0.059840 -0.136484
-0.481331 -0.061319 0.015835 0.127561 -0.061632 -0.136873
-0.481331 -0.061319 0.015835 0.126037 -0.062303 -0.134679
-0.477501 -0.062222 0.019199 0.125130 -0.062657 -0.131007
-0.477540 -0.062194 0.018307 0.124106 -0.062553 -0.130106
-0.477467 -0.062063 0.020513 0.123131 -0.062240 -0.129688
-0.477362 -0.061863 0.023377 0.122483 -0.061914 -0.127794
-0.457170 -0.065665 0.036857 0.126401 -0.063036 -0.121263
-0.457170 -0.065665 0.036857 0.137056 -0.065799 -0.111257
-0.456598 -0.065528 0.039750 0.144679 -0.066600 -0.106457
-0.466756 -0.063707 0.045753 0.143795 -0.064920 -0.102485
-0.467712 -0.064340 0.044703 0.139382 -0.063959 -0.102478
-0.458810 -0.061449 0.056118 0.137169 -0.062744 -0.099738
-0.458810 -0.061449 0.056118 0.138735 -0.060967 -0.093022
-0.457303 -0.061672 0.061357 0.141057 -0.060801 -0.086729
-0.456941 -0.061592 0.064075 0.142928 -0.061207 -0.083735
-0.456857 -0.061674 0.064591 0.144040 -0.061611 -0.083417
-0.457066 -0.061731 0.063042 0.144364 -0.061831 -0.085065
charge: 88%
-0.457066 -0.061731 0.063042 0.144124 -0.061862 -0.087059
-0.489671 -0.059327 0.082969 0.125966 -0.059780 -0.071010
-0.489703 -0.059392 0.082732 0.111391 -0.058776 -0.062744
-0.497747 -0.063271 0.088608 0.101026 -0.060474 -0.059892
-0.504202 -0.066927 0.089263 0.092955 -0.064707 -0.058438
-0.504202 -0.066927 0.089263 0.087990 -0.068314 -0.059132
-0.521295 -0.072212 0.093365 0.078980 -0.072846 -0.057178
-0.527672 -0.076680 0.091752 0.071841 -0.075914 -0.056492
-0.527672 -0.076680 0.091752 0.066774 -0.078420 -0.057625
-0.533732 -0.083649 0.087518 0.062202 -0.084134 -0.061948
-0.533511 -0.086730 0.085618 0.060793 -0.088153 -0.065203
-0.545840 -0.092331 0.080219 0.058625 -0.091214 -0.068161
-0.545840 -0.092331 0.080219 0.053904 -0.094090 -0.071256
-0.554470 -0.093463 0.073597 0.048605 -0.094679 -0.074977
-0.553958 -0.092955 0.071694 0.043837 -0.094060 -0.079262
-0.547530 -0.092882 0.066334 0.043797 -0.093081 -0.083080
-0.547853 -0.093411 0.063244 0.047024 -0.092831 -0.087057
-0.547853 -0.093411 0.063244 0.050082 -0.093182 -0.088880
-0.556202 -0.091270 0.055848 0.047543 -0.091576 -0.094728
-0.556559 -0.085070 0.051318 0.045052 -0.087561 -0.098866
charge: 88%
-0.551174 -0.081311 0.049416 0.043540 -0.083315 -0.101134
-0.551174 -0.081311 0.049416 0.045615 -0.079604 -0.102133
-0.551715 -0.074964 0.048669 0.047288 -0.073748 -0.102229
-0.542910 -0.070687 0.044238 0.051570 -0.069932 -0.104255
-0.524604 -0.065107 0.042396 0.062441 -0.065480 -0.107454
-0.524853 -0.065544 0.038451 0.074432 -0.062842 -0.109369
-0.525031 -0.065732 0.035594 0.081062 -0.063625 -0.112684
-0.525411 -0.066034 0.028776 0.082989 -0.065214 -0.115994
-0.525411 -0.066034 0.028776 0.081695 -0.066350 -0.122144
-0.525605 -0.066013 0.025036 0.079070 -0.066565 -0.124913
-0.525605 -0.066013 0.025036 0.076358 -0.066311 -0.126781
-0.497551 -0.034902 0.051439 0.085832 -0.045763 -0.109168
-0.495536 -0.027089 0.066094 0.098547 -0.026019 -0.088773
-0.471944 -0.020936 0.073961 0.112369 -0.015790 -0.072762
-0.486701 -0.020091 0.080454 0.125836 -0.013553 -0.065044
-0.468059 -0.015528 0.085337 0.130126 -0.015075 -0.062100
-0.468059 -0.015528 0.085337 0.137059 -0.014855 -0.061450
-0.466699 -0.011658 0.094055 0.140101 -0.012346 -0.056745
-0.476403 -0.009146 0.104442 0.138014 -0.009903 -0.050398
-0.476403 -0.009146 0.104442 0.131051 -0.008044 -0.043052
charge: 88%
-0.475168 -0.008255 0.110293 0.125790 -0.007446 -0.038081
-0.463632 -0.010560 0.114479 0.124861 -0.008296 -0.035400
-0.463632 -0.010560 0.114479 0.129960 -0.010457 -0.033562
-0.465699 -0.011763 0.116720 0.133476 -0.012171 -0.032422
-0.472817 -0.016292 0.116069 0.132172 -0.015938 -0.032835
-0.471563 -0.018692 0.117319 0.129900 -0.018530 -0.033305
-0.474606 -0.021489 0.119127 0.128098 -0.020790 -0.032375
-0.474606 -0.021489 0.119127 0.125683 -0.022678 -0.030726
-0.485625 -0.021702 0.124110 0.122212 -0.022349 -0.028187
-0.495283 -0.027919 0.122053 0.115652 -0.022322 -0.025183
-0.495283 -0.027919 0.122053 0.106375 -0.027327 -0.026303
-0.483537 -0.030453 0.116952 0.104025 -0.030575 -0.029899
-0.498028 -0.031589 0.116293 0.107681 -0.032195 -0.034024
-0.498028 -0.031589 0.116293 0.103944 -0.032732 -0.035498
-0.498535 -0.034399 0.112932 0.101099 -0.034700 -0.037900
-0.496324 -0.037572 0.108326 0.100303 -0.036756 -0.040489
-0.503581 -0.037736 0.107927 0.099184 -0.038588 -0.043076
-0.503581 -0.037736 0.107927 0.096565 -0.038773 -0.043486
-0.485067 -0.040004 0.098681 0.105637 -0.040205 -0.050860
-0.500906 -0.038010 0.099852 0.107899 -0.039551 -0.053158
charge: 88%
-0.501471 -0.038352 0.096458 0.104313 -0.038279 -0.053810
-0.503404 -0.038835 0.091369 0.100173 -0.038151 -0.056863
-0.503404 -0.038835 0.091369 0.096661 -0.038591 -0.059869
-0.504131 -0.036511 0.094696 0.094378 -0.037109 -0.057663
-0.488945 -0.037694 0.094241 0.097989 -0.036670 -0.055522
-0.502317 -0.035551 0.098643 0.101521 -0.036192 -0.052658
-0.486236 -0.037575 0.095941 0.104309 -0.036100 -0.051236
-0.500455 -0.035670 0.103330 0.110983 -0.037246 -0.052561
-0.500455 -0.035670 0.103330 0.107444 -0.036202 -0.047526
-0.482968 -0.032134 0.103872 0.112920 -0.032550 -0.044762
-0.485526 -0.037208 0.103677 0.116446 -0.033600 -0.044669
-0.498443 -0.035259 0.110548 0.113648 -0.035952 -0.042332
-0.498443 -0.035259 0.110548 0.106842 -0.036054 -0.038624
-0.496879 -0.036135 0.109238 0.102628 -0.036386 -0.038924
-0.499626 -0.037675 0.108563 0.098904 -0.037699 -0.040704
-0.504478 -0.041478 0.110654 0.095974 -0.039815 -0.040862
-0.500369 -0.044406 0.106712 0.094385 -0.043403 -0.041175
-0.512226 -0.042477 0.106905 0.092534 -0.045024 -0.043237
-0.512226 -0.042477 0.106905 0.088178 -0.043746 -0.043857
-0.511262 -0.044062 0.103912 0.086015 -0.043373 -0.045203
charge: 88%
-0.511829 -0.044950 0.102689 0.085566 -0.044238 -0.047149
-0.517001 -0.045420 0.102729 0.084376 -0.045372 -0.048167
-0.517001 -0.045420 0.102729 0.082533 -0.045887 -0.047997
-0.521407 -0.043540 0.101908 0.079147 -0.044158 -0.048224
-0.518606 -0.039385 0.104046 0.078458 -0.040139 -0.046666
-0.517022 -0.039742 0.104090 0.079513 -0.038130 -0.045514
-0.518865 -0.036872 0.103251 0.080877 -0.037436 -0.045615
-0.519336 -0.034294 0.103208 0.081182 -0.035117 -0.046518
-0.519336 -0.034294 0.103208 0.081127 -0.033322 -0.047011
-0.506792 -0.027537 0.102227 0.087788 -0.027587 -0.047881
-0.518604 -0.021644 0.106720 0.089901 -0.022809 -0.046186
-0.505847 -0.018215 0.102635 0.090119 -0.017819 -0.044814
-0.519527 -0.015588 0.107941 0.089506 -0.014362 -0.044029
-0.519527 -0.015588 0.107941 0.084578 -0.013397 -0.041681
-0.517663 -0.008993 0.112923 0.081821 -0.008814 -0.036885
-0.529124 -0.003577 0.120359 0.079802 -0.006618 -0.034447
-0.516209 0.000424 0.120456 0.074702 -0.001791 -0.028727
-0.534336 0.000655 0.122894 0.076480 0.002265 -0.026891
-0.526329 0.003512 0.120585 0.069789 0.002975 -0.025821
-0.531446 0.006512 0.126519 0.069048 0.004783 -0.027306
charge: 88%
-0.531446 0.006512 0.126519 0.067165 0.007227 -0.024045
-0.529534 0.004130 0.126355 0.067185 0.006327 -0.022637
-0.625331 0.014199 0.142672 0.062568 0.005383 -0.021119
-0.625479 0.014054 0.142033 0.010144 0.012920 -0.008167
-0.625479 0.014054 0.142033 -0.027863 0.016252 -0.003571
-0.542183 0.000470 0.131869 -0.016162 0.007852 -0.010725
-0.555406 -0.004370 0.134762 0.014619 -0.003931 -0.017257
-0.564124 -0.009764 0.128399 0.034533 -0.012156 -0.021626
-0.548279 -0.014893 0.117704 0.045543 -0.014957 -0.025131
-0.548279 -0.014893 0.117704 0.057564 -0.017298 -0.033478
-0.554568 -0.016486 0.119239 0.059978 -0.017758 -0.034773
-0.534425 -0.015152 0.118711 0.059227 -0.017076 -0.032814
-0.534425 -0.015152 0.118711 0.065534 -0.015365 -0.031344
-0.535278 -0.019799 0.124609 0.068511 -0.018521 -0.025840
-0.540312 -0.023722 0.128632 0.066641 -0.023501 -0.020409
-0.511182 -0.022966 0.126043 0.076243 -0.025104 -0.020602
-0.530549 -0.020700 0.135125 0.078193 -0.022697 -0.016246
-0.561533 -0.008799 0.144364 0.070122 -0.016974 -0.010496
-0.561533 -0.008799 0.144364 0.050483 -0.007410 -0.003479
charge: 87%
-0.524006 -0.016936 0.140970 0.056015 -0.011339 -0.004963
-0.507056 -0.011927 0.139232 0.074316 -0.012313 -0.009410
-0.510637 -0.015331 0.137306 0.088304 -0.014474 -0.013123
-0.530108 -0.008892 0.136501 0.091782 -0.013903 -0.014682
-0.513821 -0.004450 0.133853 0.086282 -0.008270 -0.015370
-0.513821 -0.004450 0.133853 0.087098 -0.002940 -0.016706
-0.513149 -0.001414 0.132103 0.087627 0.000411 -0.018198
-0.530757 0.004959 0.136815 0.079579 0.005353 -0.015208
-0.530757 0.004959 0.136815 0.071311 0.007347 -0.012608
-0.531794 0.006978 0.133300 0.065702 0.008346 -0.014963
-0.521722 0.009098 0.131832 0.069032 0.009782 -0.018174
-0.520563 0.009910 0.132840 0.073957 0.010601 -0.018443
-0.531941 0.009816 0.133459 0.072208 0.010412 -0.017286
-0.536222 0.013936 0.132487 0.068395 0.012155 -0.016921
-0.536935 0.014095 0.129549 0.064243 0.014553 -0.018834
-0.536595 0.014371 0.130923 0.061590 0.015195 -0.020792
-0.564180 0.010478 0.140321 0.058244 0.014431 -0.018709
-0.564180 0.010478 0.140321 0.043197 0.010818 -0.010203
-0.569563 0.006946 0.139786 0.031005 0.007165 -0.007172
-0.556430 0.003700 0.137551 0.028249 0.003446 -0.009215
charge: 87%
-0.570271 -0.004408 0.140399 0.031271 0.000599 -0.011739
-0.565890 -0.011049 0.132953 0.029119 -0.006138 -0.011389
-0.565890 -0.011049 0.132953 0.030489 -0.013228 -0.016595
-0.571188 -0.022504 0.130267 0.030177 -0.021484 -0.020369
-0.564109 -0.025083 0.127773 0.029681 -0.026835 -0.022049
-0.564109 -0.025083 0.127773 0.032927 -0.028389 -0.023403
-0.568119 -0.037693 0.123177 0.033300 -0.037569 -0.027048
-0.585704 -0.050183 0.121422 0.026856 -0.048264 -0.029303
-0.585283 -0.060366 0.121247 0.017770 -0.055985 -0.029946
-0.585283 -0.060366 0.121247 0.012135 -0.064065 -0.029520
-0.569189 -0.068548 0.115982 0.016336 -0.070115 -0.032348
-0.568230 -0.067462 0.121208 0.024397 -0.071562 -0.031710
-0.592323 -0.086372 0.112719 0.027962 -0.073289 -0.030808
-0.592323 -0.086372 0.112719 0.018499 -0.086334 -0.036416
-0.593385 -0.094462 0.111703 0.010104 -0.095635 -0.039514
-0.577552 -0.095861 0.108625 0.006371 -0.099681 -0.040660
-0.565365 -0.092910 0.110497 0.013659 -0.098788 -0.041980
-0.585284 -0.096209 0.113156 0.025210 -0.094567 -0.040242
-0.585284 -0.096209 0.113156 0.023183 -0.094906 -0.036903
-0.571587 -0.091539 0.110252 0.023089 -0.093972 -0.036805
charge: 87%
-0.557839 -0.089880 0.104376 0.028716 -0.090940 -0.040254
-0.557839 -0.089880 0.104376 0.038778 -0.088815 -0.046120
-0.555521 -0.082611 0.112347 0.046096 -0.083942 -0.042734
-0.557282 -0.077045 0.108243 0.049714 -0.079809 -0.038295
-0.544686 -0.065732 0.113169 0.050867 -0.073007 -0.038829
-0.544686 -0.065732 0.113169 0.055820 -0.063460 -0.036614
-0.544400 -0.054613 0.118872 0.058480 -0.055051 -0.032704
-0.531089 -0.044865 0.122804 0.061188 -0.047818 -0.028606
-0.531089 -0.044865 0.122804 0.067846 -0.041162 -0.025369
-0.507710 -0.034974 0.123588 0.080910 -0.035297 -0.025159
-0.514805 -0.030385 0.132037 0.092912 -0.031450 -0.024772
-0.514805 -0.030385 0.132037 0.095422 -0.028213 -0.018354
-0.491326 -0.024688 0.135515 0.103017 -0.024852 -0.013698
-0.503136 -0.021077 0.145099 0.109896 -0.022134 -0.010161
-0.503136 -0.021077 0.145099 0.107227 -0.019637 -0.003403
-0.484316 -0.018304 0.151716 0.109665 -0.018013 0.001901
-0.490259 -0.020309 0.160108 0.114486 -0.017517 0.005869
-0.490259 -0.020309 0.160108 0.114281 -0.019505 0.011966
-0.495496 -0.022502 0.169025 0.112026 -0.021340 0.015694
-0.498723 -0.023990 0.173799 0.107355 -0.023402 0.021726
charge: 87%
-0.486971 -0.027220 0.174039 0.103758 -0.025515 0.026396
-0.509465 -0.026309 0.183581 0.104504 -0.027902 0.028637
-0.509465 -0.026309 0.183581 0.095585 -0.027591 0.034733
-0.514253 -0.030071 0.182532 0.087304 -0.029326 0.035514
-0.518939 -0.033655 0.185198 0.080213 -0.032910 0.035572
-0.546761 -0.033518 0.189218 0.071892 -0.035040 0.036695
-0.554014 -0.032252 0.192877 0.054996 -0.034622 0.040270
-0.554014 -0.032252 0.192877 0.041605 -0.032759 0.044001
-0.549432 -0.031087 0.183225 0.037485 -0.030987 0.037999
-0.547536 -0.031411 0.188763 0.039867 -0.030519 0.035788
-0.558720 -0.025440 0.167210 0.042689 -0.029145 0.030959
-0.559025 -0.025520 0.166176 0.041343 -0.025133 0.016039
-0.590020 -0.012747 0.157050 0.037651 -0.022033 0.009149
-0.590020 -0.012747 0.157050 0.020124 -0.012137 0.003076
-0.590951 -0.014169 0.153383 0.007679 -0.009504 0.001810
-0.564454 0.007514 0.138058 0.005842 -0.005180 -0.002984
-0.586844 0.016952 0.140163 0.011961 0.013305 -0.012438
-0.556055 0.030668 0.130377 0.015699 0.026419 -0.015880
-0.563773 0.039271 0.128495 0.031765 0.039174 -0.022225
-0.563773 0.039271 0.128495 0.039870 0.045853 -0.024524
charge: 87%
-0.535958 0.051875 0.122237 0.056954 0.054042 -0.028372
-0.522920 0.061790 0.118943 0.071434 0.058831 -0.030543
-0.522920 0.061790 0.118943 0.083877 0.064654 -0.032410
-0.505770 0.071499 0.120408 0.097250 0.072505 -0.031157
-0.493058 0.076402 0.124245 0.109756 0.078443 -0.027205
-0.482235 0.080749 0.127627 0.118343 0.080752 -0.023855
-0.466826 0.077154 0.131128 0.127864 0.081771 -0.020070
-0.466826 0.077154 0.131128 0.138079 0.078558 -0.017173
-0.469963 0.078400 0.138813 0.140877 0.077488 -0.011524
-0.453509 0.072210 0.138300 0.147386 0.072980 -0.009147
-0.452823 0.064056 0.143142 0.151513 0.070170 -0.009585
-0.452823 0.064056 0.143142 0.152805 0.063310 -0.006800
-0.449880 0.055712 0.144810 0.153535 0.054586 -0.004495
-0.452525 0.040983 0.143887 0.151684 0.039476 -0.004793
-0.459626 0.028369 0.144157 0.145845 0.024547 -0.005478
-0.456620 0.009023 0.139645 0.141787 0.012555 -0.007898
-0.457701 -0.000583 0.139550 0.140276 -0.001167 -0.011089
-0.457701 -0.000583 0.139550 0.139784 -0.007662 -0.011875
-0.460042 -0.018990 0.135083 0.138913 -0.021248 -0.015062
-0.474475 -0.034761 0.134947 0.131599 -0.037223 -0.016303
charge: 87%
-0.476026 -0.051363 0.130715 0.124890 -0.049588 -0.017865
-0.475928 -0.050661 0.131345 0.120751 -0.057843 -0.019773
-0.475928 -0.050661 0.131345 0.119400 -0.056438 -0.019681
-0.487357 -0.070545 0.132702 0.113997 -0.068507 -0.017952
-0.488935 -0.076341 0.130001 0.109469 -0.079606 -0.019163
-0.520055 -0.087248 0.133438 0.100003 -0.086021 -0.018797
-0.520055 -0.087248 0.133438 0.083582 -0.091225 -0.016660
-0.511420 -0.087362 0.130475 0.078377 -0.090841 -0.018321
-0.514102 -0.085101 0.131835 0.077375 -0.087273 -0.018848
-0.541489 -0.082216 0.131924 0.070688 -0.083047 -0.018425
-0.541489 -0.082216 0.131924 0.059423 -0.080550 -0.018052
-0.527920 -0.076835 0.127639 0.060426 -0.076126 -0.021525
-0.523584 -0.066173 0.131400 0.066529 -0.066294 -0.020317
-0.526065 -0.058131 0.131084 0.071881 -0.058444 -0.018889
-0.543848 -0.050176 0.136379 0.069678 -0.050242 -0.015897
-0.543848 -0.050176 0.136379 0.062034 -0.045905 -0.012579
-0.542888 -0.034720 0.140673 0.056862 -0.033396 -0.008261
-0.543625 -0.035891 0.137497 0.053897 -0.030256 -0.008871
-0.569368 -0.014514 0.151062 0.048215 -0.026327 -0.007759
-0.558821 -0.011129 0.145610 0.037584 -0.011640 -0.001470
charge: 87%
-0.558821 -0.011129 0.145610 0.034614 -0.005446 -0.001949
-0.588224 -0.000064 0.149054 0.019539 0.002316 -0.000792
-0.592731 0.002569 0.143615 0.007916 0.004485 -0.001158
-0.592596 0.005175 0.138353 0.000252 0.005333 -0.006827
-0.595022 0.010316 0.134192 -0.002700 0.008669 -0.015016
-0.569564 0.014140 0.119946 -0.000368 0.012285 -0.021259
-0.596223 0.013979 0.117229 0.014992 0.015658 -0.032510
-0.596223 0.013979 0.117229 0.012621 0.015833 -0.037447
-0.571062 0.013438 0.103171 0.018570 0.014472 -0.045049
-0.573120 0.013082 0.091100 0.027163 0.013237 -0.052947
-0.573120 0.013082 0.091100 0.031247 0.012615 -0.062296
-0.573990 0.013609 0.085364 0.032001 0.012967 -0.066909
-0.540628 0.010403 0.099657 0.033707 0.013066 -0.065884
-0.536289 0.010281 0.104986 0.050504 0.010689 -0.052118
-0.536289 0.010281 0.104986 0.064349 0.009563 -0.041566
-0.533399 0.002877 0.109748 0.072809 0.005060 -0.036907
-0.508332 -0.002923 0.113685 0.077592 0.000671 -0.036232
-0.508332 -0.002923 0.113685 0.090881 -0.004576 -0.034983
-0.515063 -0.013639 0.124585 0.095378 -0.012894 -0.027781
charge: 87%
-0.516292 -0.019197 0.129509 0.094357 -0.018370 -0.021859
-0.505610 -0.025078 0.140092 0.092580 -0.023946 -0.014571
-0.517977 -0.033180 0.145689 0.092239 -0.030340 -0.005159
-0.517977 -0.033180 0.145689 0.086609 -0.036140 -0.000018
-0.527123 -0.039552 0.156444 0.077844 -0.041365 0.007549
-0.527106 -0.045061 0.163777 0.071314 -0.044140 0.012356
-0.527106 -0.045061 0.163777 0.068187 -0.046925 0.016577
-0.520948 -0.048063 0.161652 0.070920 -0.049237 0.014732
-0.561770 -0.048148 0.172124 0.063870 -0.049518 0.016748
-0.561558 -0.048766 0.172640 0.046103 -0.049097 0.022810
-0.561558 -0.048766 0.172640 0.034445 -0.048865 0.024978
-0.590759 -0.041438 0.167919 0.012551 -0.042336 0.020262
-0.590209 -0.041632 0.169794 0.000065 -0.039629 0.018762
-0.629502 -0.027539 0.165597 -0.014622 -0.033693 0.017035
-0.638317 -0.021606 0.156689 -0.035310 -0.023283 0.011729
-0.649375 -0.007562 0.159829 -0.050169 -0.015196 0.005423
-0.660494 -0.000652 0.157716 -0.062616 -0.002445 0.006051
-0.674206 0.014738 0.148079 -0.072261 0.006366 0.005792
-0.674206 0.014738 0.148079 -0.081823 0.018585 -0.001431
-0.674469 0.014041 0.146944 -0.085108 0.020244 -0.005049
charge: 87%
-0.691341 0.050388 0.135783 -0.085612 0.022542 -0.006960
-0.676678 0.059075 0.127155 -0.091414 0.049637 -0.015248
-0.676678 0.059075 0.127155 -0.086396 0.067309 -0.025077
-0.677822 0.059647 0.120629 -0.081523 0.069140 -0.031271
-0.628561 0.080581 0.123659 -0.060636 0.076179 -0.031449
-0.603007 0.089511 0.123992 -0.032100 0.085545 -0.028030
-0.603007 0.089511 0.123992 -0.002120 0.093555 -0.025526
-0.603226 0.100216 0.127407 0.013834 0.102645 -0.022169
-0.606806 0.099631 0.109624 0.016508 0.104474 -0.032686
-0.610063 0.099724 0.089642 0.010366 0.102261 -0.053376
-0.610063 0.099724 0.089642 0.001129 0.099986 -0.068010
-0.522252 0.113571 0.168644 0.043100 0.111086 0.000119
-0.504429 0.112776 0.181047 0.081915 0.116045 0.043041
-0.476326 0.107569 0.198136 0.117787 0.113061 0.061863
-0.485994 0.104387 0.175011 0.141773 0.107313 0.058572
-0.487926 0.104456 0.169507 0.144913 0.102741 0.031294
-0.487926 0.104456 0.169507 0.137364 0.102131 0.013091
-0.434458 0.091029 0.249481 0.146915 0.095080 0.059209
-0.429861 0.086496 0.257956 0.164736 0.085938 0.114114
-0.430493 0.077624 0.266317 0.176232 0.077312 0.136102
charge: 87%
-0.428120 0.065090 0.269912 0.180759 0.071917 0.133843
-0.428120 0.065090 0.269912 0.181520 0.062598 0.125785
-0.436919 0.056022 0.273387 0.176022 0.055186 0.121557
-0.443416 0.050990 0.272189 0.165942 0.048629 0.120765
-0.449449 0.041830 0.260926 0.155214 0.041927 0.114787
-0.449449 0.041830 0.260926 0.147363 0.038193 0.108800
-0.469630 0.035630 0.253826 0.132456 0.033594 0.101719
-0.487324 0.028414 0.235196 0.121151 0.031359 0.095810
-0.499896 0.023987 0.223410 0.107083 0.026223 0.080653
-0.517955 0.020130 0.211184 0.089098 0.020103 0.062125
-0.541186 0.018467 0.194520 0.072458 0.017018 0.050350
-0.544744 0.017886 0.176082 0.053449 0.016278 0.036531
-0.565124 0.017033 0.164811 0.041384 0.016719 0.019349
-0.565124 0.017033 0.164811 0.027444 0.016834 0.007493
-0.562755 0.013310 0.138011 0.022606 0.015035 -0.006532
-0.581573 0.009688 0.116085 0.022514 0.012254 -0.022213
-0.572499 0.007823 0.097540 0.016962 0.008620 -0.042268
-0.572499 0.007823 0.097540 0.019258 0.006347 -0.060437
-0.578195 0.009633 0.078297 0.020525 0.007509 -0.074004
-0.578663 0.009634 0.074765 0.020743 0.009400 -0.081881
charge: 87%
-0.594897 -0.000185 0.050965 0.019986 0.009235 -0.083656
-0.580186 0.000339 0.049789 0.011562 0.001017 -0.099796
-0.580186 0.000339 0.049789 0.013446 -0.002184 -0.106152
-0.606153 -0.005517 0.050394 0.006999 -0.005176 -0.104583
-0.598715 -0.008780 0.045766 -0.002464 -0.007913 -0.101922
-0.586107 -0.011861 0.043462 -0.004000 -0.010526 -0.103715
-0.586107 -0.011861 0.043462 0.003411 -0.013076 -0.106640
-0.546509 -0.012164 0.046252 0.025311 -0.013459 -0.105924
-0.570575 -0.015409 0.047655 0.040022 -0.014853 -0.103185
-0.562528 -0.018565 0.044521 0.045320 -0.017874 -0.103319
-0.519183 -0.017366 0.046791 0.054919 -0.019449 -0.104405
-0.512614 -0.022540 0.053986 0.077377 -0.019543 -0.102145
-0.512614 -0.022540 0.053986 0.093887 -0.022633 -0.095928
-0.536022 -0.025170 0.060447 0.091569 -0.025401 -0.089538
-0.512294 -0.028517 0.062359 0.091057 -0.028850 -0.085250
-0.522083 -0.034901 0.072794 0.090354 -0.031768 -0.082369
-0.522083 -0.034901 0.072794 0.084365 -0.036182 -0.075807
-0.513773 -0.036798 0.083057 0.083248 -0.038394 -0.066784
-0.530325 -0.047120 0.091866 0.081498 -0.040937 -0.060732
-0.530325 -0.047120 0.091866 0.073511 -0.047952 -0.054931
charge: 86%
-0.511673 -0.050378 0.096394 0.078762 -0.052817 -0.050793
-0.534620 -0.059521 0.103841 0.072902 -0.060141 -0.045252
-0.537406 -0.069033 0.112037 0.065156 -0.070534 -0.036815
-0.550470 -0.073556 0.116921 0.053765 -0.077187 -0.030425
-0.549356 -0.079838 0.120253 0.046353 -0.082496 -0.026880
-0.555018 -0.086222 0.124655 0.042170 -0.085661 -0.025403
-0.571563 -0.091347 0.131801 0.036110 -0.090163 -0.021505
-0.571563 -0.091347 0.131801 0.027366 -0.093569 -0.016633
-0.584002 -0.098226 0.135119 0.016465 -0.099008 -0.013143
-0.609678 -0.103383 0.139967 -0.001897 -0.104509 -0.009257
-0.621206 -0.105887 0.143700 -0.018361 -0.107162 -0.006519
-0.620826 -0.105837 0.145368 -0.030194 -0.107845 -0.004089
-0.620826 -0.105837 0.145368 -0.034062 -0.106895 -0.003182
-0.661936 -0.113336 0.145789 -0.054983 -0.112217 -0.003359
-0.671784 -0.119721 0.140679 -0.073706 -0.119820 -0.007839
-0.697674 -0.120745 0.139133 -0.086187 -0.122982 -0.010824
-0.705680 -0.121788 0.133981 -0.104753 -0.123470 -0.014331
-0.718545 -0.119708 0.124041 -0.118548 -0.122346 -0.020074
-0.719498 -0.116563 0.116053 -0.129277 -0.118813 -0.030714
-0.719498 -0.116563 0.116053 -0.132710 -0.115548 -0.038140
charge: 86%
-0.735400 -0.110756 0.105421 -0.137570 -0.111190 -0.045261
-0.735407 -0.110943 0.105174 -0.141187 -0.108887 -0.048708
-0.736265 -0.112568 0.097134 -0.141799 -0.109848 -0.050438
-0.736477 -0.112925 0.095096 -0.140877 -0.112248 -0.054810
-0.736477 -0.112925 0.095096 -0.139254 -0.113588 -0.056893
-0.747050 -0.078614 0.068016 -0.142535 -0.088622 -0.076243
-0.715952 -0.067140 0.058211 -0.130954 -0.062521 -0.096018
-0.743982 -0.051429 0.057854 -0.124997 -0.049877 -0.101262
-0.704933 -0.043125 0.050668 -0.126740 -0.040848 -0.099623
-0.704933 -0.043125 0.050668 -0.112705 -0.036976 -0.100576
-0.715862 -0.030759 0.053081 -0.108369 -0.029721 -0.098332
-0.679597 -0.020623 0.056602 -0.097807 -0.022189 -0.094870
-0.710187 -0.008257 0.065277 -0.093063 -0.009280 -0.086860
-0.710860 -0.008207 0.057495 -0.098695 -0.002509 -0.085412
-0.710860 -0.008207 0.057495 -0.105097 -0.003432 -0.090402
-0.619183 0.019059 0.090388 -0.057943 0.017189 -0.064759
-0.652241 0.029156 0.115258 -0.031787 0.030546 -0.040556
-0.651666 0.029907 0.118283 -0.028114 0.036633 -0.022617
-0.655921 0.027561 0.092528 -0.033546 0.033837 -0.033483
charge: 86%
-0.655921 0.027561 0.092528 -0.043125 0.028734 -0.055917
-0.616054 0.046068 0.155136 -0.029625 0.041500 -0.013598
-0.616054 0.046068 0.155136 -0.018368 0.049053 0.013723
-0.598713 0.052527 0.178734 -0.006006 0.053396 0.030860
-0.587962 0.049616 0.185591 0.008347 0.054041 0.042714
-0.578437 0.049686 0.200383 0.019143 0.051170 0.044674
-0.578437 0.049686 0.200383 0.028424 0.049285 0.052821
-0.581655 0.049630 0.205215 0.029818 0.048797 0.058517
-0.582588 0.050844 0.202249 0.027307 0.049587 0.057454
-0.576263 0.044840 0.220535 0.024081 0.049367 0.057939
-0.565572 0.034321 0.220950 0.024686 0.043617 0.069957
-0.562053 0.030836 0.218524 0.030736 0.032828 0.074596
-0.562053 0.030836 0.218524 0.036868 0.026883 0.072050
-0.558867 0.032012 0.226385 0.041880 0.027895 0.074497
-0.541081 0.019171 0.212422 0.050437 0.024039 0.069843
-0.553842 0.013861 0.211925 0.058392 0.016739 0.061534
-0.544637 0.008061 0.206235 0.057111 0.010234 0.057812
-0.544637 0.008061 0.206235 0.058377 0.005118 0.054073
-0.535814 0.003126 0.201552 0.061626 0.002004 0.051146
-0.550516 0.001333 0.200913 0.059885 -0.000076 0.049398
charge: 86%
-0.537627 -0.004327 0.195204 0.055435 -0.001087 0.048722
-0.537411 -0.004240 0.195799 0.058269 -0.004817 0.044986
-0.537411 -0.004240 0.195799 0.061017 -0.005791 0.044285
-0.536925 -0.008267 0.196590 0.063114 -0.007687 0.045410
-0.536607 -0.007823 0.192613 0.064347 -0.009092 0.045621
-0.537372 -0.007761 0.190471 0.064815 -0.008739 0.042868
-0.537372 -0.007761 0.190471 0.064267 -0.008019 0.039878
-0.563108 -0.007795 0.192572 0.050910 -0.007635 0.040768
-0.571484 -0.004983 0.190337 0.035011 -0.005648 0.040717
-0.573176 -0.006904 0.186270 0.023222 -0.005624 0.037464
-0.583374 -0.006831 0.185682 0.015804 -0.006518 0.035059
-0.582266 -0.006945 0.189123 0.009868 -0.007029 0.035115
-0.582266 -0.006945 0.189123 0.009006 -0.007191 0.038355
-0.609387 -0.004430 0.178956 -0.001719 -0.005268 0.032545
-0.613121 -0.004116 0.173886 -0.012982 -0.003688 0.024116
-0.628384 -0.000591 0.172590 -0.022630 -0.002135 0.020064
-0.627716 -0.001450 0.174999 -0.032451 -0.000129 0.020421
-0.627716 -0.001450 0.174999 -0.036377 -0.000393 0.023821
-0.641613 0.002233 0.162079 -0.042655 0.001579 0.016300
-0.646110 0.001622 0.154622 -0.048781 0.002487 0.004750
charge: 86%
-0.646110 0.001622 0.154622 -0.051697 0.002259 0.000003
-0.660940 0.005195 0.153315 -0.060237 0.004916 -0.000115
-0.672279 0.009207 0.150097 -0.071520 0.009530 -0.000940
-0.669004 0.012219 0.142960 -0.076164 0.013415 -0.006359
-0.669173 0.012160 0.142175 -0.076764 0.014164 -0.009561
-0.668683 0.011456 0.144518 -0.074937 0.012909 -0.008599
-0.668157 0.010880 0.146973 -0.072080 0.011257 -0.005058
-0.668157 0.010880 0.146973 -0.069384 0.010327 -0.002100
-0.669111 0.010990 0.142559 -0.068135 0.010415 -0.005434
-0.683390 0.024383 0.115837 -0.075098 0.021548 -0.029286
-0.683274 0.028786 0.111072 -0.081521 0.029611 -0.043747
-0.683430 0.028599 0.110158 -0.085501 0.032751 -0.047374
-0.683430 0.028599 0.110158 -0.087142 0.031394 -0.044404
-0.682260 0.028859 0.099969 -0.086414 0.029478 -0.049191
-0.698371 0.025730 0.099771 -0.092798 0.026029 -0.051737
-0.682563 0.025078 0.098962 -0.094317 0.024164 -0.052124
-0.682784 0.025804 0.097233 -0.089254 0.023986 -0.051946
-0.682784 0.025804 0.097233 -0.084844 0.025188 -0.052830
-0.689454 0.018602 0.103498 -0.084810 0.021001 -0.048776
-0.689638 0.018696 0.102248 -0.086615 0.017488 -0.045973
charge: 85%
-0.680219 0.007439 0.104191 -0.086468 0.013092 -0.045581
-0.680219 0.007439 0.104191 -0.082787 0.005779 -0.045160
-0.643352 0.000246 0.105376 -0.063011 -0.001116 -0.044526
-0.623416 -0.002314 0.110246 -0.039315 -0.004415 -0.042147
-0.633636 -0.005622 0.110313 -0.021429 -0.006277 -0.038950
-0.648396 -0.004411 0.125007 -0.020682 -0.006644 -0.031814
-0.631972 -0.006887 0.119258 -0.026806 -0.006085 -0.024481
-0.631972 -0.006887 0.119258 -0.028123 -0.006886 -0.026771
-0.648738 -0.008063 0.138216 -0.038085 -0.008076 -0.015382
-0.644139 -0.008293 0.148670 -0.044895 -0.008735 -0.000138